{"/Users/Joesonw/t2ee/vader/test-dist/src/index.js":{"path":"/Users/Joesonw/t2ee/vader/test-dist/src/index.js","s":{"1":1,"2":1,"3":1,"4":1,"5":1,"6":1,"7":1,"8":1,"9":1,"10":1,"11":1,"12":1,"13":1,"14":1,"15":1,"16":1,"17":1,"18":1,"19":1,"20":1,"21":1,"22":1,"23":1,"24":1,"25":1,"26":1,"27":1,"28":1,"29":1,"30":1,"31":1,"32":1,"33":1,"34":1,"35":1},"b":{},"f":{},"fnMap":{},"statementMap":{"1":{"start":{"line":2,"column":0},"end":{"line":2,"column":36}},"2":{"start":{"line":3,"column":0},"end":{"line":3,"column":66}},"3":{"start":{"line":4,"column":0},"end":{"line":4,"column":66}},"4":{"start":{"line":5,"column":0},"end":{"line":5,"column":46}},"5":{"start":{"line":6,"column":0},"end":{"line":6,"column":56}},"6":{"start":{"line":7,"column":0},"end":{"line":7,"column":42}},"7":{"start":{"line":8,"column":0},"end":{"line":8,"column":54}},"8":{"start":{"line":9,"column":0},"end":{"line":16,"column":2}},"9":{"start":{"line":17,"column":0},"end":{"line":17,"column":54}},"10":{"start":{"line":18,"column":0},"end":{"line":18,"column":50}},"11":{"start":{"line":19,"column":0},"end":{"line":19,"column":50}},"12":{"start":{"line":20,"column":0},"end":{"line":20,"column":48}},"13":{"start":{"line":21,"column":0},"end":{"line":21,"column":42}},"14":{"start":{"line":22,"column":0},"end":{"line":22,"column":44}},"15":{"start":{"line":23,"column":0},"end":{"line":23,"column":58}},"16":{"start":{"line":24,"column":0},"end":{"line":24,"column":48}},"17":{"start":{"line":25,"column":0},"end":{"line":25,"column":48}},"18":{"start":{"line":26,"column":0},"end":{"line":26,"column":50}},"19":{"start":{"line":27,"column":0},"end":{"line":27,"column":44}},"20":{"start":{"line":28,"column":0},"end":{"line":28,"column":42}},"21":{"start":{"line":29,"column":0},"end":{"line":29,"column":46}},"22":{"start":{"line":30,"column":0},"end":{"line":30,"column":44}},"23":{"start":{"line":31,"column":0},"end":{"line":31,"column":54}},"24":{"start":{"line":32,"column":0},"end":{"line":32,"column":50}},"25":{"start":{"line":33,"column":0},"end":{"line":33,"column":56}},"26":{"start":{"line":34,"column":0},"end":{"line":52,"column":2}},"27":{"start":{"line":53,"column":0},"end":{"line":53,"column":45}},"28":{"start":{"line":54,"column":0},"end":{"line":54,"column":51}},"29":{"start":{"line":55,"column":0},"end":{"line":55,"column":49}},"30":{"start":{"line":56,"column":0},"end":{"line":56,"column":49}},"31":{"start":{"line":57,"column":0},"end":{"line":57,"column":43}},"32":{"start":{"line":58,"column":0},"end":{"line":58,"column":43}},"33":{"start":{"line":59,"column":0},"end":{"line":66,"column":2}},"34":{"start":{"line":67,"column":0},"end":{"line":67,"column":51}},"35":{"start":{"line":68,"column":0},"end":{"line":70,"column":2}}},"branchMap":{}},"/Users/Joesonw/t2ee/vader/test-dist/src/core/AbstractMiddleware.js":{"path":"/Users/Joesonw/t2ee/vader/test-dist/src/core/AbstractMiddleware.js","s":{"1":1,"2":1},"b":{},"f":{},"fnMap":{},"statementMap":{"1":{"start":{"line":4,"column":0},"end":{"line":4,"column":62}},"2":{"start":{"line":5,"column":0},"end":{"line":5,"column":37}}},"branchMap":{}},"/Users/Joesonw/t2ee/vader/test-dist/src/core/ControllerProperty.js":{"path":"/Users/Joesonw/t2ee/vader/test-dist/src/core/ControllerProperty.js","s":{"1":7,"2":7,"3":7,"4":1,"5":1},"b":{},"f":{"1":7},"fnMap":{"1":{"name":"(anonymous_1)","line":3,"loc":{"start":{"line":3,"column":15},"end":{"line":3,"column":18}}}},"statementMap":{"1":{"start":{"line":4,"column":8},"end":{"line":4,"column":24}},"2":{"start":{"line":5,"column":8},"end":{"line":5,"column":25}},"3":{"start":{"line":6,"column":8},"end":{"line":6,"column":25}},"4":{"start":{"line":9,"column":0},"end":{"line":9,"column":62}},"5":{"start":{"line":10,"column":0},"end":{"line":10,"column":37}}},"branchMap":{}},"/Users/Joesonw/t2ee/vader/test-dist/src/core/Response.js":{"path":"/Users/Joesonw/t2ee/vader/test-dist/src/core/Response.js","s":{"1":43,"2":43,"3":43,"4":43,"5":43,"6":43,"7":4,"8":13,"9":0,"10":0,"11":0,"12":13,"13":1,"14":26,"15":13,"16":13,"17":13,"18":13,"19":13,"20":13,"21":13,"22":13,"23":0,"24":13,"25":1,"26":1},"b":{},"f":{"1":43,"2":4,"3":13,"4":0,"5":13,"6":26,"7":13,"8":13,"9":13,"10":13},"fnMap":{"1":{"name":"(anonymous_1)","line":3,"loc":{"start":{"line":3,"column":15},"end":{"line":3,"column":39}}},"2":{"name":"(anonymous_2)","line":11,"loc":{"start":{"line":11,"column":10},"end":{"line":11,"column":17}}},"3":{"name":"(anonymous_3)","line":14,"loc":{"start":{"line":14,"column":10},"end":{"line":14,"column":19}}},"4":{"name":"(anonymous_4)","line":17,"loc":{"start":{"line":17,"column":7},"end":{"line":17,"column":20}}},"5":{"name":"(anonymous_5)","line":22,"loc":{"start":{"line":22,"column":9},"end":{"line":22,"column":12}}},"6":{"name":"(anonymous_6)","line":31,"loc":{"start":{"line":31,"column":15},"end":{"line":31,"column":18}}},"7":{"name":"(anonymous_7)","line":34,"loc":{"start":{"line":34,"column":14},"end":{"line":34,"column":24}}},"8":{"name":"(anonymous_8)","line":38,"loc":{"start":{"line":38,"column":11},"end":{"line":38,"column":18}}},"9":{"name":"(anonymous_9)","line":42,"loc":{"start":{"line":42,"column":13},"end":{"line":42,"column":22}}},"10":{"name":"(anonymous_10)","line":46,"loc":{"start":{"line":46,"column":8},"end":{"line":46,"column":21}}}},"statementMap":{"1":{"start":{"line":4,"column":8},"end":{"line":4,"column":27}},"2":{"start":{"line":5,"column":8},"end":{"line":5,"column":27}},"3":{"start":{"line":6,"column":8},"end":{"line":6,"column":24}},"4":{"start":{"line":7,"column":8},"end":{"line":7,"column":30}},"5":{"start":{"line":8,"column":8},"end":{"line":8,"column":32}},"6":{"start":{"line":9,"column":8},"end":{"line":9,"column":26}},"7":{"start":{"line":12,"column":8},"end":{"line":12,"column":70}},"8":{"start":{"line":15,"column":8},"end":{"line":15,"column":70}},"9":{"start":{"line":18,"column":8},"end":{"line":18,"column":38}},"10":{"start":{"line":19,"column":8},"end":{"line":19,"column":29}},"11":{"start":{"line":20,"column":8},"end":{"line":20,"column":70}},"12":{"start":{"line":23,"column":8},"end":{"line":26,"column":37}},"13":{"start":{"line":29,"column":0},"end":{"line":29,"column":42}},"14":{"start":{"line":32,"column":8},"end":{"line":32,"column":27}},"15":{"start":{"line":35,"column":8},"end":{"line":35,"column":32}},"16":{"start":{"line":36,"column":8},"end":{"line":36,"column":20}},"17":{"start":{"line":39,"column":8},"end":{"line":39,"column":26}},"18":{"start":{"line":40,"column":8},"end":{"line":40,"column":20}},"19":{"start":{"line":43,"column":8},"end":{"line":43,"column":30}},"20":{"start":{"line":44,"column":8},"end":{"line":44,"column":20}},"21":{"start":{"line":47,"column":8},"end":{"line":47,"column":37}},"22":{"start":{"line":48,"column":8},"end":{"line":50,"column":9}},"23":{"start":{"line":49,"column":12},"end":{"line":49,"column":52}},"24":{"start":{"line":51,"column":8},"end":{"line":51,"column":41}},"25":{"start":{"line":54,"column":0},"end":{"line":54,"column":62}},"26":{"start":{"line":55,"column":0},"end":{"line":55,"column":27}}},"branchMap":{}},"/Users/Joesonw/t2ee/vader/test-dist/src/core/RouteProperty.js":{"path":"/Users/Joesonw/t2ee/vader/test-dist/src/core/RouteProperty.js","s":{"1":13,"2":13,"3":13,"4":1,"5":1},"b":{},"f":{"1":13},"fnMap":{"1":{"name":"(anonymous_1)","line":3,"loc":{"start":{"line":3,"column":15},"end":{"line":3,"column":18}}}},"statementMap":{"1":{"start":{"line":4,"column":8},"end":{"line":4,"column":24}},"2":{"start":{"line":5,"column":8},"end":{"line":5,"column":24}},"3":{"start":{"line":6,"column":8},"end":{"line":6,"column":25}},"4":{"start":{"line":9,"column":0},"end":{"line":9,"column":62}},"5":{"start":{"line":10,"column":0},"end":{"line":10,"column":32}}},"branchMap":{}},"/Users/Joesonw/t2ee/vader/test-dist/src/core/Router.js":{"path":"/Users/Joesonw/t2ee/vader/test-dist/src/core/Router.js","s":{"1":1,"2":56,"3":1,"4":73,"5":73,"6":0,"7":1,"8":0,"9":0,"10":0,"11":1,"12":129,"13":73,"14":56,"15":1,"16":1,"17":1,"18":1,"19":1,"20":1,"21":1,"22":1,"23":1,"24":7,"25":13,"26":13,"27":13,"28":37,"29":37,"30":37,"31":37,"32":37,"33":13,"34":13,"35":1,"36":13,"37":13,"38":13,"39":13,"40":13,"41":1,"42":1,"43":12,"44":1,"45":1,"46":11,"47":1,"48":1,"49":10,"50":1,"51":1,"52":1,"53":2,"54":1,"55":0,"56":1,"57":9,"58":39,"59":10,"60":5,"61":5,"62":10,"63":5,"64":5,"65":8,"66":0,"67":8,"68":10,"69":5,"70":5,"71":1,"72":39,"73":39,"74":9,"75":30,"76":30,"77":0,"78":7,"79":13,"80":13,"81":13,"82":13,"83":13,"84":13,"85":13,"86":13,"87":13,"88":13,"89":13,"90":1,"91":13,"92":13,"93":2,"94":2,"95":2,"96":2,"97":13,"98":13,"99":2,"100":2,"101":2,"102":2,"103":13,"104":1,"105":13,"106":13,"107":13,"108":13,"109":13,"110":11,"111":13,"112":28,"113":13,"114":13,"115":13,"116":7,"117":7,"118":7,"119":13,"120":13,"121":13,"122":13,"123":13,"124":13,"125":13,"126":13,"127":13,"128":13,"129":1,"130":1},"b":{"1":[1,1,1],"2":[56,56],"3":[56,73],"4":[37,0],"5":[13,24],"6":[13,9],"7":[1,12],"8":[13,1],"9":[1,11],"10":[12,1],"11":[1,10],"12":[1,9],"13":[10,1],"14":[10,10,8,10,1],"15":[5,5],"16":[5,5],"17":[0,8],"18":[5,5],"19":[9,30],"20":[30,0],"21":[13,0]},"f":{"1":56,"2":56,"3":73,"4":0,"5":129,"6":73,"7":7,"8":13,"9":13,"10":13,"11":39,"12":39,"13":7,"14":13,"15":13,"16":13,"17":2,"18":2,"19":13,"20":13,"21":7},"fnMap":{"1":{"name":"(anonymous_1)","line":2,"loc":{"start":{"line":2,"column":44},"end":{"line":2,"column":89}}},"2":{"name":"(anonymous_2)","line":3,"loc":{"start":{"line":3,"column":36},"end":{"line":3,"column":63}}},"3":{"name":"fulfilled","line":4,"loc":{"start":{"line":4,"column":8},"end":{"line":4,"column":34}}},"4":{"name":"rejected","line":5,"loc":{"start":{"line":5,"column":8},"end":{"line":5,"column":33}}},"5":{"name":"step","line":6,"loc":{"start":{"line":6,"column":8},"end":{"line":6,"column":30}}},"6":{"name":"(anonymous_6)","line":6,"loc":{"start":{"line":6,"column":76},"end":{"line":6,"column":95}}},"7":{"name":"(anonymous_7)","line":20,"loc":{"start":{"line":20,"column":15},"end":{"line":20,"column":18}}},"8":{"name":"(anonymous_8)","line":23,"loc":{"start":{"line":23,"column":20},"end":{"line":23,"column":33}}},"9":{"name":"(anonymous_9)","line":46,"loc":{"start":{"line":46,"column":11},"end":{"line":46,"column":31}}},"10":{"name":"(anonymous_10)","line":47,"loc":{"start":{"line":47,"column":47},"end":{"line":47,"column":60}}},"11":{"name":"(anonymous_11)","line":81,"loc":{"start":{"line":81,"column":21},"end":{"line":81,"column":42}}},"12":{"name":"(anonymous_12)","line":115,"loc":{"start":{"line":115,"column":16},"end":{"line":115,"column":37}}},"13":{"name":"(anonymous_13)","line":124,"loc":{"start":{"line":124,"column":10},"end":{"line":124,"column":13}}},"14":{"name":"(anonymous_14)","line":125,"loc":{"start":{"line":125,"column":69},"end":{"line":125,"column":82}}},"15":{"name":"run","line":136,"loc":{"start":{"line":136,"column":16},"end":{"line":136,"column":44}}},"16":{"name":"(anonymous_16)","line":137,"loc":{"start":{"line":137,"column":59},"end":{"line":137,"column":72}}},"17":{"name":"(anonymous_17)","line":139,"loc":{"start":{"line":139,"column":90},"end":{"line":139,"column":103}}},"18":{"name":"(anonymous_18)","line":145,"loc":{"start":{"line":145,"column":90},"end":{"line":145,"column":103}}},"19":{"name":"_next","line":152,"loc":{"start":{"line":152,"column":16},"end":{"line":152,"column":40}}},"20":{"name":"(anonymous_20)","line":153,"loc":{"start":{"line":153,"column":65},"end":{"line":153,"column":78}}},"21":{"name":"(anonymous_21)","line":171,"loc":{"start":{"line":171,"column":7},"end":{"line":171,"column":25}}}},"statementMap":{"1":{"start":{"line":2,"column":0},"end":{"line":9,"column":2}},"2":{"start":{"line":3,"column":4},"end":{"line":8,"column":7}},"3":{"start":{"line":4,"column":8},"end":{"line":4,"column":99}},"4":{"start":{"line":4,"column":36},"end":{"line":4,"column":97}},"5":{"start":{"line":4,"column":42},"end":{"line":4,"column":70}},"6":{"start":{"line":4,"column":85},"end":{"line":4,"column":95}},"7":{"start":{"line":5,"column":8},"end":{"line":5,"column":99}},"8":{"start":{"line":5,"column":35},"end":{"line":5,"column":97}},"9":{"start":{"line":5,"column":41},"end":{"line":5,"column":70}},"10":{"start":{"line":5,"column":85},"end":{"line":5,"column":95}},"11":{"start":{"line":6,"column":8},"end":{"line":6,"column":151}},"12":{"start":{"line":6,"column":32},"end":{"line":6,"column":149}},"13":{"start":{"line":6,"column":97},"end":{"line":6,"column":119}},"14":{"start":{"line":7,"column":8},"end":{"line":7,"column":72}},"15":{"start":{"line":10,"column":0},"end":{"line":10,"column":47}},"16":{"start":{"line":11,"column":0},"end":{"line":11,"column":28}},"17":{"start":{"line":12,"column":0},"end":{"line":12,"column":33}},"18":{"start":{"line":13,"column":0},"end":{"line":13,"column":52}},"19":{"start":{"line":14,"column":0},"end":{"line":14,"column":50}},"20":{"start":{"line":15,"column":0},"end":{"line":15,"column":44}},"21":{"start":{"line":16,"column":0},"end":{"line":16,"column":50}},"22":{"start":{"line":17,"column":0},"end":{"line":17,"column":55}},"23":{"start":{"line":18,"column":0},"end":{"line":18,"column":43}},"24":{"start":{"line":21,"column":8},"end":{"line":21,"column":26}},"25":{"start":{"line":24,"column":8},"end":{"line":24,"column":25}},"26":{"start":{"line":25,"column":8},"end":{"line":25,"column":24}},"27":{"start":{"line":26,"column":8},"end":{"line":40,"column":9}},"28":{"start":{"line":27,"column":12},"end":{"line":39,"column":13}},"29":{"start":{"line":28,"column":16},"end":{"line":38,"column":17}},"30":{"start":{"line":29,"column":20},"end":{"line":29,"column":49}},"31":{"start":{"line":30,"column":20},"end":{"line":30,"column":56}},"32":{"start":{"line":31,"column":20},"end":{"line":37,"column":21}},"33":{"start":{"line":32,"column":24},"end":{"line":32,"column":45}},"34":{"start":{"line":33,"column":24},"end":{"line":35,"column":25}},"35":{"start":{"line":34,"column":28},"end":{"line":34,"column":75}},"36":{"start":{"line":36,"column":24},"end":{"line":36,"column":30}},"37":{"start":{"line":41,"column":8},"end":{"line":44,"column":10}},"38":{"start":{"line":47,"column":8},"end":{"line":79,"column":11}},"39":{"start":{"line":48,"column":12},"end":{"line":48,"column":86}},"40":{"start":{"line":49,"column":12},"end":{"line":77,"column":13}},"41":{"start":{"line":51,"column":16},"end":{"line":53,"column":19}},"42":{"start":{"line":52,"column":20},"end":{"line":52,"column":71}},"43":{"start":{"line":55,"column":17},"end":{"line":77,"column":13}},"44":{"start":{"line":57,"column":16},"end":{"line":59,"column":19}},"45":{"start":{"line":58,"column":20},"end":{"line":58,"column":71}},"46":{"start":{"line":61,"column":17},"end":{"line":77,"column":13}},"47":{"start":{"line":62,"column":16},"end":{"line":64,"column":19}},"48":{"start":{"line":63,"column":20},"end":{"line":63,"column":71}},"49":{"start":{"line":66,"column":17},"end":{"line":77,"column":13}},"50":{"start":{"line":68,"column":16},"end":{"line":68,"column":68}},"51":{"start":{"line":69,"column":16},"end":{"line":69,"column":30}},"52":{"start":{"line":70,"column":16},"end":{"line":72,"column":17}},"53":{"start":{"line":71,"column":20},"end":{"line":71,"column":51}},"54":{"start":{"line":73,"column":16},"end":{"line":75,"column":17}},"55":{"start":{"line":74,"column":20},"end":{"line":74,"column":50}},"56":{"start":{"line":76,"column":16},"end":{"line":76,"column":28}},"57":{"start":{"line":78,"column":12},"end":{"line":78,"column":24}},"58":{"start":{"line":82,"column":8},"end":{"line":113,"column":9}},"59":{"start":{"line":84,"column":16},"end":{"line":89,"column":17}},"60":{"start":{"line":85,"column":20},"end":{"line":85,"column":68}},"61":{"start":{"line":88,"column":20},"end":{"line":88,"column":41}},"62":{"start":{"line":91,"column":16},"end":{"line":96,"column":17}},"63":{"start":{"line":92,"column":20},"end":{"line":92,"column":69}},"64":{"start":{"line":95,"column":20},"end":{"line":95,"column":42}},"65":{"start":{"line":98,"column":16},"end":{"line":103,"column":17}},"66":{"start":{"line":99,"column":20},"end":{"line":99,"column":67}},"67":{"start":{"line":102,"column":20},"end":{"line":102,"column":40}},"68":{"start":{"line":105,"column":16},"end":{"line":110,"column":17}},"69":{"start":{"line":106,"column":20},"end":{"line":106,"column":70}},"70":{"start":{"line":109,"column":20},"end":{"line":109,"column":43}},"71":{"start":{"line":112,"column":16},"end":{"line":112,"column":31}},"72":{"start":{"line":116,"column":8},"end":{"line":116,"column":61}},"73":{"start":{"line":117,"column":8},"end":{"line":118,"column":24}},"74":{"start":{"line":118,"column":12},"end":{"line":118,"column":24}},"75":{"start":{"line":119,"column":8},"end":{"line":121,"column":9}},"76":{"start":{"line":120,"column":12},"end":{"line":120,"column":23}},"77":{"start":{"line":122,"column":8},"end":{"line":122,"column":19}},"78":{"start":{"line":125,"column":8},"end":{"line":169,"column":11}},"79":{"start":{"line":125,"column":37},"end":{"line":169,"column":10}},"80":{"start":{"line":126,"column":12},"end":{"line":126,"column":30}},"81":{"start":{"line":127,"column":12},"end":{"line":127,"column":80}},"82":{"start":{"line":128,"column":12},"end":{"line":168,"column":13}},"83":{"start":{"line":129,"column":16},"end":{"line":129,"column":61}},"84":{"start":{"line":130,"column":16},"end":{"line":130,"column":40}},"85":{"start":{"line":131,"column":16},"end":{"line":131,"column":53}},"86":{"start":{"line":132,"column":16},"end":{"line":132,"column":49}},"87":{"start":{"line":133,"column":16},"end":{"line":133,"column":76}},"88":{"start":{"line":134,"column":16},"end":{"line":134,"column":51}},"89":{"start":{"line":135,"column":16},"end":{"line":135,"column":29}},"90":{"start":{"line":136,"column":16},"end":{"line":151,"column":17}},"91":{"start":{"line":137,"column":20},"end":{"line":150,"column":23}},"92":{"start":{"line":138,"column":24},"end":{"line":142,"column":25}},"93":{"start":{"line":139,"column":28},"end":{"line":141,"column":44}},"94":{"start":{"line":139,"column":52},"end":{"line":141,"column":30}},"95":{"start":{"line":139,"column":58},"end":{"line":141,"column":30}},"96":{"start":{"line":140,"column":32},"end":{"line":140,"column":65}},"97":{"start":{"line":143,"column":24},"end":{"line":143,"column":77}},"98":{"start":{"line":144,"column":24},"end":{"line":148,"column":25}},"99":{"start":{"line":145,"column":28},"end":{"line":147,"column":44}},"100":{"start":{"line":145,"column":52},"end":{"line":147,"column":30}},"101":{"start":{"line":145,"column":58},"end":{"line":147,"column":30}},"102":{"start":{"line":146,"column":32},"end":{"line":146,"column":65}},"103":{"start":{"line":149,"column":24},"end":{"line":149,"column":37}},"104":{"start":{"line":152,"column":16},"end":{"line":167,"column":17}},"105":{"start":{"line":153,"column":20},"end":{"line":166,"column":23}},"106":{"start":{"line":153,"column":33},"end":{"line":166,"column":22}},"107":{"start":{"line":154,"column":24},"end":{"line":154,"column":44}},"108":{"start":{"line":155,"column":24},"end":{"line":155,"column":77}},"109":{"start":{"line":156,"column":24},"end":{"line":158,"column":25}},"110":{"start":{"line":157,"column":28},"end":{"line":157,"column":83}},"111":{"start":{"line":159,"column":24},"end":{"line":162,"column":25}},"112":{"start":{"line":160,"column":28},"end":{"line":161,"column":108}},"113":{"start":{"line":163,"column":24},"end":{"line":163,"column":59}},"114":{"start":{"line":164,"column":24},"end":{"line":164,"column":89}},"115":{"start":{"line":165,"column":24},"end":{"line":165,"column":50}},"116":{"start":{"line":172,"column":8},"end":{"line":172,"column":53}},"117":{"start":{"line":173,"column":8},"end":{"line":173,"column":46}},"118":{"start":{"line":174,"column":8},"end":{"line":196,"column":9}},"119":{"start":{"line":175,"column":12},"end":{"line":175,"column":33}},"120":{"start":{"line":176,"column":12},"end":{"line":176,"column":32}},"121":{"start":{"line":177,"column":12},"end":{"line":177,"column":47}},"122":{"start":{"line":178,"column":12},"end":{"line":183,"column":13}},"123":{"start":{"line":179,"column":16},"end":{"line":179,"column":32}},"124":{"start":{"line":180,"column":16},"end":{"line":180,"column":71}},"125":{"start":{"line":181,"column":16},"end":{"line":181,"column":38}},"126":{"start":{"line":182,"column":16},"end":{"line":182,"column":36}},"127":{"start":{"line":184,"column":12},"end":{"line":195,"column":15}},"128":{"start":{"line":187,"column":43},"end":{"line":187,"column":60}},"129":{"start":{"line":199,"column":0},"end":{"line":199,"column":62}},"130":{"start":{"line":200,"column":0},"end":{"line":200,"column":25}}},"branchMap":{"1":{"line":2,"type":"binary-expr","locations":[{"start":{"line":2,"column":17},"end":{"line":2,"column":21}},{"start":{"line":2,"column":25},"end":{"line":2,"column":39}},{"start":{"line":2,"column":44},"end":{"line":9,"column":1}}]},"2":{"line":3,"type":"binary-expr","locations":[{"start":{"line":3,"column":16},"end":{"line":3,"column":17}},{"start":{"line":3,"column":22},"end":{"line":3,"column":33}}]},"3":{"line":6,"type":"cond-expr","locations":[{"start":{"line":6,"column":46},"end":{"line":6,"column":67}},{"start":{"line":6,"column":70},"end":{"line":6,"column":148}}]},"4":{"line":27,"type":"if","locations":[{"start":{"line":27,"column":12},"end":{"line":27,"column":12}},{"start":{"line":27,"column":12},"end":{"line":27,"column":12}}]},"5":{"line":31,"type":"if","locations":[{"start":{"line":31,"column":20},"end":{"line":31,"column":20}},{"start":{"line":31,"column":20},"end":{"line":31,"column":20}}]},"6":{"line":48,"type":"binary-expr","locations":[{"start":{"line":48,"column":33},"end":{"line":48,"column":67}},{"start":{"line":48,"column":71},"end":{"line":48,"column":73}}]},"7":{"line":49,"type":"if","locations":[{"start":{"line":49,"column":12},"end":{"line":49,"column":12}},{"start":{"line":49,"column":12},"end":{"line":49,"column":12}}]},"8":{"line":49,"type":"binary-expr","locations":[{"start":{"line":49,"column":16},"end":{"line":49,"column":58}},{"start":{"line":50,"column":16},"end":{"line":50,"column":98}}]},"9":{"line":55,"type":"if","locations":[{"start":{"line":55,"column":17},"end":{"line":55,"column":17}},{"start":{"line":55,"column":17},"end":{"line":55,"column":17}}]},"10":{"line":55,"type":"binary-expr","locations":[{"start":{"line":55,"column":21},"end":{"line":55,"column":63}},{"start":{"line":56,"column":16},"end":{"line":56,"column":98}}]},"11":{"line":61,"type":"if","locations":[{"start":{"line":61,"column":17},"end":{"line":61,"column":17}},{"start":{"line":61,"column":17},"end":{"line":61,"column":17}}]},"12":{"line":66,"type":"if","locations":[{"start":{"line":66,"column":17},"end":{"line":66,"column":17}},{"start":{"line":66,"column":17},"end":{"line":66,"column":17}}]},"13":{"line":66,"type":"binary-expr","locations":[{"start":{"line":66,"column":21},"end":{"line":66,"column":68}},{"start":{"line":67,"column":16},"end":{"line":67,"column":103}}]},"14":{"line":82,"type":"switch","locations":[{"start":{"line":83,"column":12},"end":{"line":89,"column":17}},{"start":{"line":90,"column":12},"end":{"line":96,"column":17}},{"start":{"line":97,"column":12},"end":{"line":103,"column":17}},{"start":{"line":104,"column":12},"end":{"line":110,"column":17}},{"start":{"line":111,"column":12},"end":{"line":112,"column":31}}]},"15":{"line":84,"type":"if","locations":[{"start":{"line":84,"column":16},"end":{"line":84,"column":16}},{"start":{"line":84,"column":16},"end":{"line":84,"column":16}}]},"16":{"line":91,"type":"if","locations":[{"start":{"line":91,"column":16},"end":{"line":91,"column":16}},{"start":{"line":91,"column":16},"end":{"line":91,"column":16}}]},"17":{"line":98,"type":"if","locations":[{"start":{"line":98,"column":16},"end":{"line":98,"column":16}},{"start":{"line":98,"column":16},"end":{"line":98,"column":16}}]},"18":{"line":105,"type":"if","locations":[{"start":{"line":105,"column":16},"end":{"line":105,"column":16}},{"start":{"line":105,"column":16},"end":{"line":105,"column":16}}]},"19":{"line":117,"type":"if","locations":[{"start":{"line":117,"column":8},"end":{"line":117,"column":8}},{"start":{"line":117,"column":8},"end":{"line":117,"column":8}}]},"20":{"line":119,"type":"if","locations":[{"start":{"line":119,"column":8},"end":{"line":119,"column":8}},{"start":{"line":119,"column":8},"end":{"line":119,"column":8}}]},"21":{"line":128,"type":"if","locations":[{"start":{"line":128,"column":12},"end":{"line":128,"column":12}},{"start":{"line":128,"column":12},"end":{"line":128,"column":12}}]}}},"/Users/Joesonw/t2ee/vader/test-dist/src/utils/parseMulti.js":{"path":"/Users/Joesonw/t2ee/vader/test-dist/src/utils/parseMulti.js","s":{"1":1,"2":1,"3":1,"4":1,"5":1,"6":1,"7":1,"8":1,"9":1,"10":1,"11":0,"12":2,"13":0,"14":0,"15":0,"16":2,"17":0,"18":0,"19":0,"20":0,"21":0,"22":1,"23":0,"24":1,"25":1,"26":1},"b":{"1":[1,1],"2":[0,2],"3":[0,0],"4":[0,0],"5":[0,0],"6":[0,1]},"f":{"1":1},"fnMap":{"1":{"name":"parseMulti","line":4,"loc":{"start":{"line":4,"column":0},"end":{"line":4,"column":38}}}},"statementMap":{"1":{"start":{"line":2,"column":0},"end":{"line":2,"column":28}},"2":{"start":{"line":3,"column":0},"end":{"line":3,"column":36}},"3":{"start":{"line":4,"column":0},"end":{"line":44,"column":1}},"4":{"start":{"line":5,"column":4},"end":{"line":5,"column":22}},"5":{"start":{"line":6,"column":4},"end":{"line":43,"column":7}},"6":{"start":{"line":7,"column":8},"end":{"line":7,"column":24}},"7":{"start":{"line":8,"column":8},"end":{"line":8,"column":23}},"8":{"start":{"line":9,"column":8},"end":{"line":9,"column":48}},"9":{"start":{"line":10,"column":8},"end":{"line":38,"column":11}},"10":{"start":{"line":11,"column":29},"end":{"line":11,"column":70}},"11":{"start":{"line":12,"column":32},"end":{"line":12,"column":43}},"12":{"start":{"line":14,"column":12},"end":{"line":24,"column":13}},"13":{"start":{"line":15,"column":16},"end":{"line":20,"column":17}},"14":{"start":{"line":16,"column":20},"end":{"line":16,"column":46}},"15":{"start":{"line":19,"column":20},"end":{"line":19,"column":59}},"16":{"start":{"line":23,"column":16},"end":{"line":23,"column":38}},"17":{"start":{"line":27,"column":12},"end":{"line":37,"column":13}},"18":{"start":{"line":28,"column":16},"end":{"line":33,"column":17}},"19":{"start":{"line":29,"column":20},"end":{"line":29,"column":44}},"20":{"start":{"line":32,"column":20},"end":{"line":32,"column":56}},"21":{"start":{"line":36,"column":16},"end":{"line":36,"column":36}},"22":{"start":{"line":39,"column":8},"end":{"line":41,"column":9}},"23":{"start":{"line":40,"column":12},"end":{"line":40,"column":51}},"24":{"start":{"line":42,"column":8},"end":{"line":42,"column":35}},"25":{"start":{"line":45,"column":0},"end":{"line":45,"column":62}},"26":{"start":{"line":46,"column":0},"end":{"line":46,"column":29}}},"branchMap":{"1":{"line":5,"type":"binary-expr","locations":[{"start":{"line":5,"column":11},"end":{"line":5,"column":15}},{"start":{"line":5,"column":19},"end":{"line":5,"column":21}}]},"2":{"line":14,"type":"if","locations":[{"start":{"line":14,"column":12},"end":{"line":14,"column":12}},{"start":{"line":14,"column":12},"end":{"line":14,"column":12}}]},"3":{"line":15,"type":"if","locations":[{"start":{"line":15,"column":16},"end":{"line":15,"column":16}},{"start":{"line":15,"column":16},"end":{"line":15,"column":16}}]},"4":{"line":27,"type":"if","locations":[{"start":{"line":27,"column":12},"end":{"line":27,"column":12}},{"start":{"line":27,"column":12},"end":{"line":27,"column":12}}]},"5":{"line":28,"type":"if","locations":[{"start":{"line":28,"column":16},"end":{"line":28,"column":16}},{"start":{"line":28,"column":16},"end":{"line":28,"column":16}}]},"6":{"line":39,"type":"if","locations":[{"start":{"line":39,"column":8},"end":{"line":39,"column":8}},{"start":{"line":39,"column":8},"end":{"line":39,"column":8}}]}}},"/Users/Joesonw/t2ee/vader/test-dist/src/enums/MediaType.js":{"path":"/Users/Joesonw/t2ee/vader/test-dist/src/enums/MediaType.js","s":{"1":1,"2":1,"3":1,"4":1,"5":1,"6":1,"7":1,"8":1,"9":1,"10":7,"11":1,"12":2,"13":2,"14":2,"15":1,"16":1,"17":1},"b":{"1":[1,1],"2":[1,2,2,2],"3":[1,0]},"f":{"1":1,"2":1,"3":7},"fnMap":{"1":{"name":"(anonymous_1)","line":3,"loc":{"start":{"line":3,"column":1},"end":{"line":3,"column":22}}},"2":{"name":"(anonymous_2)","line":10,"loc":{"start":{"line":10,"column":1},"end":{"line":10,"column":22}}},"3":{"name":"toString","line":11,"loc":{"start":{"line":11,"column":4},"end":{"line":11,"column":28}}}},"statementMap":{"1":{"start":{"line":2,"column":0},"end":{"line":2,"column":14}},"2":{"start":{"line":3,"column":0},"end":{"line":8,"column":34}},"3":{"start":{"line":4,"column":4},"end":{"line":4,"column":46}},"4":{"start":{"line":5,"column":4},"end":{"line":5,"column":46}},"5":{"start":{"line":6,"column":4},"end":{"line":6,"column":46}},"6":{"start":{"line":7,"column":4},"end":{"line":7,"column":56}},"7":{"start":{"line":9,"column":0},"end":{"line":9,"column":14}},"8":{"start":{"line":10,"column":0},"end":{"line":24,"column":34}},"9":{"start":{"line":11,"column":4},"end":{"line":22,"column":5}},"10":{"start":{"line":12,"column":8},"end":{"line":21,"column":9}},"11":{"start":{"line":14,"column":16},"end":{"line":14,"column":36}},"12":{"start":{"line":16,"column":16},"end":{"line":16,"column":42}},"13":{"start":{"line":18,"column":16},"end":{"line":18,"column":59}},"14":{"start":{"line":20,"column":16},"end":{"line":20,"column":45}},"15":{"start":{"line":23,"column":4},"end":{"line":23,"column":34}},"16":{"start":{"line":25,"column":0},"end":{"line":25,"column":62}},"17":{"start":{"line":26,"column":0},"end":{"line":26,"column":28}}},"branchMap":{"1":{"line":8,"type":"binary-expr","locations":[{"start":{"line":8,"column":3},"end":{"line":8,"column":12}},{"start":{"line":8,"column":17},"end":{"line":8,"column":31}}]},"2":{"line":12,"type":"switch","locations":[{"start":{"line":13,"column":12},"end":{"line":14,"column":36}},{"start":{"line":15,"column":12},"end":{"line":16,"column":42}},{"start":{"line":17,"column":12},"end":{"line":18,"column":59}},{"start":{"line":19,"column":12},"end":{"line":20,"column":45}}]},"3":{"line":24,"type":"binary-expr","locations":[{"start":{"line":24,"column":3},"end":{"line":24,"column":12}},{"start":{"line":24,"column":17},"end":{"line":24,"column":31}}]}}},"/Users/Joesonw/t2ee/vader/test-dist/src/enums/Symbol.js":{"path":"/Users/Joesonw/t2ee/vader/test-dist/src/enums/Symbol.js","s":{"1":1,"2":1,"3":1},"b":{},"f":{},"fnMap":{},"statementMap":{"1":{"start":{"line":4,"column":0},"end":{"line":4,"column":28}},"2":{"start":{"line":5,"column":0},"end":{"line":5,"column":62}},"3":{"start":{"line":6,"column":0},"end":{"line":6,"column":26}}},"branchMap":{}},"/Users/Joesonw/t2ee/vader/test-dist/src/enums/ParamType.js":{"path":"/Users/Joesonw/t2ee/vader/test-dist/src/enums/ParamType.js","s":{"1":1,"2":1,"3":1,"4":1,"5":1,"6":1,"7":1,"8":1,"9":1,"10":1,"11":18,"12":4,"13":4,"14":4,"15":5,"16":1,"17":1,"18":1,"19":1},"b":{"1":[1,1],"2":[4,4,4,5,1],"3":[1,0]},"f":{"1":1,"2":1,"3":18},"fnMap":{"1":{"name":"(anonymous_1)","line":3,"loc":{"start":{"line":3,"column":1},"end":{"line":3,"column":22}}},"2":{"name":"(anonymous_2)","line":11,"loc":{"start":{"line":11,"column":1},"end":{"line":11,"column":22}}},"3":{"name":"toString","line":12,"loc":{"start":{"line":12,"column":4},"end":{"line":12,"column":28}}}},"statementMap":{"1":{"start":{"line":2,"column":0},"end":{"line":2,"column":14}},"2":{"start":{"line":3,"column":0},"end":{"line":9,"column":34}},"3":{"start":{"line":4,"column":4},"end":{"line":4,"column":58}},"4":{"start":{"line":5,"column":4},"end":{"line":5,"column":56}},"5":{"start":{"line":6,"column":4},"end":{"line":6,"column":60}},"6":{"start":{"line":7,"column":4},"end":{"line":7,"column":56}},"7":{"start":{"line":8,"column":4},"end":{"line":8,"column":52}},"8":{"start":{"line":10,"column":0},"end":{"line":10,"column":14}},"9":{"start":{"line":11,"column":0},"end":{"line":27,"column":34}},"10":{"start":{"line":12,"column":4},"end":{"line":25,"column":5}},"11":{"start":{"line":13,"column":8},"end":{"line":24,"column":9}},"12":{"start":{"line":15,"column":16},"end":{"line":15,"column":36}},"13":{"start":{"line":17,"column":16},"end":{"line":17,"column":35}},"14":{"start":{"line":19,"column":16},"end":{"line":19,"column":37}},"15":{"start":{"line":21,"column":16},"end":{"line":21,"column":35}},"16":{"start":{"line":23,"column":16},"end":{"line":23,"column":33}},"17":{"start":{"line":26,"column":4},"end":{"line":26,"column":34}},"18":{"start":{"line":28,"column":0},"end":{"line":28,"column":62}},"19":{"start":{"line":29,"column":0},"end":{"line":29,"column":28}}},"branchMap":{"1":{"line":9,"type":"binary-expr","locations":[{"start":{"line":9,"column":3},"end":{"line":9,"column":12}},{"start":{"line":9,"column":17},"end":{"line":9,"column":31}}]},"2":{"line":13,"type":"switch","locations":[{"start":{"line":14,"column":12},"end":{"line":15,"column":36}},{"start":{"line":16,"column":12},"end":{"line":17,"column":35}},{"start":{"line":18,"column":12},"end":{"line":19,"column":37}},{"start":{"line":20,"column":12},"end":{"line":21,"column":35}},{"start":{"line":22,"column":12},"end":{"line":23,"column":33}}]},"3":{"line":27,"type":"binary-expr","locations":[{"start":{"line":27,"column":3},"end":{"line":27,"column":12}},{"start":{"line":27,"column":17},"end":{"line":27,"column":31}}]}}},"/Users/Joesonw/t2ee/vader/test-dist/src/core/VaderContext.js":{"path":"/Users/Joesonw/t2ee/vader/test-dist/src/core/VaderContext.js","s":{"1":1,"2":1},"b":{},"f":{},"fnMap":{},"statementMap":{"1":{"start":{"line":4,"column":0},"end":{"line":4,"column":62}},"2":{"start":{"line":5,"column":0},"end":{"line":5,"column":31}}},"branchMap":{}},"/Users/Joesonw/t2ee/vader/test-dist/src/decorators/BodyParam.js":{"path":"/Users/Joesonw/t2ee/vader/test-dist/src/decorators/BodyParam.js","s":{"1":1,"2":1,"3":1,"4":5,"5":1,"6":1},"b":{},"f":{"1":5},"fnMap":{"1":{"name":"BodyParam","line":4,"loc":{"start":{"line":4,"column":0},"end":{"line":4,"column":29}}}},"statementMap":{"1":{"start":{"line":2,"column":0},"end":{"line":2,"column":47}},"2":{"start":{"line":3,"column":0},"end":{"line":3,"column":50}},"3":{"start":{"line":4,"column":0},"end":{"line":6,"column":1}},"4":{"start":{"line":5,"column":4},"end":{"line":5,"column":68}},"5":{"start":{"line":7,"column":0},"end":{"line":7,"column":62}},"6":{"start":{"line":8,"column":0},"end":{"line":8,"column":28}}},"branchMap":{}},"/Users/Joesonw/t2ee/vader/test-dist/src/decorators/Param.js":{"path":"/Users/Joesonw/t2ee/vader/test-dist/src/decorators/Param.js","s":{"1":1,"2":1,"3":1,"4":1,"5":1,"6":1,"7":1,"8":1,"9":1,"10":18,"11":18,"12":18,"13":11,"14":11,"15":11,"16":11,"17":7,"18":7,"19":7,"20":1,"21":1},"b":{"1":[18,3],"2":[11,7],"3":[11,8]},"f":{"1":18},"fnMap":{"1":{"name":"Param","line":10,"loc":{"start":{"line":10,"column":0},"end":{"line":10,"column":36}}}},"statementMap":{"1":{"start":{"line":2,"column":0},"end":{"line":2,"column":44}},"2":{"start":{"line":3,"column":0},"end":{"line":3,"column":67}},"3":{"start":{"line":4,"column":0},"end":{"line":4,"column":57}},"4":{"start":{"line":5,"column":0},"end":{"line":5,"column":50}},"5":{"start":{"line":6,"column":0},"end":{"line":6,"column":34}},"6":{"start":{"line":7,"column":0},"end":{"line":7,"column":28}},"7":{"start":{"line":8,"column":0},"end":{"line":8,"column":36}},"8":{"start":{"line":9,"column":0},"end":{"line":9,"column":43}},"9":{"start":{"line":10,"column":0},"end":{"line":34,"column":1}},"10":{"start":{"line":11,"column":4},"end":{"line":33,"column":6}},"11":{"start":{"line":12,"column":8},"end":{"line":12,"column":82}},"12":{"start":{"line":13,"column":8},"end":{"line":32,"column":9}},"13":{"start":{"line":14,"column":12},"end":{"line":14,"column":131}},"14":{"start":{"line":15,"column":12},"end":{"line":15,"column":84}},"15":{"start":{"line":16,"column":12},"end":{"line":17,"column":46}},"16":{"start":{"line":18,"column":12},"end":{"line":22,"column":14}},"17":{"start":{"line":25,"column":12},"end":{"line":25,"column":90}},"18":{"start":{"line":26,"column":12},"end":{"line":26,"column":71}},"19":{"start":{"line":27,"column":12},"end":{"line":31,"column":14}},"20":{"start":{"line":35,"column":0},"end":{"line":35,"column":62}},"21":{"start":{"line":36,"column":0},"end":{"line":36,"column":24}}},"branchMap":{"1":{"line":12,"type":"binary-expr","locations":[{"start":{"line":12,"column":27},"end":{"line":12,"column":43}},{"start":{"line":12,"column":47},"end":{"line":12,"column":81}}]},"2":{"line":13,"type":"if","locations":[{"start":{"line":13,"column":8},"end":{"line":13,"column":8}},{"start":{"line":13,"column":8},"end":{"line":13,"column":8}}]},"3":{"line":16,"type":"binary-expr","locations":[{"start":{"line":16,"column":43},"end":{"line":16,"column":71}},{"start":{"line":17,"column":16},"end":{"line":17,"column":45}}]}}},"/Users/Joesonw/t2ee/vader/test-dist/src/decorators/Consume.js":{"path":"/Users/Joesonw/t2ee/vader/test-dist/src/decorators/Consume.js","s":{"1":1,"2":1,"3":1,"4":1,"5":1,"6":1,"7":1,"8":1,"9":4,"10":4,"11":4,"12":4,"13":4,"14":1,"15":1},"b":{"1":[4,0],"2":[4,0]},"f":{"1":4},"fnMap":{"1":{"name":"Consume","line":9,"loc":{"start":{"line":9,"column":0},"end":{"line":9,"column":23}}}},"statementMap":{"1":{"start":{"line":2,"column":0},"end":{"line":2,"column":44}},"2":{"start":{"line":3,"column":0},"end":{"line":3,"column":67}},"3":{"start":{"line":4,"column":0},"end":{"line":4,"column":57}},"4":{"start":{"line":5,"column":0},"end":{"line":5,"column":50}},"5":{"start":{"line":6,"column":0},"end":{"line":6,"column":34}},"6":{"start":{"line":7,"column":0},"end":{"line":7,"column":36}},"7":{"start":{"line":8,"column":0},"end":{"line":8,"column":43}},"8":{"start":{"line":9,"column":0},"end":{"line":17,"column":1}},"9":{"start":{"line":10,"column":4},"end":{"line":16,"column":6}},"10":{"start":{"line":11,"column":8},"end":{"line":11,"column":74}},"11":{"start":{"line":12,"column":8},"end":{"line":12,"column":82}},"12":{"start":{"line":13,"column":8},"end":{"line":14,"column":42}},"13":{"start":{"line":15,"column":8},"end":{"line":15,"column":52}},"14":{"start":{"line":18,"column":0},"end":{"line":18,"column":62}},"15":{"start":{"line":19,"column":0},"end":{"line":19,"column":26}}},"branchMap":{"1":{"line":12,"type":"binary-expr","locations":[{"start":{"line":12,"column":27},"end":{"line":12,"column":43}},{"start":{"line":12,"column":47},"end":{"line":12,"column":81}}]},"2":{"line":13,"type":"binary-expr","locations":[{"start":{"line":13,"column":39},"end":{"line":13,"column":67}},{"start":{"line":14,"column":12},"end":{"line":14,"column":41}}]}}},"/Users/Joesonw/t2ee/vader/test-dist/src/decorators/Context.js":{"path":"/Users/Joesonw/t2ee/vader/test-dist/src/decorators/Context.js","s":{"1":1,"2":1,"3":1,"4":1,"5":1,"6":1},"b":{},"f":{"1":1},"fnMap":{"1":{"name":"Context","line":4,"loc":{"start":{"line":4,"column":0},"end":{"line":4,"column":27}}}},"statementMap":{"1":{"start":{"line":2,"column":0},"end":{"line":2,"column":47}},"2":{"start":{"line":3,"column":0},"end":{"line":3,"column":50}},"3":{"start":{"line":4,"column":0},"end":{"line":6,"column":1}},"4":{"start":{"line":5,"column":4},"end":{"line":5,"column":56}},"5":{"start":{"line":7,"column":0},"end":{"line":7,"column":62}},"6":{"start":{"line":8,"column":0},"end":{"line":8,"column":26}}},"branchMap":{}},"/Users/Joesonw/t2ee/vader/test-dist/src/decorators/DELETE.js":{"path":"/Users/Joesonw/t2ee/vader/test-dist/src/decorators/DELETE.js","s":{"1":1,"2":1,"3":1,"4":1,"5":1},"b":{},"f":{},"fnMap":{},"statementMap":{"1":{"start":{"line":2,"column":0},"end":{"line":2,"column":52}},"2":{"start":{"line":3,"column":0},"end":{"line":3,"column":49}},"3":{"start":{"line":4,"column":0},"end":{"line":4,"column":92}},"4":{"start":{"line":5,"column":0},"end":{"line":5,"column":62}},"5":{"start":{"line":6,"column":0},"end":{"line":6,"column":25}}},"branchMap":{}},"/Users/Joesonw/t2ee/vader/test-dist/src/enums/HttpMethod.js":{"path":"/Users/Joesonw/t2ee/vader/test-dist/src/enums/HttpMethod.js","s":{"1":1,"2":1,"3":1,"4":1,"5":1,"6":1,"7":1,"8":1,"9":1,"10":1,"11":1,"12":6,"13":1,"14":1,"15":1,"16":1,"17":1,"18":1,"19":1,"20":1,"21":1},"b":{"1":[1,1],"2":[1,1,1,1,1,1],"3":[1,0]},"f":{"1":1,"2":1,"3":6},"fnMap":{"1":{"name":"(anonymous_1)","line":3,"loc":{"start":{"line":3,"column":1},"end":{"line":3,"column":23}}},"2":{"name":"(anonymous_2)","line":12,"loc":{"start":{"line":12,"column":1},"end":{"line":12,"column":23}}},"3":{"name":"toString","line":13,"loc":{"start":{"line":13,"column":4},"end":{"line":13,"column":30}}}},"statementMap":{"1":{"start":{"line":2,"column":0},"end":{"line":2,"column":15}},"2":{"start":{"line":3,"column":0},"end":{"line":10,"column":36}},"3":{"start":{"line":4,"column":4},"end":{"line":4,"column":46}},"4":{"start":{"line":5,"column":4},"end":{"line":5,"column":48}},"5":{"start":{"line":6,"column":4},"end":{"line":6,"column":46}},"6":{"start":{"line":7,"column":4},"end":{"line":7,"column":52}},"7":{"start":{"line":8,"column":4},"end":{"line":8,"column":48}},"8":{"start":{"line":9,"column":4},"end":{"line":9,"column":54}},"9":{"start":{"line":11,"column":0},"end":{"line":11,"column":15}},"10":{"start":{"line":12,"column":0},"end":{"line":30,"column":36}},"11":{"start":{"line":13,"column":4},"end":{"line":28,"column":5}},"12":{"start":{"line":14,"column":8},"end":{"line":27,"column":9}},"13":{"start":{"line":16,"column":16},"end":{"line":16,"column":29}},"14":{"start":{"line":18,"column":16},"end":{"line":18,"column":30}},"15":{"start":{"line":20,"column":16},"end":{"line":20,"column":29}},"16":{"start":{"line":22,"column":16},"end":{"line":22,"column":32}},"17":{"start":{"line":24,"column":16},"end":{"line":24,"column":33}},"18":{"start":{"line":26,"column":16},"end":{"line":26,"column":30}},"19":{"start":{"line":29,"column":4},"end":{"line":29,"column":35}},"20":{"start":{"line":31,"column":0},"end":{"line":31,"column":62}},"21":{"start":{"line":32,"column":0},"end":{"line":32,"column":29}}},"branchMap":{"1":{"line":10,"type":"binary-expr","locations":[{"start":{"line":10,"column":3},"end":{"line":10,"column":13}},{"start":{"line":10,"column":18},"end":{"line":10,"column":33}}]},"2":{"line":14,"type":"switch","locations":[{"start":{"line":15,"column":12},"end":{"line":16,"column":29}},{"start":{"line":17,"column":12},"end":{"line":18,"column":30}},{"start":{"line":19,"column":12},"end":{"line":20,"column":29}},{"start":{"line":21,"column":12},"end":{"line":22,"column":32}},{"start":{"line":23,"column":12},"end":{"line":24,"column":33}},{"start":{"line":25,"column":12},"end":{"line":26,"column":30}}]},"3":{"line":30,"type":"binary-expr","locations":[{"start":{"line":30,"column":3},"end":{"line":30,"column":13}},{"start":{"line":30,"column":18},"end":{"line":30,"column":33}}]}}},"/Users/Joesonw/t2ee/vader/test-dist/src/decorators/Method.js":{"path":"/Users/Joesonw/t2ee/vader/test-dist/src/decorators/Method.js","s":{"1":1,"2":1,"3":1,"4":1,"5":1,"6":1,"7":1,"8":6,"9":13,"10":13,"11":13,"12":13,"13":1,"14":1},"b":{"1":[13,0],"2":[13,0]},"f":{"1":6},"fnMap":{"1":{"name":"Method","line":8,"loc":{"start":{"line":8,"column":0},"end":{"line":8,"column":24}}}},"statementMap":{"1":{"start":{"line":2,"column":0},"end":{"line":2,"column":44}},"2":{"start":{"line":3,"column":0},"end":{"line":3,"column":67}},"3":{"start":{"line":4,"column":0},"end":{"line":4,"column":57}},"4":{"start":{"line":5,"column":0},"end":{"line":5,"column":34}},"5":{"start":{"line":6,"column":0},"end":{"line":6,"column":36}},"6":{"start":{"line":7,"column":0},"end":{"line":7,"column":43}},"7":{"start":{"line":8,"column":0},"end":{"line":16,"column":1}},"8":{"start":{"line":9,"column":4},"end":{"line":15,"column":6}},"9":{"start":{"line":10,"column":8},"end":{"line":10,"column":45}},"10":{"start":{"line":11,"column":8},"end":{"line":11,"column":82}},"11":{"start":{"line":12,"column":8},"end":{"line":13,"column":42}},"12":{"start":{"line":14,"column":8},"end":{"line":14,"column":53}},"13":{"start":{"line":17,"column":0},"end":{"line":17,"column":62}},"14":{"start":{"line":18,"column":0},"end":{"line":18,"column":25}}},"branchMap":{"1":{"line":11,"type":"binary-expr","locations":[{"start":{"line":11,"column":27},"end":{"line":11,"column":43}},{"start":{"line":11,"column":47},"end":{"line":11,"column":81}}]},"2":{"line":12,"type":"binary-expr","locations":[{"start":{"line":12,"column":39},"end":{"line":12,"column":67}},{"start":{"line":13,"column":12},"end":{"line":13,"column":41}}]}}},"/Users/Joesonw/t2ee/vader/test-dist/src/decorators/GET.js":{"path":"/Users/Joesonw/t2ee/vader/test-dist/src/decorators/GET.js","s":{"1":1,"2":1,"3":1,"4":1,"5":1},"b":{},"f":{},"fnMap":{},"statementMap":{"1":{"start":{"line":2,"column":0},"end":{"line":2,"column":52}},"2":{"start":{"line":3,"column":0},"end":{"line":3,"column":49}},"3":{"start":{"line":4,"column":0},"end":{"line":4,"column":86}},"4":{"start":{"line":5,"column":0},"end":{"line":5,"column":62}},"5":{"start":{"line":6,"column":0},"end":{"line":6,"column":22}}},"branchMap":{}},"/Users/Joesonw/t2ee/vader/test-dist/src/decorators/HEAD.js":{"path":"/Users/Joesonw/t2ee/vader/test-dist/src/decorators/HEAD.js","s":{"1":1,"2":1,"3":1,"4":1,"5":1},"b":{},"f":{},"fnMap":{},"statementMap":{"1":{"start":{"line":2,"column":0},"end":{"line":2,"column":52}},"2":{"start":{"line":3,"column":0},"end":{"line":3,"column":49}},"3":{"start":{"line":4,"column":0},"end":{"line":4,"column":88}},"4":{"start":{"line":5,"column":0},"end":{"line":5,"column":62}},"5":{"start":{"line":6,"column":0},"end":{"line":6,"column":23}}},"branchMap":{}},"/Users/Joesonw/t2ee/vader/test-dist/src/decorators/HeaderParam.js":{"path":"/Users/Joesonw/t2ee/vader/test-dist/src/decorators/HeaderParam.js","s":{"1":1,"2":1,"3":1,"4":4,"5":1,"6":1},"b":{},"f":{"1":4},"fnMap":{"1":{"name":"HeaderParam","line":4,"loc":{"start":{"line":4,"column":0},"end":{"line":4,"column":31}}}},"statementMap":{"1":{"start":{"line":2,"column":0},"end":{"line":2,"column":47}},"2":{"start":{"line":3,"column":0},"end":{"line":3,"column":50}},"3":{"start":{"line":4,"column":0},"end":{"line":6,"column":1}},"4":{"start":{"line":5,"column":4},"end":{"line":5,"column":70}},"5":{"start":{"line":7,"column":0},"end":{"line":7,"column":62}},"6":{"start":{"line":8,"column":0},"end":{"line":8,"column":30}}},"branchMap":{}},"/Users/Joesonw/t2ee/vader/test-dist/src/decorators/Inject.js":{"path":"/Users/Joesonw/t2ee/vader/test-dist/src/decorators/Inject.js","s":{"1":1,"2":1,"3":1,"4":1,"5":1,"6":1,"7":1,"8":4,"9":4,"10":2,"11":2,"12":2,"13":2,"14":2,"15":2,"16":2,"17":1,"18":1},"b":{"1":[2,2],"2":[2,0],"3":[2,0],"4":[2,0]},"f":{"1":4},"fnMap":{"1":{"name":"Inject","line":8,"loc":{"start":{"line":8,"column":0},"end":{"line":8,"column":22}}}},"statementMap":{"1":{"start":{"line":2,"column":0},"end":{"line":2,"column":44}},"2":{"start":{"line":3,"column":0},"end":{"line":3,"column":67}},"3":{"start":{"line":4,"column":0},"end":{"line":4,"column":57}},"4":{"start":{"line":5,"column":0},"end":{"line":5,"column":34}},"5":{"start":{"line":6,"column":0},"end":{"line":6,"column":36}},"6":{"start":{"line":7,"column":0},"end":{"line":7,"column":43}},"7":{"start":{"line":8,"column":0},"end":{"line":24,"column":1}},"8":{"start":{"line":9,"column":4},"end":{"line":23,"column":6}},"9":{"start":{"line":10,"column":8},"end":{"line":22,"column":9}},"10":{"start":{"line":11,"column":12},"end":{"line":11,"column":66}},"11":{"start":{"line":12,"column":12},"end":{"line":12,"column":86}},"12":{"start":{"line":13,"column":12},"end":{"line":15,"column":50}},"13":{"start":{"line":16,"column":12},"end":{"line":16,"column":58}},"14":{"start":{"line":19,"column":12},"end":{"line":19,"column":47}},"15":{"start":{"line":20,"column":12},"end":{"line":20,"column":101}},"16":{"start":{"line":21,"column":12},"end":{"line":21,"column":56}},"17":{"start":{"line":25,"column":0},"end":{"line":25,"column":62}},"18":{"start":{"line":26,"column":0},"end":{"line":26,"column":25}}},"branchMap":{"1":{"line":10,"type":"if","locations":[{"start":{"line":10,"column":8},"end":{"line":10,"column":8}},{"start":{"line":10,"column":8},"end":{"line":10,"column":8}}]},"2":{"line":12,"type":"binary-expr","locations":[{"start":{"line":12,"column":31},"end":{"line":12,"column":47}},{"start":{"line":12,"column":51},"end":{"line":12,"column":85}}]},"3":{"line":14,"type":"binary-expr","locations":[{"start":{"line":14,"column":16},"end":{"line":14,"column":44}},{"start":{"line":15,"column":20},"end":{"line":15,"column":49}}]},"4":{"line":20,"type":"binary-expr","locations":[{"start":{"line":20,"column":41},"end":{"line":20,"column":67}},{"start":{"line":20,"column":71},"end":{"line":20,"column":100}}]}}},"/Users/Joesonw/t2ee/vader/test-dist/src/decorators/OPTIONS.js":{"path":"/Users/Joesonw/t2ee/vader/test-dist/src/decorators/OPTIONS.js","s":{"1":1,"2":1,"3":1,"4":1,"5":1},"b":{},"f":{},"fnMap":{},"statementMap":{"1":{"start":{"line":2,"column":0},"end":{"line":2,"column":52}},"2":{"start":{"line":3,"column":0},"end":{"line":3,"column":49}},"3":{"start":{"line":4,"column":0},"end":{"line":4,"column":94}},"4":{"start":{"line":5,"column":0},"end":{"line":5,"column":62}},"5":{"start":{"line":6,"column":0},"end":{"line":6,"column":26}}},"branchMap":{}},"/Users/Joesonw/t2ee/vader/test-dist/src/decorators/POST.js":{"path":"/Users/Joesonw/t2ee/vader/test-dist/src/decorators/POST.js","s":{"1":1,"2":1,"3":1,"4":1,"5":1},"b":{},"f":{},"fnMap":{},"statementMap":{"1":{"start":{"line":2,"column":0},"end":{"line":2,"column":52}},"2":{"start":{"line":3,"column":0},"end":{"line":3,"column":49}},"3":{"start":{"line":4,"column":0},"end":{"line":4,"column":88}},"4":{"start":{"line":5,"column":0},"end":{"line":5,"column":62}},"5":{"start":{"line":6,"column":0},"end":{"line":6,"column":23}}},"branchMap":{}},"/Users/Joesonw/t2ee/vader/test-dist/src/decorators/PUT.js":{"path":"/Users/Joesonw/t2ee/vader/test-dist/src/decorators/PUT.js","s":{"1":1,"2":1,"3":1,"4":1,"5":1},"b":{},"f":{},"fnMap":{},"statementMap":{"1":{"start":{"line":2,"column":0},"end":{"line":2,"column":52}},"2":{"start":{"line":3,"column":0},"end":{"line":3,"column":49}},"3":{"start":{"line":4,"column":0},"end":{"line":4,"column":86}},"4":{"start":{"line":5,"column":0},"end":{"line":5,"column":62}},"5":{"start":{"line":6,"column":0},"end":{"line":6,"column":22}}},"branchMap":{}},"/Users/Joesonw/t2ee/vader/test-dist/src/decorators/Path.js":{"path":"/Users/Joesonw/t2ee/vader/test-dist/src/decorators/Path.js","s":{"1":1,"2":1,"3":1,"4":1,"5":1,"6":1,"7":1,"8":20,"9":20,"10":13,"11":13,"12":13,"13":13,"14":13,"15":7,"16":7,"17":7,"18":1,"19":1},"b":{"1":[13,7],"2":[13,4],"3":[13,0],"4":[13,5],"5":[7,0]},"f":{"1":20},"fnMap":{"1":{"name":"Path","line":8,"loc":{"start":{"line":8,"column":0},"end":{"line":8,"column":20}}}},"statementMap":{"1":{"start":{"line":2,"column":0},"end":{"line":2,"column":44}},"2":{"start":{"line":3,"column":0},"end":{"line":3,"column":67}},"3":{"start":{"line":4,"column":0},"end":{"line":4,"column":57}},"4":{"start":{"line":5,"column":0},"end":{"line":5,"column":34}},"5":{"start":{"line":6,"column":0},"end":{"line":6,"column":36}},"6":{"start":{"line":7,"column":0},"end":{"line":7,"column":43}},"7":{"start":{"line":8,"column":0},"end":{"line":24,"column":1}},"8":{"start":{"line":9,"column":4},"end":{"line":23,"column":6}},"9":{"start":{"line":10,"column":8},"end":{"line":22,"column":9}},"10":{"start":{"line":11,"column":12},"end":{"line":11,"column":66}},"11":{"start":{"line":12,"column":12},"end":{"line":12,"column":86}},"12":{"start":{"line":13,"column":12},"end":{"line":13,"column":86}},"13":{"start":{"line":14,"column":12},"end":{"line":15,"column":46}},"14":{"start":{"line":16,"column":12},"end":{"line":16,"column":58}},"15":{"start":{"line":19,"column":12},"end":{"line":19,"column":47}},"16":{"start":{"line":20,"column":12},"end":{"line":20,"column":106}},"17":{"start":{"line":21,"column":12},"end":{"line":21,"column":51}},"18":{"start":{"line":25,"column":0},"end":{"line":25,"column":62}},"19":{"start":{"line":26,"column":0},"end":{"line":26,"column":23}}},"branchMap":{"1":{"line":10,"type":"if","locations":[{"start":{"line":10,"column":8},"end":{"line":10,"column":8}},{"start":{"line":10,"column":8},"end":{"line":10,"column":8}}]},"2":{"line":12,"type":"binary-expr","locations":[{"start":{"line":12,"column":31},"end":{"line":12,"column":47}},{"start":{"line":12,"column":51},"end":{"line":12,"column":85}}]},"3":{"line":13,"type":"binary-expr","locations":[{"start":{"line":13,"column":31},"end":{"line":13,"column":47}},{"start":{"line":13,"column":51},"end":{"line":13,"column":85}}]},"4":{"line":14,"type":"binary-expr","locations":[{"start":{"line":14,"column":43},"end":{"line":14,"column":71}},{"start":{"line":15,"column":16},"end":{"line":15,"column":45}}]},"5":{"line":20,"type":"binary-expr","locations":[{"start":{"line":20,"column":41},"end":{"line":20,"column":67}},{"start":{"line":20,"column":71},"end":{"line":20,"column":105}}]}}},"/Users/Joesonw/t2ee/vader/test-dist/src/decorators/PathParam.js":{"path":"/Users/Joesonw/t2ee/vader/test-dist/src/decorators/PathParam.js","s":{"1":1,"2":1,"3":1,"4":4,"5":1,"6":1},"b":{},"f":{"1":4},"fnMap":{"1":{"name":"PathParam","line":4,"loc":{"start":{"line":4,"column":0},"end":{"line":4,"column":29}}}},"statementMap":{"1":{"start":{"line":2,"column":0},"end":{"line":2,"column":47}},"2":{"start":{"line":3,"column":0},"end":{"line":3,"column":50}},"3":{"start":{"line":4,"column":0},"end":{"line":6,"column":1}},"4":{"start":{"line":5,"column":4},"end":{"line":5,"column":68}},"5":{"start":{"line":7,"column":0},"end":{"line":7,"column":62}},"6":{"start":{"line":8,"column":0},"end":{"line":8,"column":28}}},"branchMap":{}},"/Users/Joesonw/t2ee/vader/test-dist/src/decorators/Produce.js":{"path":"/Users/Joesonw/t2ee/vader/test-dist/src/decorators/Produce.js","s":{"1":1,"2":1,"3":1,"4":1,"5":1,"6":1,"7":1,"8":1,"9":0,"10":0,"11":0,"12":0,"13":0,"14":1,"15":1},"b":{"1":[0,0],"2":[0,0]},"f":{"1":0},"fnMap":{"1":{"name":"Produce","line":9,"loc":{"start":{"line":9,"column":0},"end":{"line":9,"column":23}}}},"statementMap":{"1":{"start":{"line":2,"column":0},"end":{"line":2,"column":44}},"2":{"start":{"line":3,"column":0},"end":{"line":3,"column":67}},"3":{"start":{"line":4,"column":0},"end":{"line":4,"column":57}},"4":{"start":{"line":5,"column":0},"end":{"line":5,"column":50}},"5":{"start":{"line":6,"column":0},"end":{"line":6,"column":34}},"6":{"start":{"line":7,"column":0},"end":{"line":7,"column":36}},"7":{"start":{"line":8,"column":0},"end":{"line":8,"column":43}},"8":{"start":{"line":9,"column":0},"end":{"line":17,"column":1}},"9":{"start":{"line":10,"column":4},"end":{"line":16,"column":6}},"10":{"start":{"line":11,"column":8},"end":{"line":11,"column":74}},"11":{"start":{"line":12,"column":8},"end":{"line":12,"column":82}},"12":{"start":{"line":13,"column":8},"end":{"line":14,"column":42}},"13":{"start":{"line":15,"column":8},"end":{"line":15,"column":52}},"14":{"start":{"line":18,"column":0},"end":{"line":18,"column":62}},"15":{"start":{"line":19,"column":0},"end":{"line":19,"column":26}}},"branchMap":{"1":{"line":12,"type":"binary-expr","locations":[{"start":{"line":12,"column":27},"end":{"line":12,"column":43}},{"start":{"line":12,"column":47},"end":{"line":12,"column":81}}]},"2":{"line":13,"type":"binary-expr","locations":[{"start":{"line":13,"column":39},"end":{"line":13,"column":67}},{"start":{"line":14,"column":12},"end":{"line":14,"column":41}}]}}},"/Users/Joesonw/t2ee/vader/test-dist/src/decorators/QueryParam.js":{"path":"/Users/Joesonw/t2ee/vader/test-dist/src/decorators/QueryParam.js","s":{"1":1,"2":1,"3":1,"4":4,"5":1,"6":1},"b":{},"f":{"1":4},"fnMap":{"1":{"name":"QueryParam","line":4,"loc":{"start":{"line":4,"column":0},"end":{"line":4,"column":30}}}},"statementMap":{"1":{"start":{"line":2,"column":0},"end":{"line":2,"column":47}},"2":{"start":{"line":3,"column":0},"end":{"line":3,"column":50}},"3":{"start":{"line":4,"column":0},"end":{"line":6,"column":1}},"4":{"start":{"line":5,"column":4},"end":{"line":5,"column":69}},"5":{"start":{"line":7,"column":0},"end":{"line":7,"column":62}},"6":{"start":{"line":8,"column":0},"end":{"line":8,"column":29}}},"branchMap":{}},"/Users/Joesonw/t2ee/vader/test-dist/src/enums/Charset.js":{"path":"/Users/Joesonw/t2ee/vader/test-dist/src/enums/Charset.js","s":{"1":1,"2":1,"3":1,"4":1,"5":1,"6":1,"7":0,"8":0,"9":1,"10":1,"11":1},"b":{"1":[1,1],"2":[0],"3":[1,0]},"f":{"1":1,"2":1,"3":0},"fnMap":{"1":{"name":"(anonymous_1)","line":3,"loc":{"start":{"line":3,"column":1},"end":{"line":3,"column":20}}},"2":{"name":"(anonymous_2)","line":7,"loc":{"start":{"line":7,"column":1},"end":{"line":7,"column":20}}},"3":{"name":"toString","line":8,"loc":{"start":{"line":8,"column":4},"end":{"line":8,"column":31}}}},"statementMap":{"1":{"start":{"line":2,"column":0},"end":{"line":2,"column":12}},"2":{"start":{"line":3,"column":0},"end":{"line":5,"column":30}},"3":{"start":{"line":4,"column":4},"end":{"line":4,"column":42}},"4":{"start":{"line":6,"column":0},"end":{"line":6,"column":12}},"5":{"start":{"line":7,"column":0},"end":{"line":15,"column":30}},"6":{"start":{"line":8,"column":4},"end":{"line":13,"column":5}},"7":{"start":{"line":9,"column":8},"end":{"line":12,"column":9}},"8":{"start":{"line":11,"column":16},"end":{"line":11,"column":30}},"9":{"start":{"line":14,"column":4},"end":{"line":14,"column":32}},"10":{"start":{"line":16,"column":0},"end":{"line":16,"column":62}},"11":{"start":{"line":17,"column":0},"end":{"line":17,"column":26}}},"branchMap":{"1":{"line":5,"type":"binary-expr","locations":[{"start":{"line":5,"column":3},"end":{"line":5,"column":10}},{"start":{"line":5,"column":15},"end":{"line":5,"column":27}}]},"2":{"line":9,"type":"switch","locations":[{"start":{"line":10,"column":12},"end":{"line":11,"column":30}}]},"3":{"line":15,"type":"binary-expr","locations":[{"start":{"line":15,"column":3},"end":{"line":15,"column":10}},{"start":{"line":15,"column":15},"end":{"line":15,"column":27}}]}}},"/Users/Joesonw/t2ee/vader/test-dist/src/enums/Status.js":{"path":"/Users/Joesonw/t2ee/vader/test-dist/src/enums/Status.js","s":{"1":1,"2":1,"3":1,"4":1,"5":1,"6":1,"7":1,"8":1,"9":1,"10":1,"11":1,"12":1,"13":1,"14":1,"15":1,"16":1,"17":1,"18":1,"19":1,"20":1,"21":1,"22":1,"23":1,"24":1,"25":1,"26":1,"27":1,"28":1,"29":1,"30":1,"31":1,"32":1,"33":1,"34":1,"35":1,"36":1,"37":1,"38":1,"39":1,"40":1,"41":1,"42":0,"43":0,"44":0,"45":0,"46":0,"47":0,"48":0,"49":0,"50":0,"51":0,"52":0,"53":0,"54":0,"55":0,"56":0,"57":0,"58":0,"59":0,"60":0,"61":0,"62":0,"63":0,"64":0,"65":0,"66":0,"67":0,"68":0,"69":0,"70":0,"71":0,"72":0,"73":0,"74":0,"75":0,"76":0,"77":0,"78":0,"79":1,"80":1,"81":1},"b":{"1":[1,1],"2":[0,0,0,0,0,0,0,0,0,0,0,0,0,0,0,0,0,0,0,0,0,0,0,0,0,0,0,0,0,0,0,0,0,0,0,0],"3":[1,0]},"f":{"1":1,"2":1,"3":0},"fnMap":{"1":{"name":"(anonymous_1)","line":3,"loc":{"start":{"line":3,"column":1},"end":{"line":3,"column":19}}},"2":{"name":"(anonymous_2)","line":42,"loc":{"start":{"line":42,"column":1},"end":{"line":42,"column":19}}},"3":{"name":"toString","line":43,"loc":{"start":{"line":43,"column":4},"end":{"line":43,"column":30}}}},"statementMap":{"1":{"start":{"line":2,"column":0},"end":{"line":2,"column":11}},"2":{"start":{"line":3,"column":0},"end":{"line":40,"column":28}},"3":{"start":{"line":4,"column":4},"end":{"line":4,"column":38}},"4":{"start":{"line":5,"column":4},"end":{"line":5,"column":48}},"5":{"start":{"line":6,"column":4},"end":{"line":6,"column":50}},"6":{"start":{"line":7,"column":4},"end":{"line":7,"column":54}},"7":{"start":{"line":8,"column":4},"end":{"line":8,"column":48}},"8":{"start":{"line":9,"column":4},"end":{"line":9,"column":44}},"9":{"start":{"line":10,"column":4},"end":{"line":10,"column":44}},"10":{"start":{"line":11,"column":4},"end":{"line":11,"column":52}},"11":{"start":{"line":12,"column":4},"end":{"line":12,"column":58}},"12":{"start":{"line":13,"column":4},"end":{"line":13,"column":50}},"13":{"start":{"line":14,"column":4},"end":{"line":14,"column":70}},"14":{"start":{"line":15,"column":4},"end":{"line":15,"column":56}},"15":{"start":{"line":16,"column":4},"end":{"line":16,"column":58}},"16":{"start":{"line":17,"column":4},"end":{"line":17,"column":52}},"17":{"start":{"line":18,"column":4},"end":{"line":18,"column":52}},"18":{"start":{"line":19,"column":4},"end":{"line":19,"column":70}},"19":{"start":{"line":20,"column":4},"end":{"line":20,"column":62}},"20":{"start":{"line":21,"column":4},"end":{"line":21,"column":48}},"21":{"start":{"line":22,"column":4},"end":{"line":22,"column":50}},"22":{"start":{"line":23,"column":4},"end":{"line":23,"column":42}},"23":{"start":{"line":24,"column":4},"end":{"line":24,"column":64}},"24":{"start":{"line":25,"column":4},"end":{"line":25,"column":72}},"25":{"start":{"line":26,"column":4},"end":{"line":26,"column":52}},"26":{"start":{"line":27,"column":4},"end":{"line":27,"column":50}},"27":{"start":{"line":28,"column":4},"end":{"line":28,"column":56}},"28":{"start":{"line":29,"column":4},"end":{"line":29,"column":76}},"29":{"start":{"line":30,"column":4},"end":{"line":30,"column":70}},"30":{"start":{"line":31,"column":4},"end":{"line":31,"column":46}},"31":{"start":{"line":32,"column":4},"end":{"line":32,"column":60}},"32":{"start":{"line":33,"column":4},"end":{"line":33,"column":66}},"33":{"start":{"line":34,"column":4},"end":{"line":34,"column":50}},"34":{"start":{"line":35,"column":4},"end":{"line":35,"column":62}},"35":{"start":{"line":36,"column":4},"end":{"line":36,"column":64}},"36":{"start":{"line":37,"column":4},"end":{"line":37,"column":56}},"37":{"start":{"line":38,"column":4},"end":{"line":38,"column":56}},"38":{"start":{"line":39,"column":4},"end":{"line":39,"column":64}},"39":{"start":{"line":41,"column":0},"end":{"line":41,"column":11}},"40":{"start":{"line":42,"column":0},"end":{"line":120,"column":28}},"41":{"start":{"line":43,"column":4},"end":{"line":118,"column":5}},"42":{"start":{"line":44,"column":8},"end":{"line":117,"column":9}},"43":{"start":{"line":46,"column":16},"end":{"line":46,"column":28}},"44":{"start":{"line":48,"column":16},"end":{"line":48,"column":33}},"45":{"start":{"line":50,"column":16},"end":{"line":50,"column":34}},"46":{"start":{"line":52,"column":16},"end":{"line":52,"column":36}},"47":{"start":{"line":54,"column":16},"end":{"line":54,"column":41}},"48":{"start":{"line":56,"column":16},"end":{"line":56,"column":43}},"49":{"start":{"line":58,"column":16},"end":{"line":58,"column":31}},"50":{"start":{"line":60,"column":16},"end":{"line":60,"column":35}},"51":{"start":{"line":62,"column":16},"end":{"line":62,"column":38}},"52":{"start":{"line":64,"column":16},"end":{"line":64,"column":44}},"53":{"start":{"line":66,"column":16},"end":{"line":66,"column":44}},"54":{"start":{"line":68,"column":16},"end":{"line":68,"column":37}},"55":{"start":{"line":70,"column":16},"end":{"line":70,"column":38}},"56":{"start":{"line":72,"column":16},"end":{"line":72,"column":35}},"57":{"start":{"line":74,"column":16},"end":{"line":74,"column":35}},"58":{"start":{"line":76,"column":16},"end":{"line":76,"column":44}},"59":{"start":{"line":78,"column":16},"end":{"line":78,"column":40}},"60":{"start":{"line":80,"column":16},"end":{"line":80,"column":33}},"61":{"start":{"line":82,"column":16},"end":{"line":82,"column":34}},"62":{"start":{"line":84,"column":16},"end":{"line":84,"column":30}},"63":{"start":{"line":86,"column":16},"end":{"line":86,"column":41}},"64":{"start":{"line":88,"column":16},"end":{"line":88,"column":45}},"65":{"start":{"line":90,"column":16},"end":{"line":90,"column":43}},"66":{"start":{"line":92,"column":16},"end":{"line":92,"column":38}},"67":{"start":{"line":94,"column":16},"end":{"line":94,"column":48}},"68":{"start":{"line":96,"column":16},"end":{"line":96,"column":47}},"69":{"start":{"line":98,"column":16},"end":{"line":98,"column":44}},"70":{"start":{"line":100,"column":16},"end":{"line":100,"column":39}},"71":{"start":{"line":102,"column":16},"end":{"line":102,"column":46}},"72":{"start":{"line":104,"column":16},"end":{"line":104,"column":42}},"73":{"start":{"line":106,"column":16},"end":{"line":106,"column":43}},"74":{"start":{"line":108,"column":16},"end":{"line":108,"column":40}},"75":{"start":{"line":110,"column":16},"end":{"line":110,"column":41}},"76":{"start":{"line":112,"column":16},"end":{"line":112,"column":37}},"77":{"start":{"line":114,"column":16},"end":{"line":114,"column":37}},"78":{"start":{"line":116,"column":16},"end":{"line":116,"column":41}},"79":{"start":{"line":119,"column":4},"end":{"line":119,"column":31}},"80":{"start":{"line":121,"column":0},"end":{"line":121,"column":62}},"81":{"start":{"line":122,"column":0},"end":{"line":122,"column":25}}},"branchMap":{"1":{"line":40,"type":"binary-expr","locations":[{"start":{"line":40,"column":3},"end":{"line":40,"column":9}},{"start":{"line":40,"column":14},"end":{"line":40,"column":25}}]},"2":{"line":44,"type":"switch","locations":[{"start":{"line":45,"column":12},"end":{"line":46,"column":28}},{"start":{"line":47,"column":12},"end":{"line":48,"column":33}},{"start":{"line":49,"column":12},"end":{"line":50,"column":34}},{"start":{"line":51,"column":12},"end":{"line":52,"column":36}},{"start":{"line":53,"column":12},"end":{"line":54,"column":41}},{"start":{"line":55,"column":12},"end":{"line":56,"column":43}},{"start":{"line":57,"column":12},"end":{"line":58,"column":31}},{"start":{"line":59,"column":12},"end":{"line":60,"column":35}},{"start":{"line":61,"column":12},"end":{"line":62,"column":38}},{"start":{"line":63,"column":12},"end":{"line":64,"column":44}},{"start":{"line":65,"column":12},"end":{"line":66,"column":44}},{"start":{"line":67,"column":12},"end":{"line":68,"column":37}},{"start":{"line":69,"column":12},"end":{"line":70,"column":38}},{"start":{"line":71,"column":12},"end":{"line":72,"column":35}},{"start":{"line":73,"column":12},"end":{"line":74,"column":35}},{"start":{"line":75,"column":12},"end":{"line":76,"column":44}},{"start":{"line":77,"column":12},"end":{"line":78,"column":40}},{"start":{"line":79,"column":12},"end":{"line":80,"column":33}},{"start":{"line":81,"column":12},"end":{"line":82,"column":34}},{"start":{"line":83,"column":12},"end":{"line":84,"column":30}},{"start":{"line":85,"column":12},"end":{"line":86,"column":41}},{"start":{"line":87,"column":12},"end":{"line":88,"column":45}},{"start":{"line":89,"column":12},"end":{"line":90,"column":43}},{"start":{"line":91,"column":12},"end":{"line":92,"column":38}},{"start":{"line":93,"column":12},"end":{"line":94,"column":48}},{"start":{"line":95,"column":12},"end":{"line":96,"column":47}},{"start":{"line":97,"column":12},"end":{"line":98,"column":44}},{"start":{"line":99,"column":12},"end":{"line":100,"column":39}},{"start":{"line":101,"column":12},"end":{"line":102,"column":46}},{"start":{"line":103,"column":12},"end":{"line":104,"column":42}},{"start":{"line":105,"column":12},"end":{"line":106,"column":43}},{"start":{"line":107,"column":12},"end":{"line":108,"column":40}},{"start":{"line":109,"column":12},"end":{"line":110,"column":41}},{"start":{"line":111,"column":12},"end":{"line":112,"column":37}},{"start":{"line":113,"column":12},"end":{"line":114,"column":37}},{"start":{"line":115,"column":12},"end":{"line":116,"column":41}}]},"3":{"line":120,"type":"binary-expr","locations":[{"start":{"line":120,"column":3},"end":{"line":120,"column":9}},{"start":{"line":120,"column":14},"end":{"line":120,"column":25}}]}}}}