{
"/Users/Joesonw/koa-ts-router/dist/test/src/context.js":{"path":"/Users/Joesonw/koa-ts-router/dist/test/src/context.js","s":{},"b":{},"f":{},"fnMap":{},"statementMap":{},"branchMap":{},"l":{}},
"/Users/Joesonw/koa-ts-router/dist/test/src/controller.js":{"path":"/Users/Joesonw/koa-ts-router/dist/test/src/controller.js","s":{"1":1,"2":1},"b":{},"f":{},"fnMap":{},"statementMap":{"1":{"start":{"line":4,"column":0},"end":{"line":4,"column":62}},"2":{"start":{"line":5,"column":0},"end":{"line":5,"column":29}}},"branchMap":{},"l":{"4":1,"5":1}},
"/Users/Joesonw/koa-ts-router/dist/test/src/cookie.js":{"path":"/Users/Joesonw/koa-ts-router/dist/test/src/cookie.js","s":{"1":1,"2":1,"3":1,"4":1,"5":1,"6":1,"7":1,"8":1,"9":1,"10":1,"11":1,"12":1,"13":1,"14":1,"15":1,"16":1,"17":1,"18":1,"19":1,"20":1,"21":1,"22":1},"b":{"1":[1,0],"2":[1,0]},"f":{"1":1,"2":1,"3":1,"4":1,"5":1,"6":1},"fnMap":{"1":{"name":"(anonymous_1)","line":4,"loc":{"start":{"line":4,"column":15},"end":{"line":4,"column":18}}},"2":{"name":"(anonymous_2)","line":12,"loc":{"start":{"line":12,"column":15},"end":{"line":12,"column":18}}},"3":{"name":"(anonymous_3)","line":15,"loc":{"start":{"line":15,"column":15},"end":{"line":15,"column":22}}},"4":{"name":"(anonymous_4)","line":19,"loc":{"start":{"line":19,"column":14},"end":{"line":19,"column":17}}},"5":{"name":"(anonymous_5)","line":22,"loc":{"start":{"line":22,"column":14},"end":{"line":22,"column":21}}},"6":{"name":"(anonymous_6)","line":26,"loc":{"start":{"line":26,"column":12},"end":{"line":26,"column":15}}}},"statementMap":{"1":{"start":{"line":5,"column":8},"end":{"line":5,"column":26}},"2":{"start":{"line":6,"column":8},"end":{"line":6,"column":24}},"3":{"start":{"line":7,"column":8},"end":{"line":7,"column":27}},"4":{"start":{"line":8,"column":8},"end":{"line":8,"column":29}},"5":{"start":{"line":9,"column":8},"end":{"line":9,"column":35}},"6":{"start":{"line":10,"column":8},"end":{"line":10,"column":25}},"7":{"start":{"line":13,"column":8},"end":{"line":13,"column":29}},"8":{"start":{"line":16,"column":8},"end":{"line":16,"column":103}},"9":{"start":{"line":17,"column":8},"end":{"line":17,"column":29}},"10":{"start":{"line":20,"column":8},"end":{"line":20,"column":28}},"11":{"start":{"line":23,"column":8},"end":{"line":23,"column":88}},"12":{"start":{"line":24,"column":8},"end":{"line":24,"column":28}},"13":{"start":{"line":27,"column":8},"end":{"line":27,"column":31}},"14":{"start":{"line":28,"column":8},"end":{"line":28,"column":37}},"15":{"start":{"line":29,"column":8},"end":{"line":29,"column":57}},"16":{"start":{"line":30,"column":8},"end":{"line":30,"column":43}},"17":{"start":{"line":30,"column":25},"end":{"line":30,"column":43}},"18":{"start":{"line":31,"column":8},"end":{"line":31,"column":47}},"19":{"start":{"line":31,"column":27},"end":{"line":31,"column":47}},"20":{"start":{"line":32,"column":8},"end":{"line":32,"column":19}},"21":{"start":{"line":35,"column":0},"end":{"line":35,"column":62}},"22":{"start":{"line":36,"column":0},"end":{"line":36,"column":25}}},"branchMap":{"1":{"line":30,"type":"if","locations":[{"start":{"line":30,"column":8},"end":{"line":30,"column":8}},{"start":{"line":30,"column":8},"end":{"line":30,"column":8}}]},"2":{"line":31,"type":"if","locations":[{"start":{"line":31,"column":8},"end":{"line":31,"column":8}},{"start":{"line":31,"column":8},"end":{"line":31,"column":8}}]}},"l":{"5":1,"6":1,"7":1,"8":1,"9":1,"10":1,"13":1,"16":1,"17":1,"20":1,"23":1,"24":1,"27":1,"28":1,"29":1,"30":1,"31":1,"32":1,"35":1,"36":1}},
"/Users/Joesonw/koa-ts-router/dist/test/src/decorators.js":{"path":"/Users/Joesonw/koa-ts-router/dist/test/src/decorators.js","s":{"1":1,"2":1,"3":1,"4":1,"5":1,"6":1,"7":1,"8":1,"9":1,"10":1,"11":1,"12":1,"13":1,"14":11,"15":11,"16":11,"17":1,"18":1,"19":5,"20":5,"21":5,"22":1,"23":1,"24":1,"25":1,"26":1,"27":1,"28":1,"29":1,"30":1,"31":1,"32":1,"33":1,"34":33,"35":33,"36":19,"37":19,"38":19,"39":19,"40":19,"41":14,"42":1,"43":1,"44":14,"45":14,"46":14,"47":14,"48":1,"49":1,"50":5,"51":5,"52":5,"53":5,"54":1,"55":1,"56":4,"57":4,"58":2,"59":2,"60":2,"61":2,"62":2,"63":2,"64":2,"65":1,"66":1,"67":10,"68":10,"69":7,"70":7,"71":7,"72":7,"73":7,"74":3,"75":3,"76":1,"77":1,"78":10,"79":10,"80":8,"81":8,"82":8,"83":8,"84":8,"85":2,"86":2,"87":1,"88":1,"89":4,"90":4,"91":2,"92":2,"93":2,"94":2,"95":2,"96":2,"97":2,"98":1,"99":1,"100":2,"101":1,"102":1,"103":1,"104":1,"105":1,"106":1,"107":1,"108":1,"109":1,"110":5,"111":4,"112":4,"113":4,"114":4,"115":4,"116":1,"117":1,"118":1,"119":1,"120":5,"121":4,"122":4,"123":4,"124":4,"125":4,"126":1,"127":1,"128":1,"129":1,"130":2,"131":1,"132":1,"133":1,"134":1,"135":1,"136":1,"137":1,"138":1,"139":1,"140":2,"141":1,"142":1,"143":1,"144":1,"145":1,"146":1,"147":1,"148":1,"149":1,"150":2,"151":1,"152":1,"153":1,"154":1,"155":1,"156":1,"157":1,"158":1,"159":1,"160":1,"161":1,"162":1,"163":1,"164":1,"165":1},"b":{"1":[1,0],"2":[1,0],"3":[1,0],"4":[1,0],"5":[11,1],"6":[11,1],"7":[5,0],"8":[5,0],"9":[1,1],"10":[1,1],"11":[1,1],"12":[1,1],"13":[19,14],"14":[19,0],"15":[19,0],"16":[19,18],"17":[14,1],"18":[14,5],"19":[5,0],"20":[5,0],"21":[2,2],"22":[2,1],"23":[2,1],"24":[2,1],"25":[2,0],"26":[7,3],"27":[7,2],"28":[7,3],"29":[7,3],"30":[3,1],"31":[8,2],"32":[8,4],"33":[8,4],"34":[8,4],"35":[2,0],"36":[2,2],"37":[2,1],"38":[2,1],"39":[2,1],"40":[2,0],"41":[1,1],"42":[1,0],"43":[1,0],"44":[1,0],"45":[1,1],"46":[4,1],"47":[4,1],"48":[4,1],"49":[4,1],"50":[1,1],"51":[4,1],"52":[4,0],"53":[4,0],"54":[4,0],"55":[1,1],"56":[1,1],"57":[1,0],"58":[1,0],"59":[1,0],"60":[1,1],"61":[1,1],"62":[1,0],"63":[1,0],"64":[1,0],"65":[1,1],"66":[1,1],"67":[1,1],"68":[1,1],"69":[1,1],"70":[1,0],"71":[1,0],"72":[1,1],"73":[1,1]},"f":{"1":1,"2":1,"3":11,"4":5,"5":1,"6":1,"7":33,"8":14,"9":5,"10":4,"11":10,"12":10,"13":4,"14":2,"15":5,"16":5,"17":2,"18":2,"19":2,"20":1},"fnMap":{"1":{"name":"Before","line":6,"loc":{"start":{"line":6,"column":0},"end":{"line":6,"column":29}}},"2":{"name":"After","line":12,"loc":{"start":{"line":12,"column":0},"end":{"line":12,"column":28}}},"3":{"name":"GET","line":18,"loc":{"start":{"line":18,"column":0},"end":{"line":18,"column":26}}},"4":{"name":"POST","line":24,"loc":{"start":{"line":24,"column":0},"end":{"line":24,"column":27}}},"5":{"name":"PUT","line":30,"loc":{"start":{"line":30,"column":0},"end":{"line":30,"column":26}}},"6":{"name":"DELETE","line":36,"loc":{"start":{"line":36,"column":0},"end":{"line":36,"column":29}}},"7":{"name":"Path","line":42,"loc":{"start":{"line":42,"column":0},"end":{"line":42,"column":20}}},"8":{"name":"Produce","line":58,"loc":{"start":{"line":58,"column":0},"end":{"line":58,"column":23}}},"9":{"name":"Consume","line":66,"loc":{"start":{"line":66,"column":0},"end":{"line":66,"column":23}}},"10":{"name":"QueryParam","line":74,"loc":{"start":{"line":74,"column":0},"end":{"line":74,"column":27}}},"11":{"name":"PathParam","line":98,"loc":{"start":{"line":98,"column":0},"end":{"line":98,"column":26}}},"12":{"name":"BodyParam","line":122,"loc":{"start":{"line":122,"column":0},"end":{"line":122,"column":26}}},"13":{"name":"HeaderParam","line":146,"loc":{"start":{"line":146,"column":0},"end":{"line":146,"column":28}}},"14":{"name":"Query","line":170,"loc":{"start":{"line":170,"column":0},"end":{"line":170,"column":35}}},"15":{"name":"Params","line":192,"loc":{"start":{"line":192,"column":0},"end":{"line":192,"column":36}}},"16":{"name":"Body","line":214,"loc":{"start":{"line":214,"column":0},"end":{"line":214,"column":34}}},"17":{"name":"Headers","line":236,"loc":{"start":{"line":236,"column":0},"end":{"line":236,"column":37}}},"18":{"name":"AppContext","line":258,"loc":{"start":{"line":258,"column":0},"end":{"line":258,"column":40}}},"19":{"name":"HttpContext","line":280,"loc":{"start":{"line":280,"column":0},"end":{"line":280,"column":41}}},"20":{"name":"RouteResponse","line":302,"loc":{"start":{"line":302,"column":0},"end":{"line":302,"column":43}}}},"statementMap":{"1":{"start":{"line":3,"column":0},"end":{"line":3,"column":33}},"2":{"start":{"line":5,"column":0},"end":{"line":5,"column":28}},"3":{"start":{"line":6,"column":0},"end":{"line":10,"column":1}},"4":{"start":{"line":7,"column":4},"end":{"line":7,"column":44}},"5":{"start":{"line":8,"column":4},"end":{"line":8,"column":54}},"6":{"start":{"line":9,"column":4},"end":{"line":9,"column":43}},"7":{"start":{"line":11,"column":0},"end":{"line":11,"column":24}},"8":{"start":{"line":12,"column":0},"end":{"line":16,"column":1}},"9":{"start":{"line":13,"column":4},"end":{"line":13,"column":44}},"10":{"start":{"line":14,"column":4},"end":{"line":14,"column":54}},"11":{"start":{"line":15,"column":4},"end":{"line":15,"column":42}},"12":{"start":{"line":17,"column":0},"end":{"line":17,"column":22}},"13":{"start":{"line":18,"column":0},"end":{"line":22,"column":1}},"14":{"start":{"line":19,"column":4},"end":{"line":19,"column":44}},"15":{"start":{"line":20,"column":4},"end":{"line":20,"column":54}},"16":{"start":{"line":21,"column":4},"end":{"line":21,"column":40}},"17":{"start":{"line":23,"column":0},"end":{"line":23,"column":18}},"18":{"start":{"line":24,"column":0},"end":{"line":28,"column":1}},"19":{"start":{"line":25,"column":4},"end":{"line":25,"column":44}},"20":{"start":{"line":26,"column":4},"end":{"line":26,"column":54}},"21":{"start":{"line":27,"column":4},"end":{"line":27,"column":41}},"22":{"start":{"line":29,"column":0},"end":{"line":29,"column":20}},"23":{"start":{"line":30,"column":0},"end":{"line":34,"column":1}},"24":{"start":{"line":31,"column":4},"end":{"line":31,"column":44}},"25":{"start":{"line":32,"column":4},"end":{"line":32,"column":54}},"26":{"start":{"line":33,"column":4},"end":{"line":33,"column":40}},"27":{"start":{"line":35,"column":0},"end":{"line":35,"column":18}},"28":{"start":{"line":36,"column":0},"end":{"line":40,"column":1}},"29":{"start":{"line":37,"column":4},"end":{"line":37,"column":44}},"30":{"start":{"line":38,"column":4},"end":{"line":38,"column":54}},"31":{"start":{"line":39,"column":4},"end":{"line":39,"column":43}},"32":{"start":{"line":41,"column":0},"end":{"line":41,"column":24}},"33":{"start":{"line":42,"column":0},"end":{"line":56,"column":1}},"34":{"start":{"line":43,"column":4},"end":{"line":55,"column":6}},"35":{"start":{"line":44,"column":8},"end":{"line":54,"column":9}},"36":{"start":{"line":45,"column":12},"end":{"line":45,"column":91}},"37":{"start":{"line":46,"column":12},"end":{"line":46,"column":52}},"38":{"start":{"line":47,"column":12},"end":{"line":47,"column":62}},"39":{"start":{"line":48,"column":12},"end":{"line":48,"column":72}},"40":{"start":{"line":49,"column":12},"end":{"line":49,"column":49}},"41":{"start":{"line":51,"column":12},"end":{"line":53,"column":15}},"42":{"start":{"line":57,"column":0},"end":{"line":57,"column":20}},"43":{"start":{"line":58,"column":0},"end":{"line":64,"column":1}},"44":{"start":{"line":59,"column":4},"end":{"line":63,"column":6}},"45":{"start":{"line":60,"column":8},"end":{"line":60,"column":48}},"46":{"start":{"line":61,"column":8},"end":{"line":61,"column":58}},"47":{"start":{"line":62,"column":8},"end":{"line":62,"column":44}},"48":{"start":{"line":65,"column":0},"end":{"line":65,"column":26}},"49":{"start":{"line":66,"column":0},"end":{"line":72,"column":1}},"50":{"start":{"line":67,"column":4},"end":{"line":71,"column":6}},"51":{"start":{"line":68,"column":8},"end":{"line":68,"column":48}},"52":{"start":{"line":69,"column":8},"end":{"line":69,"column":58}},"53":{"start":{"line":70,"column":8},"end":{"line":70,"column":44}},"54":{"start":{"line":73,"column":0},"end":{"line":73,"column":26}},"55":{"start":{"line":74,"column":0},"end":{"line":96,"column":1}},"56":{"start":{"line":75,"column":4},"end":{"line":95,"column":6}},"57":{"start":{"line":76,"column":8},"end":{"line":94,"column":9}},"58":{"start":{"line":77,"column":12},"end":{"line":77,"column":98}},"59":{"start":{"line":78,"column":12},"end":{"line":78,"column":52}},"60":{"start":{"line":79,"column":12},"end":{"line":79,"column":62}},"61":{"start":{"line":80,"column":12},"end":{"line":80,"column":84}},"62":{"start":{"line":81,"column":12},"end":{"line":86,"column":14}},"63":{"start":{"line":88,"column":12},"end":{"line":88,"column":60}},"64":{"start":{"line":89,"column":12},"end":{"line":93,"column":14}},"65":{"start":{"line":97,"column":0},"end":{"line":97,"column":32}},"66":{"start":{"line":98,"column":0},"end":{"line":120,"column":1}},"67":{"start":{"line":99,"column":4},"end":{"line":119,"column":6}},"68":{"start":{"line":100,"column":8},"end":{"line":118,"column":9}},"69":{"start":{"line":101,"column":12},"end":{"line":101,"column":98}},"70":{"start":{"line":102,"column":12},"end":{"line":102,"column":52}},"71":{"start":{"line":103,"column":12},"end":{"line":103,"column":62}},"72":{"start":{"line":104,"column":12},"end":{"line":104,"column":84}},"73":{"start":{"line":105,"column":12},"end":{"line":110,"column":14}},"74":{"start":{"line":112,"column":12},"end":{"line":112,"column":60}},"75":{"start":{"line":113,"column":12},"end":{"line":117,"column":14}},"76":{"start":{"line":121,"column":0},"end":{"line":121,"column":30}},"77":{"start":{"line":122,"column":0},"end":{"line":144,"column":1}},"78":{"start":{"line":123,"column":4},"end":{"line":143,"column":6}},"79":{"start":{"line":124,"column":8},"end":{"line":142,"column":9}},"80":{"start":{"line":125,"column":12},"end":{"line":125,"column":98}},"81":{"start":{"line":126,"column":12},"end":{"line":126,"column":52}},"82":{"start":{"line":127,"column":12},"end":{"line":127,"column":62}},"83":{"start":{"line":128,"column":12},"end":{"line":128,"column":84}},"84":{"start":{"line":129,"column":12},"end":{"line":134,"column":14}},"85":{"start":{"line":136,"column":12},"end":{"line":136,"column":60}},"86":{"start":{"line":137,"column":12},"end":{"line":141,"column":14}},"87":{"start":{"line":145,"column":0},"end":{"line":145,"column":30}},"88":{"start":{"line":146,"column":0},"end":{"line":168,"column":1}},"89":{"start":{"line":147,"column":4},"end":{"line":167,"column":6}},"90":{"start":{"line":148,"column":8},"end":{"line":166,"column":9}},"91":{"start":{"line":149,"column":12},"end":{"line":149,"column":98}},"92":{"start":{"line":150,"column":12},"end":{"line":150,"column":52}},"93":{"start":{"line":151,"column":12},"end":{"line":151,"column":62}},"94":{"start":{"line":152,"column":12},"end":{"line":152,"column":84}},"95":{"start":{"line":153,"column":12},"end":{"line":158,"column":14}},"96":{"start":{"line":160,"column":12},"end":{"line":160,"column":60}},"97":{"start":{"line":161,"column":12},"end":{"line":165,"column":14}},"98":{"start":{"line":169,"column":0},"end":{"line":169,"column":34}},"99":{"start":{"line":170,"column":0},"end":{"line":190,"column":1}},"100":{"start":{"line":171,"column":4},"end":{"line":189,"column":5}},"101":{"start":{"line":172,"column":8},"end":{"line":172,"column":94}},"102":{"start":{"line":173,"column":8},"end":{"line":173,"column":48}},"103":{"start":{"line":174,"column":8},"end":{"line":174,"column":58}},"104":{"start":{"line":175,"column":8},"end":{"line":175,"column":80}},"105":{"start":{"line":176,"column":8},"end":{"line":181,"column":10}},"106":{"start":{"line":183,"column":8},"end":{"line":183,"column":56}},"107":{"start":{"line":184,"column":8},"end":{"line":188,"column":10}},"108":{"start":{"line":191,"column":0},"end":{"line":191,"column":22}},"109":{"start":{"line":192,"column":0},"end":{"line":212,"column":1}},"110":{"start":{"line":193,"column":4},"end":{"line":211,"column":5}},"111":{"start":{"line":194,"column":8},"end":{"line":194,"column":94}},"112":{"start":{"line":195,"column":8},"end":{"line":195,"column":48}},"113":{"start":{"line":196,"column":8},"end":{"line":196,"column":58}},"114":{"start":{"line":197,"column":8},"end":{"line":197,"column":80}},"115":{"start":{"line":198,"column":8},"end":{"line":203,"column":10}},"116":{"start":{"line":205,"column":8},"end":{"line":205,"column":56}},"117":{"start":{"line":206,"column":8},"end":{"line":210,"column":10}},"118":{"start":{"line":213,"column":0},"end":{"line":213,"column":24}},"119":{"start":{"line":214,"column":0},"end":{"line":234,"column":1}},"120":{"start":{"line":215,"column":4},"end":{"line":233,"column":5}},"121":{"start":{"line":216,"column":8},"end":{"line":216,"column":94}},"122":{"start":{"line":217,"column":8},"end":{"line":217,"column":48}},"123":{"start":{"line":218,"column":8},"end":{"line":218,"column":58}},"124":{"start":{"line":219,"column":8},"end":{"line":219,"column":80}},"125":{"start":{"line":220,"column":8},"end":{"line":225,"column":10}},"126":{"start":{"line":227,"column":8},"end":{"line":227,"column":56}},"127":{"start":{"line":228,"column":8},"end":{"line":232,"column":10}},"128":{"start":{"line":235,"column":0},"end":{"line":235,"column":20}},"129":{"start":{"line":236,"column":0},"end":{"line":256,"column":1}},"130":{"start":{"line":237,"column":4},"end":{"line":255,"column":5}},"131":{"start":{"line":238,"column":8},"end":{"line":238,"column":94}},"132":{"start":{"line":239,"column":8},"end":{"line":239,"column":48}},"133":{"start":{"line":240,"column":8},"end":{"line":240,"column":58}},"134":{"start":{"line":241,"column":8},"end":{"line":241,"column":80}},"135":{"start":{"line":242,"column":8},"end":{"line":247,"column":10}},"136":{"start":{"line":249,"column":8},"end":{"line":249,"column":56}},"137":{"start":{"line":250,"column":8},"end":{"line":254,"column":10}},"138":{"start":{"line":257,"column":0},"end":{"line":257,"column":26}},"139":{"start":{"line":258,"column":0},"end":{"line":278,"column":1}},"140":{"start":{"line":259,"column":4},"end":{"line":277,"column":5}},"141":{"start":{"line":260,"column":8},"end":{"line":260,"column":94}},"142":{"start":{"line":261,"column":8},"end":{"line":261,"column":48}},"143":{"start":{"line":262,"column":8},"end":{"line":262,"column":58}},"144":{"start":{"line":263,"column":8},"end":{"line":263,"column":80}},"145":{"start":{"line":264,"column":8},"end":{"line":269,"column":10}},"146":{"start":{"line":271,"column":8},"end":{"line":271,"column":56}},"147":{"start":{"line":272,"column":8},"end":{"line":276,"column":10}},"148":{"start":{"line":279,"column":0},"end":{"line":279,"column":32}},"149":{"start":{"line":280,"column":0},"end":{"line":300,"column":1}},"150":{"start":{"line":281,"column":4},"end":{"line":299,"column":5}},"151":{"start":{"line":282,"column":8},"end":{"line":282,"column":94}},"152":{"start":{"line":283,"column":8},"end":{"line":283,"column":48}},"153":{"start":{"line":284,"column":8},"end":{"line":284,"column":58}},"154":{"start":{"line":285,"column":8},"end":{"line":285,"column":80}},"155":{"start":{"line":286,"column":8},"end":{"line":291,"column":10}},"156":{"start":{"line":293,"column":8},"end":{"line":293,"column":56}},"157":{"start":{"line":294,"column":8},"end":{"line":298,"column":10}},"158":{"start":{"line":301,"column":0},"end":{"line":301,"column":34}},"159":{"start":{"line":302,"column":0},"end":{"line":313,"column":1}},"160":{"start":{"line":303,"column":4},"end":{"line":303,"column":90}},"161":{"start":{"line":304,"column":4},"end":{"line":304,"column":44}},"162":{"start":{"line":305,"column":4},"end":{"line":305,"column":54}},"163":{"start":{"line":306,"column":4},"end":{"line":306,"column":76}},"164":{"start":{"line":307,"column":4},"end":{"line":312,"column":6}},"165":{"start":{"line":314,"column":0},"end":{"line":314,"column":38}}},"branchMap":{"1":{"line":7,"type":"binary-expr","locations":[{"start":{"line":7,"column":22},"end":{"line":7,"column":37}},{"start":{"line":7,"column":41},"end":{"line":7,"column":43}}]},"2":{"line":8,"type":"binary-expr","locations":[{"start":{"line":8,"column":27},"end":{"line":8,"column":47}},{"start":{"line":8,"column":51},"end":{"line":8,"column":53}}]},"3":{"line":13,"type":"binary-expr","locations":[{"start":{"line":13,"column":22},"end":{"line":13,"column":37}},{"start":{"line":13,"column":41},"end":{"line":13,"column":43}}]},"4":{"line":14,"type":"binary-expr","locations":[{"start":{"line":14,"column":27},"end":{"line":14,"column":47}},{"start":{"line":14,"column":51},"end":{"line":14,"column":53}}]},"5":{"line":19,"type":"binary-expr","locations":[{"start":{"line":19,"column":22},"end":{"line":19,"column":37}},{"start":{"line":19,"column":41},"end":{"line":19,"column":43}}]},"6":{"line":20,"type":"binary-expr","locations":[{"start":{"line":20,"column":27},"end":{"line":20,"column":47}},{"start":{"line":20,"column":51},"end":{"line":20,"column":53}}]},"7":{"line":25,"type":"binary-expr","locations":[{"start":{"line":25,"column":22},"end":{"line":25,"column":37}},{"start":{"line":25,"column":41},"end":{"line":25,"column":43}}]},"8":{"line":26,"type":"binary-expr","locations":[{"start":{"line":26,"column":27},"end":{"line":26,"column":47}},{"start":{"line":26,"column":51},"end":{"line":26,"column":53}}]},"9":{"line":31,"type":"binary-expr","locations":[{"start":{"line":31,"column":22},"end":{"line":31,"column":37}},{"start":{"line":31,"column":41},"end":{"line":31,"column":43}}]},"10":{"line":32,"type":"binary-expr","locations":[{"start":{"line":32,"column":27},"end":{"line":32,"column":47}},{"start":{"line":32,"column":51},"end":{"line":32,"column":53}}]},"11":{"line":37,"type":"binary-expr","locations":[{"start":{"line":37,"column":22},"end":{"line":37,"column":37}},{"start":{"line":37,"column":41},"end":{"line":37,"column":43}}]},"12":{"line":38,"type":"binary-expr","locations":[{"start":{"line":38,"column":27},"end":{"line":38,"column":47}},{"start":{"line":38,"column":51},"end":{"line":38,"column":53}}]},"13":{"line":44,"type":"if","locations":[{"start":{"line":44,"column":8},"end":{"line":44,"column":8}},{"start":{"line":44,"column":8},"end":{"line":44,"column":8}}]},"14":{"line":46,"type":"binary-expr","locations":[{"start":{"line":46,"column":30},"end":{"line":46,"column":45}},{"start":{"line":46,"column":49},"end":{"line":46,"column":51}}]},"15":{"line":47,"type":"binary-expr","locations":[{"start":{"line":47,"column":35},"end":{"line":47,"column":55}},{"start":{"line":47,"column":59},"end":{"line":47,"column":61}}]},"16":{"line":48,"type":"binary-expr","locations":[{"start":{"line":48,"column":40},"end":{"line":48,"column":65}},{"start":{"line":48,"column":69},"end":{"line":48,"column":71}}]},"17":{"line":60,"type":"binary-expr","locations":[{"start":{"line":60,"column":26},"end":{"line":60,"column":41}},{"start":{"line":60,"column":45},"end":{"line":60,"column":47}}]},"18":{"line":61,"type":"binary-expr","locations":[{"start":{"line":61,"column":31},"end":{"line":61,"column":51}},{"start":{"line":61,"column":55},"end":{"line":61,"column":57}}]},"19":{"line":68,"type":"binary-expr","locations":[{"start":{"line":68,"column":26},"end":{"line":68,"column":41}},{"start":{"line":68,"column":45},"end":{"line":68,"column":47}}]},"20":{"line":69,"type":"binary-expr","locations":[{"start":{"line":69,"column":31},"end":{"line":69,"column":51}},{"start":{"line":69,"column":55},"end":{"line":69,"column":57}}]},"21":{"line":76,"type":"if","locations":[{"start":{"line":76,"column":8},"end":{"line":76,"column":8}},{"start":{"line":76,"column":8},"end":{"line":76,"column":8}}]},"22":{"line":78,"type":"binary-expr","locations":[{"start":{"line":78,"column":30},"end":{"line":78,"column":45}},{"start":{"line":78,"column":49},"end":{"line":78,"column":51}}]},"23":{"line":79,"type":"binary-expr","locations":[{"start":{"line":79,"column":35},"end":{"line":79,"column":55}},{"start":{"line":79,"column":59},"end":{"line":79,"column":61}}]},"24":{"line":80,"type":"binary-expr","locations":[{"start":{"line":80,"column":46},"end":{"line":80,"column":77}},{"start":{"line":80,"column":81},"end":{"line":80,"column":83}}]},"25":{"line":88,"type":"binary-expr","locations":[{"start":{"line":88,"column":34},"end":{"line":88,"column":53}},{"start":{"line":88,"column":57},"end":{"line":88,"column":59}}]},"26":{"line":100,"type":"if","locations":[{"start":{"line":100,"column":8},"end":{"line":100,"column":8}},{"start":{"line":100,"column":8},"end":{"line":100,"column":8}}]},"27":{"line":102,"type":"binary-expr","locations":[{"start":{"line":102,"column":30},"end":{"line":102,"column":45}},{"start":{"line":102,"column":49},"end":{"line":102,"column":51}}]},"28":{"line":103,"type":"binary-expr","locations":[{"start":{"line":103,"column":35},"end":{"line":103,"column":55}},{"start":{"line":103,"column":59},"end":{"line":103,"column":61}}]},"29":{"line":104,"type":"binary-expr","locations":[{"start":{"line":104,"column":46},"end":{"line":104,"column":77}},{"start":{"line":104,"column":81},"end":{"line":104,"column":83}}]},"30":{"line":112,"type":"binary-expr","locations":[{"start":{"line":112,"column":34},"end":{"line":112,"column":53}},{"start":{"line":112,"column":57},"end":{"line":112,"column":59}}]},"31":{"line":124,"type":"if","locations":[{"start":{"line":124,"column":8},"end":{"line":124,"column":8}},{"start":{"line":124,"column":8},"end":{"line":124,"column":8}}]},"32":{"line":126,"type":"binary-expr","locations":[{"start":{"line":126,"column":30},"end":{"line":126,"column":45}},{"start":{"line":126,"column":49},"end":{"line":126,"column":51}}]},"33":{"line":127,"type":"binary-expr","locations":[{"start":{"line":127,"column":35},"end":{"line":127,"column":55}},{"start":{"line":127,"column":59},"end":{"line":127,"column":61}}]},"34":{"line":128,"type":"binary-expr","locations":[{"start":{"line":128,"column":46},"end":{"line":128,"column":77}},{"start":{"line":128,"column":81},"end":{"line":128,"column":83}}]},"35":{"line":136,"type":"binary-expr","locations":[{"start":{"line":136,"column":34},"end":{"line":136,"column":53}},{"start":{"line":136,"column":57},"end":{"line":136,"column":59}}]},"36":{"line":148,"type":"if","locations":[{"start":{"line":148,"column":8},"end":{"line":148,"column":8}},{"start":{"line":148,"column":8},"end":{"line":148,"column":8}}]},"37":{"line":150,"type":"binary-expr","locations":[{"start":{"line":150,"column":30},"end":{"line":150,"column":45}},{"start":{"line":150,"column":49},"end":{"line":150,"column":51}}]},"38":{"line":151,"type":"binary-expr","locations":[{"start":{"line":151,"column":35},"end":{"line":151,"column":55}},{"start":{"line":151,"column":59},"end":{"line":151,"column":61}}]},"39":{"line":152,"type":"binary-expr","locations":[{"start":{"line":152,"column":46},"end":{"line":152,"column":77}},{"start":{"line":152,"column":81},"end":{"line":152,"column":83}}]},"40":{"line":160,"type":"binary-expr","locations":[{"start":{"line":160,"column":34},"end":{"line":160,"column":53}},{"start":{"line":160,"column":57},"end":{"line":160,"column":59}}]},"41":{"line":171,"type":"if","locations":[{"start":{"line":171,"column":4},"end":{"line":171,"column":4}},{"start":{"line":171,"column":4},"end":{"line":171,"column":4}}]},"42":{"line":173,"type":"binary-expr","locations":[{"start":{"line":173,"column":26},"end":{"line":173,"column":41}},{"start":{"line":173,"column":45},"end":{"line":173,"column":47}}]},"43":{"line":174,"type":"binary-expr","locations":[{"start":{"line":174,"column":31},"end":{"line":174,"column":51}},{"start":{"line":174,"column":55},"end":{"line":174,"column":57}}]},"44":{"line":175,"type":"binary-expr","locations":[{"start":{"line":175,"column":42},"end":{"line":175,"column":73}},{"start":{"line":175,"column":77},"end":{"line":175,"column":79}}]},"45":{"line":183,"type":"binary-expr","locations":[{"start":{"line":183,"column":30},"end":{"line":183,"column":49}},{"start":{"line":183,"column":53},"end":{"line":183,"column":55}}]},"46":{"line":193,"type":"if","locations":[{"start":{"line":193,"column":4},"end":{"line":193,"column":4}},{"start":{"line":193,"column":4},"end":{"line":193,"column":4}}]},"47":{"line":195,"type":"binary-expr","locations":[{"start":{"line":195,"column":26},"end":{"line":195,"column":41}},{"start":{"line":195,"column":45},"end":{"line":195,"column":47}}]},"48":{"line":196,"type":"binary-expr","locations":[{"start":{"line":196,"column":31},"end":{"line":196,"column":51}},{"start":{"line":196,"column":55},"end":{"line":196,"column":57}}]},"49":{"line":197,"type":"binary-expr","locations":[{"start":{"line":197,"column":42},"end":{"line":197,"column":73}},{"start":{"line":197,"column":77},"end":{"line":197,"column":79}}]},"50":{"line":205,"type":"binary-expr","locations":[{"start":{"line":205,"column":30},"end":{"line":205,"column":49}},{"start":{"line":205,"column":53},"end":{"line":205,"column":55}}]},"51":{"line":215,"type":"if","locations":[{"start":{"line":215,"column":4},"end":{"line":215,"column":4}},{"start":{"line":215,"column":4},"end":{"line":215,"column":4}}]},"52":{"line":217,"type":"binary-expr","locations":[{"start":{"line":217,"column":26},"end":{"line":217,"column":41}},{"start":{"line":217,"column":45},"end":{"line":217,"column":47}}]},"53":{"line":218,"type":"binary-expr","locations":[{"start":{"line":218,"column":31},"end":{"line":218,"column":51}},{"start":{"line":218,"column":55},"end":{"line":218,"column":57}}]},"54":{"line":219,"type":"binary-expr","locations":[{"start":{"line":219,"column":42},"end":{"line":219,"column":73}},{"start":{"line":219,"column":77},"end":{"line":219,"column":79}}]},"55":{"line":227,"type":"binary-expr","locations":[{"start":{"line":227,"column":30},"end":{"line":227,"column":49}},{"start":{"line":227,"column":53},"end":{"line":227,"column":55}}]},"56":{"line":237,"type":"if","locations":[{"start":{"line":237,"column":4},"end":{"line":237,"column":4}},{"start":{"line":237,"column":4},"end":{"line":237,"column":4}}]},"57":{"line":239,"type":"binary-expr","locations":[{"start":{"line":239,"column":26},"end":{"line":239,"column":41}},{"start":{"line":239,"column":45},"end":{"line":239,"column":47}}]},"58":{"line":240,"type":"binary-expr","locations":[{"start":{"line":240,"column":31},"end":{"line":240,"column":51}},{"start":{"line":240,"column":55},"end":{"line":240,"column":57}}]},"59":{"line":241,"type":"binary-expr","locations":[{"start":{"line":241,"column":42},"end":{"line":241,"column":73}},{"start":{"line":241,"column":77},"end":{"line":241,"column":79}}]},"60":{"line":249,"type":"binary-expr","locations":[{"start":{"line":249,"column":30},"end":{"line":249,"column":49}},{"start":{"line":249,"column":53},"end":{"line":249,"column":55}}]},"61":{"line":259,"type":"if","locations":[{"start":{"line":259,"column":4},"end":{"line":259,"column":4}},{"start":{"line":259,"column":4},"end":{"line":259,"column":4}}]},"62":{"line":261,"type":"binary-expr","locations":[{"start":{"line":261,"column":26},"end":{"line":261,"column":41}},{"start":{"line":261,"column":45},"end":{"line":261,"column":47}}]},"63":{"line":262,"type":"binary-expr","locations":[{"start":{"line":262,"column":31},"end":{"line":262,"column":51}},{"start":{"line":262,"column":55},"end":{"line":262,"column":57}}]},"64":{"line":263,"type":"binary-expr","locations":[{"start":{"line":263,"column":42},"end":{"line":263,"column":73}},{"start":{"line":263,"column":77},"end":{"line":263,"column":79}}]},"65":{"line":271,"type":"binary-expr","locations":[{"start":{"line":271,"column":30},"end":{"line":271,"column":49}},{"start":{"line":271,"column":53},"end":{"line":271,"column":55}}]},"66":{"line":281,"type":"if","locations":[{"start":{"line":281,"column":4},"end":{"line":281,"column":4}},{"start":{"line":281,"column":4},"end":{"line":281,"column":4}}]},"67":{"line":283,"type":"binary-expr","locations":[{"start":{"line":283,"column":26},"end":{"line":283,"column":41}},{"start":{"line":283,"column":45},"end":{"line":283,"column":47}}]},"68":{"line":284,"type":"binary-expr","locations":[{"start":{"line":284,"column":31},"end":{"line":284,"column":51}},{"start":{"line":284,"column":55},"end":{"line":284,"column":57}}]},"69":{"line":285,"type":"binary-expr","locations":[{"start":{"line":285,"column":42},"end":{"line":285,"column":73}},{"start":{"line":285,"column":77},"end":{"line":285,"column":79}}]},"70":{"line":293,"type":"binary-expr","locations":[{"start":{"line":293,"column":30},"end":{"line":293,"column":49}},{"start":{"line":293,"column":53},"end":{"line":293,"column":55}}]},"71":{"line":304,"type":"binary-expr","locations":[{"start":{"line":304,"column":22},"end":{"line":304,"column":37}},{"start":{"line":304,"column":41},"end":{"line":304,"column":43}}]},"72":{"line":305,"type":"binary-expr","locations":[{"start":{"line":305,"column":27},"end":{"line":305,"column":47}},{"start":{"line":305,"column":51},"end":{"line":305,"column":53}}]},"73":{"line":306,"type":"binary-expr","locations":[{"start":{"line":306,"column":38},"end":{"line":306,"column":69}},{"start":{"line":306,"column":73},"end":{"line":306,"column":75}}]}},"l":{"3":1,"5":1,"6":1,"7":1,"8":1,"9":1,"11":1,"12":1,"13":1,"14":1,"15":1,"17":1,"18":1,"19":11,"20":11,"21":11,"23":1,"24":1,"25":5,"26":5,"27":5,"29":1,"30":1,"31":1,"32":1,"33":1,"35":1,"36":1,"37":1,"38":1,"39":1,"41":1,"42":1,"43":33,"44":33,"45":19,"46":19,"47":19,"48":19,"49":19,"51":14,"57":1,"58":1,"59":14,"60":14,"61":14,"62":14,"65":1,"66":1,"67":5,"68":5,"69":5,"70":5,"73":1,"74":1,"75":4,"76":4,"77":2,"78":2,"79":2,"80":2,"81":2,"88":2,"89":2,"97":1,"98":1,"99":10,"100":10,"101":7,"102":7,"103":7,"104":7,"105":7,"112":3,"113":3,"121":1,"122":1,"123":10,"124":10,"125":8,"126":8,"127":8,"128":8,"129":8,"136":2,"137":2,"145":1,"146":1,"147":4,"148":4,"149":2,"150":2,"151":2,"152":2,"153":2,"160":2,"161":2,"169":1,"170":1,"171":2,"172":1,"173":1,"174":1,"175":1,"176":1,"183":1,"184":1,"191":1,"192":1,"193":5,"194":4,"195":4,"196":4,"197":4,"198":4,"205":1,"206":1,"213":1,"214":1,"215":5,"216":4,"217":4,"218":4,"219":4,"220":4,"227":1,"228":1,"235":1,"236":1,"237":2,"238":1,"239":1,"240":1,"241":1,"242":1,"249":1,"250":1,"257":1,"258":1,"259":2,"260":1,"261":1,"262":1,"263":1,"264":1,"271":1,"272":1,"279":1,"280":1,"281":2,"282":1,"283":1,"284":1,"285":1,"286":1,"293":1,"294":1,"301":1,"302":1,"303":1,"304":1,"305":1,"306":1,"307":1,"314":1}},
"/Users/Joesonw/koa-ts-router/dist/test/src/util.js":{"path":"/Users/Joesonw/koa-ts-router/dist/test/src/util.js","s":{"1":1,"2":1,"3":1,"4":1,"5":1,"6":1,"7":1,"8":1,"9":1,"10":1,"11":1,"12":1,"13":1,"14":1,"15":1,"16":1,"17":1,"18":20,"19":1,"20":16,"21":1,"22":2,"23":1,"24":1,"25":1,"26":1,"27":1,"28":1,"29":1,"30":2,"31":2,"32":2,"33":2,"34":2,"35":2,"36":2,"37":0,"38":4,"39":0,"40":0,"41":0,"42":4,"43":0,"44":0,"45":0,"46":0,"47":0,"48":2,"49":0,"50":2,"51":1},"b":{"1":[1,1],"2":[1,1],"3":[1,1],"4":[1,16,1,2],"5":[2,2],"6":[0,4],"7":[0,0],"8":[0,0],"9":[0,0],"10":[0,2]},"f":{"1":1,"2":1,"3":1,"4":20,"5":2},"fnMap":{"1":{"name":"(anonymous_1)","line":4,"loc":{"start":{"line":4,"column":1},"end":{"line":4,"column":22}}},"2":{"name":"(anonymous_2)","line":11,"loc":{"start":{"line":11,"column":1},"end":{"line":11,"column":23}}},"3":{"name":"(anonymous_3)","line":18,"loc":{"start":{"line":18,"column":1},"end":{"line":18,"column":20}}},"4":{"name":"mediaTypeToString","line":22,"loc":{"start":{"line":22,"column":0},"end":{"line":22,"column":33}}},"5":{"name":"parseMulti","line":42,"loc":{"start":{"line":42,"column":0},"end":{"line":42,"column":31}}}},"statementMap":{"1":{"start":{"line":3,"column":0},"end":{"line":3,"column":36}},"2":{"start":{"line":4,"column":0},"end":{"line":9,"column":50}},"3":{"start":{"line":5,"column":4},"end":{"line":5,"column":46}},"4":{"start":{"line":6,"column":4},"end":{"line":6,"column":46}},"5":{"start":{"line":7,"column":4},"end":{"line":7,"column":46}},"6":{"start":{"line":8,"column":4},"end":{"line":8,"column":56}},"7":{"start":{"line":10,"column":0},"end":{"line":10,"column":34}},"8":{"start":{"line":11,"column":0},"end":{"line":16,"column":52}},"9":{"start":{"line":12,"column":4},"end":{"line":12,"column":46}},"10":{"start":{"line":13,"column":4},"end":{"line":13,"column":48}},"11":{"start":{"line":14,"column":4},"end":{"line":14,"column":46}},"12":{"start":{"line":15,"column":4},"end":{"line":15,"column":52}},"13":{"start":{"line":17,"column":0},"end":{"line":17,"column":36}},"14":{"start":{"line":18,"column":0},"end":{"line":20,"column":46}},"15":{"start":{"line":19,"column":4},"end":{"line":19,"column":42}},"16":{"start":{"line":21,"column":0},"end":{"line":21,"column":30}},"17":{"start":{"line":22,"column":0},"end":{"line":33,"column":1}},"18":{"start":{"line":23,"column":4},"end":{"line":32,"column":5}},"19":{"start":{"line":25,"column":12},"end":{"line":25,"column":32}},"20":{"start":{"line":27,"column":12},"end":{"line":27,"column":38}},"21":{"start":{"line":29,"column":12},"end":{"line":29,"column":55}},"22":{"start":{"line":31,"column":12},"end":{"line":31,"column":41}},"23":{"start":{"line":34,"column":0},"end":{"line":34,"column":46}},"24":{"start":{"line":36,"column":0},"end":{"line":36,"column":28}},"25":{"start":{"line":38,"column":0},"end":{"line":38,"column":33}},"26":{"start":{"line":39,"column":0},"end":{"line":39,"column":49}},"27":{"start":{"line":40,"column":0},"end":{"line":40,"column":46}},"28":{"start":{"line":41,"column":0},"end":{"line":41,"column":34}},"29":{"start":{"line":42,"column":0},"end":{"line":74,"column":1}},"30":{"start":{"line":43,"column":4},"end":{"line":43,"column":22}},"31":{"start":{"line":44,"column":4},"end":{"line":73,"column":7}},"32":{"start":{"line":45,"column":8},"end":{"line":45,"column":24}},"33":{"start":{"line":46,"column":8},"end":{"line":46,"column":23}},"34":{"start":{"line":47,"column":8},"end":{"line":47,"column":48}},"35":{"start":{"line":48,"column":8},"end":{"line":68,"column":11}},"36":{"start":{"line":48,"column":29},"end":{"line":48,"column":70}},"37":{"start":{"line":48,"column":91},"end":{"line":48,"column":102}},"38":{"start":{"line":49,"column":12},"end":{"line":57,"column":13}},"39":{"start":{"line":50,"column":16},"end":{"line":54,"column":17}},"40":{"start":{"line":51,"column":20},"end":{"line":51,"column":46}},"41":{"start":{"line":53,"column":20},"end":{"line":53,"column":59}},"42":{"start":{"line":56,"column":16},"end":{"line":56,"column":38}},"43":{"start":{"line":59,"column":12},"end":{"line":67,"column":13}},"44":{"start":{"line":60,"column":16},"end":{"line":64,"column":17}},"45":{"start":{"line":61,"column":20},"end":{"line":61,"column":44}},"46":{"start":{"line":63,"column":20},"end":{"line":63,"column":56}},"47":{"start":{"line":66,"column":16},"end":{"line":66,"column":36}},"48":{"start":{"line":69,"column":8},"end":{"line":71,"column":9}},"49":{"start":{"line":70,"column":12},"end":{"line":70,"column":51}},"50":{"start":{"line":72,"column":8},"end":{"line":72,"column":28}},"51":{"start":{"line":75,"column":0},"end":{"line":75,"column":32}}},"branchMap":{"1":{"line":9,"type":"binary-expr","locations":[{"start":{"line":9,"column":3},"end":{"line":9,"column":20}},{"start":{"line":9,"column":25},"end":{"line":9,"column":47}}]},"2":{"line":16,"type":"binary-expr","locations":[{"start":{"line":16,"column":3},"end":{"line":16,"column":21}},{"start":{"line":16,"column":26},"end":{"line":16,"column":49}}]},"3":{"line":20,"type":"binary-expr","locations":[{"start":{"line":20,"column":3},"end":{"line":20,"column":18}},{"start":{"line":20,"column":23},"end":{"line":20,"column":43}}]},"4":{"line":23,"type":"switch","locations":[{"start":{"line":24,"column":8},"end":{"line":25,"column":32}},{"start":{"line":26,"column":8},"end":{"line":27,"column":38}},{"start":{"line":28,"column":8},"end":{"line":29,"column":55}},{"start":{"line":30,"column":8},"end":{"line":31,"column":41}}]},"5":{"line":43,"type":"binary-expr","locations":[{"start":{"line":43,"column":11},"end":{"line":43,"column":15}},{"start":{"line":43,"column":19},"end":{"line":43,"column":21}}]},"6":{"line":49,"type":"if","locations":[{"start":{"line":49,"column":12},"end":{"line":49,"column":12}},{"start":{"line":49,"column":12},"end":{"line":49,"column":12}}]},"7":{"line":50,"type":"if","locations":[{"start":{"line":50,"column":16},"end":{"line":50,"column":16}},{"start":{"line":50,"column":16},"end":{"line":50,"column":16}}]},"8":{"line":59,"type":"if","locations":[{"start":{"line":59,"column":12},"end":{"line":59,"column":12}},{"start":{"line":59,"column":12},"end":{"line":59,"column":12}}]},"9":{"line":60,"type":"if","locations":[{"start":{"line":60,"column":16},"end":{"line":60,"column":16}},{"start":{"line":60,"column":16},"end":{"line":60,"column":16}}]},"10":{"line":69,"type":"if","locations":[{"start":{"line":69,"column":8},"end":{"line":69,"column":8}},{"start":{"line":69,"column":8},"end":{"line":69,"column":8}}]}},"l":{"3":1,"4":1,"5":1,"6":1,"7":1,"8":1,"10":1,"11":1,"12":1,"13":1,"14":1,"15":1,"17":1,"18":1,"19":1,"21":1,"22":1,"23":20,"25":1,"27":16,"29":1,"31":2,"34":1,"36":1,"38":1,"39":1,"40":1,"41":1,"42":1,"43":2,"44":2,"45":2,"46":2,"47":2,"48":2,"49":4,"50":0,"51":0,"53":0,"56":4,"59":0,"60":0,"61":0,"63":0,"66":0,"69":2,"70":0,"72":2,"75":1}},
"/Users/Joesonw/koa-ts-router/dist/test/src/index.js":{"path":"/Users/Joesonw/koa-ts-router/dist/test/src/index.js","s":{"1":1,"2":2,"3":26,"4":26,"5":1,"6":1,"7":1,"8":1,"9":1,"10":1,"11":1,"12":1,"13":1,"14":1},"b":{"1":[26,0]},"f":{"1":2},"fnMap":{"1":{"name":"__export","line":3,"loc":{"start":{"line":3,"column":0},"end":{"line":3,"column":21}}}},"statementMap":{"1":{"start":{"line":3,"column":0},"end":{"line":5,"column":1}},"2":{"start":{"line":4,"column":4},"end":{"line":4,"column":71}},"3":{"start":{"line":4,"column":21},"end":{"line":4,"column":71}},"4":{"start":{"line":4,"column":53},"end":{"line":4,"column":71}},"5":{"start":{"line":6,"column":0},"end":{"line":6,"column":28}},"6":{"start":{"line":7,"column":0},"end":{"line":7,"column":41}},"7":{"start":{"line":8,"column":0},"end":{"line":8,"column":38}},"8":{"start":{"line":9,"column":0},"end":{"line":9,"column":37}},"9":{"start":{"line":10,"column":0},"end":{"line":10,"column":34}},"10":{"start":{"line":11,"column":0},"end":{"line":11,"column":34}},"11":{"start":{"line":12,"column":0},"end":{"line":12,"column":37}},"12":{"start":{"line":13,"column":0},"end":{"line":13,"column":34}},"13":{"start":{"line":14,"column":0},"end":{"line":14,"column":45}},"14":{"start":{"line":15,"column":0},"end":{"line":15,"column":42}}},"branchMap":{"1":{"line":4,"type":"if","locations":[{"start":{"line":4,"column":21},"end":{"line":4,"column":21}},{"start":{"line":4,"column":21},"end":{"line":4,"column":21}}]}},"l":{"3":1,"4":26,"6":1,"7":1,"8":1,"9":1,"10":1,"11":1,"12":1,"13":1,"14":1,"15":1}},
"/Users/Joesonw/koa-ts-router/dist/test/src/response.js":{"path":"/Users/Joesonw/koa-ts-router/dist/test/src/response.js","s":{"1":1,"2":19,"3":19,"4":19,"5":19,"6":19,"7":19,"8":20,"9":20,"10":20,"11":44,"12":1,"13":1,"14":1,"15":1,"16":1,"17":1,"18":1,"19":1,"20":1,"21":1,"22":1,"23":1,"24":1,"25":1,"26":1,"27":1,"28":1,"29":1,"30":1,"31":1,"32":1,"33":1,"34":1,"35":1,"36":1,"37":1,"38":1,"39":1,"40":1,"41":1,"42":1,"43":1,"44":1,"45":1,"46":1,"47":1,"48":1,"49":1,"50":1,"51":19,"52":19,"53":19,"54":19,"55":19,"56":19,"57":19,"58":19,"59":1,"60":1,"61":1,"62":1,"63":19,"64":19,"65":1,"66":4,"67":4,"68":4,"69":1,"70":1,"71":1,"72":1,"73":1,"74":1,"75":1,"76":1,"77":4,"78":1,"79":2,"80":1,"81":1,"82":1,"83":1,"84":2,"85":1,"86":1,"87":1,"88":1,"89":1,"90":1,"91":19,"92":19,"93":19,"94":19,"95":19,"96":2,"97":19,"98":19,"99":19,"100":19,"101":1,"102":1,"103":1},"b":{"1":[1,1],"2":[1,0],"3":[4,0],"4":[1,1,1,1],"5":[1,1],"6":[1],"7":[2,17]},"f":{"1":19,"2":19,"3":20,"4":1,"5":1,"6":19,"7":19,"8":1,"9":1,"10":19,"11":1,"12":2,"13":1,"14":1,"15":1,"16":19},"fnMap":{"1":{"name":"(anonymous_1)","line":5,"loc":{"start":{"line":5,"column":15},"end":{"line":5,"column":39}}},"2":{"name":"(anonymous_2)","line":10,"loc":{"start":{"line":10,"column":17},"end":{"line":10,"column":26}}},"3":{"name":"(anonymous_3)","line":15,"loc":{"start":{"line":15,"column":8},"end":{"line":15,"column":18}}},"4":{"name":"(anonymous_4)","line":23,"loc":{"start":{"line":23,"column":1},"end":{"line":23,"column":21}}},"5":{"name":"(anonymous_5)","line":24,"loc":{"start":{"line":24,"column":5},"end":{"line":24,"column":23}}},"6":{"name":"(anonymous_6)","line":66,"loc":{"start":{"line":66,"column":15},"end":{"line":66,"column":18}}},"7":{"name":"(anonymous_7)","line":74,"loc":{"start":{"line":74,"column":10},"end":{"line":74,"column":19}}},"8":{"name":"(anonymous_8)","line":78,"loc":{"start":{"line":78,"column":10},"end":{"line":78,"column":23}}},"9":{"name":"(anonymous_9)","line":82,"loc":{"start":{"line":82,"column":8},"end":{"line":82,"column":15}}},"10":{"name":"(anonymous_10)","line":86,"loc":{"start":{"line":86,"column":8},"end":{"line":86,"column":15}}},"11":{"name":"(anonymous_11)","line":90,"loc":{"start":{"line":90,"column":9},"end":{"line":90,"column":22}}},"12":{"name":"(anonymous_12)","line":113,"loc":{"start":{"line":113,"column":11},"end":{"line":113,"column":21}}},"13":{"name":"(anonymous_13)","line":125,"loc":{"start":{"line":125,"column":11},"end":{"line":125,"column":18}}},"14":{"name":"(anonymous_14)","line":129,"loc":{"start":{"line":129,"column":16},"end":{"line":129,"column":23}}},"15":{"name":"(anonymous_15)","line":133,"loc":{"start":{"line":133,"column":10},"end":{"line":133,"column":19}}},"16":{"name":"(anonymous_16)","line":137,"loc":{"start":{"line":137,"column":9},"end":{"line":137,"column":12}}}},"statementMap":{"1":{"start":{"line":3,"column":0},"end":{"line":3,"column":33}},"2":{"start":{"line":6,"column":8},"end":{"line":6,"column":25}},"3":{"start":{"line":7,"column":8},"end":{"line":7,"column":29}},"4":{"start":{"line":8,"column":8},"end":{"line":8,"column":31}},"5":{"start":{"line":11,"column":8},"end":{"line":11,"column":40}},"6":{"start":{"line":12,"column":8},"end":{"line":12,"column":27}},"7":{"start":{"line":13,"column":8},"end":{"line":13,"column":19}},"8":{"start":{"line":16,"column":8},"end":{"line":16,"column":33}},"9":{"start":{"line":17,"column":8},"end":{"line":17,"column":37}},"10":{"start":{"line":18,"column":8},"end":{"line":20,"column":9}},"11":{"start":{"line":19,"column":12},"end":{"line":19,"column":48}},"12":{"start":{"line":23,"column":0},"end":{"line":64,"column":32}},"13":{"start":{"line":24,"column":4},"end":{"line":61,"column":50}},"14":{"start":{"line":25,"column":8},"end":{"line":25,"column":54}},"15":{"start":{"line":26,"column":8},"end":{"line":26,"column":60}},"16":{"start":{"line":27,"column":8},"end":{"line":27,"column":60}},"17":{"start":{"line":28,"column":8},"end":{"line":28,"column":54}},"18":{"start":{"line":29,"column":8},"end":{"line":29,"column":52}},"19":{"start":{"line":30,"column":8},"end":{"line":30,"column":74}},"20":{"start":{"line":31,"column":8},"end":{"line":31,"column":56}},"21":{"start":{"line":32,"column":8},"end":{"line":32,"column":48}},"22":{"start":{"line":33,"column":8},"end":{"line":33,"column":68}},"23":{"start":{"line":34,"column":8},"end":{"line":34,"column":46}},"24":{"start":{"line":35,"column":8},"end":{"line":35,"column":90}},"25":{"start":{"line":36,"column":8},"end":{"line":36,"column":80}},"26":{"start":{"line":37,"column":8},"end":{"line":37,"column":68}},"27":{"start":{"line":38,"column":8},"end":{"line":38,"column":74}},"28":{"start":{"line":39,"column":8},"end":{"line":39,"column":72}},"29":{"start":{"line":40,"column":8},"end":{"line":40,"column":58}},"30":{"start":{"line":41,"column":8},"end":{"line":41,"column":66}},"31":{"start":{"line":42,"column":8},"end":{"line":42,"column":56}},"32":{"start":{"line":43,"column":8},"end":{"line":43,"column":68}},"33":{"start":{"line":44,"column":8},"end":{"line":44,"column":62}},"34":{"start":{"line":45,"column":8},"end":{"line":45,"column":42}},"35":{"start":{"line":46,"column":8},"end":{"line":46,"column":68}},"36":{"start":{"line":47,"column":8},"end":{"line":47,"column":70}},"37":{"start":{"line":48,"column":8},"end":{"line":48,"column":76}},"38":{"start":{"line":49,"column":8},"end":{"line":49,"column":96}},"39":{"start":{"line":50,"column":8},"end":{"line":50,"column":86}},"40":{"start":{"line":51,"column":8},"end":{"line":51,"column":68}},"41":{"start":{"line":52,"column":8},"end":{"line":52,"column":78}},"42":{"start":{"line":53,"column":8},"end":{"line":53,"column":100}},"43":{"start":{"line":54,"column":8},"end":{"line":54,"column":64}},"44":{"start":{"line":55,"column":8},"end":{"line":55,"column":56}},"45":{"start":{"line":56,"column":8},"end":{"line":56,"column":76}},"46":{"start":{"line":57,"column":8},"end":{"line":57,"column":74}},"47":{"start":{"line":58,"column":8},"end":{"line":58,"column":62}},"48":{"start":{"line":59,"column":8},"end":{"line":59,"column":82}},"49":{"start":{"line":60,"column":8},"end":{"line":60,"column":56}},"50":{"start":{"line":62,"column":4},"end":{"line":62,"column":33}},"51":{"start":{"line":67,"column":8},"end":{"line":67,"column":27}},"52":{"start":{"line":68,"column":8},"end":{"line":68,"column":27}},"53":{"start":{"line":69,"column":8},"end":{"line":69,"column":24}},"54":{"start":{"line":70,"column":8},"end":{"line":70,"column":34}},"55":{"start":{"line":71,"column":8},"end":{"line":71,"column":29}},"56":{"start":{"line":72,"column":8},"end":{"line":72,"column":25}},"57":{"start":{"line":75,"column":8},"end":{"line":75,"column":30}},"58":{"start":{"line":76,"column":8},"end":{"line":76,"column":20}},"59":{"start":{"line":79,"column":8},"end":{"line":79,"column":35}},"60":{"start":{"line":80,"column":8},"end":{"line":80,"column":20}},"61":{"start":{"line":83,"column":8},"end":{"line":83,"column":52}},"62":{"start":{"line":84,"column":8},"end":{"line":84,"column":20}},"63":{"start":{"line":87,"column":8},"end":{"line":87,"column":26}},"64":{"start":{"line":88,"column":8},"end":{"line":88,"column":20}},"65":{"start":{"line":91,"column":8},"end":{"line":110,"column":9}},"66":{"start":{"line":92,"column":12},"end":{"line":92,"column":27}},"67":{"start":{"line":93,"column":12},"end":{"line":108,"column":13}},"68":{"start":{"line":94,"column":16},"end":{"line":107,"column":17}},"69":{"start":{"line":96,"column":24},"end":{"line":96,"column":34}},"70":{"start":{"line":97,"column":24},"end":{"line":97,"column":30}},"71":{"start":{"line":99,"column":24},"end":{"line":99,"column":35}},"72":{"start":{"line":100,"column":24},"end":{"line":100,"column":30}},"73":{"start":{"line":102,"column":24},"end":{"line":102,"column":34}},"74":{"start":{"line":103,"column":24},"end":{"line":103,"column":30}},"75":{"start":{"line":105,"column":24},"end":{"line":105,"column":37}},"76":{"start":{"line":106,"column":24},"end":{"line":106,"column":30}},"77":{"start":{"line":109,"column":12},"end":{"line":109,"column":32}},"78":{"start":{"line":111,"column":8},"end":{"line":111,"column":20}},"79":{"start":{"line":114,"column":8},"end":{"line":122,"column":9}},"80":{"start":{"line":115,"column":12},"end":{"line":119,"column":13}},"81":{"start":{"line":117,"column":20},"end":{"line":117,"column":44}},"82":{"start":{"line":118,"column":20},"end":{"line":118,"column":26}},"83":{"start":{"line":121,"column":12},"end":{"line":121,"column":36}},"84":{"start":{"line":123,"column":8},"end":{"line":123,"column":20}},"85":{"start":{"line":126,"column":8},"end":{"line":126,"column":60}},"86":{"start":{"line":127,"column":8},"end":{"line":127,"column":20}},"87":{"start":{"line":130,"column":8},"end":{"line":130,"column":60}},"88":{"start":{"line":131,"column":8},"end":{"line":131,"column":20}},"89":{"start":{"line":134,"column":8},"end":{"line":134,"column":56}},"90":{"start":{"line":135,"column":8},"end":{"line":135,"column":20}},"91":{"start":{"line":138,"column":8},"end":{"line":138,"column":30}},"92":{"start":{"line":139,"column":8},"end":{"line":139,"column":34}},"93":{"start":{"line":140,"column":8},"end":{"line":140,"column":36}},"94":{"start":{"line":141,"column":8},"end":{"line":141,"column":37}},"95":{"start":{"line":142,"column":8},"end":{"line":144,"column":9}},"96":{"start":{"line":143,"column":12},"end":{"line":143,"column":56}},"97":{"start":{"line":145,"column":8},"end":{"line":145,"column":46}},"98":{"start":{"line":146,"column":8},"end":{"line":146,"column":49}},"99":{"start":{"line":147,"column":8},"end":{"line":147,"column":54}},"100":{"start":{"line":148,"column":8},"end":{"line":148,"column":19}},"101":{"start":{"line":151,"column":0},"end":{"line":151,"column":42}},"102":{"start":{"line":152,"column":0},"end":{"line":152,"column":62}},"103":{"start":{"line":153,"column":0},"end":{"line":153,"column":27}}},"branchMap":{"1":{"line":61,"type":"binary-expr","locations":[{"start":{"line":61,"column":7},"end":{"line":61,"column":22}},{"start":{"line":61,"column":27},"end":{"line":61,"column":47}}]},"2":{"line":64,"type":"binary-expr","locations":[{"start":{"line":64,"column":3},"end":{"line":64,"column":11}},{"start":{"line":64,"column":16},"end":{"line":64,"column":29}}]},"3":{"line":93,"type":"if","locations":[{"start":{"line":93,"column":12},"end":{"line":93,"column":12}},{"start":{"line":93,"column":12},"end":{"line":93,"column":12}}]},"4":{"line":94,"type":"switch","locations":[{"start":{"line":95,"column":20},"end":{"line":97,"column":30}},{"start":{"line":98,"column":20},"end":{"line":100,"column":30}},{"start":{"line":101,"column":20},"end":{"line":103,"column":30}},{"start":{"line":104,"column":20},"end":{"line":106,"column":30}}]},"5":{"line":114,"type":"if","locations":[{"start":{"line":114,"column":8},"end":{"line":114,"column":8}},{"start":{"line":114,"column":8},"end":{"line":114,"column":8}}]},"6":{"line":115,"type":"switch","locations":[{"start":{"line":116,"column":16},"end":{"line":118,"column":26}}]},"7":{"line":142,"type":"if","locations":[{"start":{"line":142,"column":8},"end":{"line":142,"column":8}},{"start":{"line":142,"column":8},"end":{"line":142,"column":8}}]}},"l":{"3":1,"6":19,"7":19,"8":19,"11":19,"12":19,"13":19,"16":20,"17":20,"18":20,"19":44,"23":1,"24":1,"25":1,"26":1,"27":1,"28":1,"29":1,"30":1,"31":1,"32":1,"33":1,"34":1,"35":1,"36":1,"37":1,"38":1,"39":1,"40":1,"41":1,"42":1,"43":1,"44":1,"45":1,"46":1,"47":1,"48":1,"49":1,"50":1,"51":1,"52":1,"53":1,"54":1,"55":1,"56":1,"57":1,"58":1,"59":1,"60":1,"62":1,"67":19,"68":19,"69":19,"70":19,"71":19,"72":19,"75":19,"76":19,"79":1,"80":1,"83":1,"84":1,"87":19,"88":19,"91":1,"92":4,"93":4,"94":4,"96":1,"97":1,"99":1,"100":1,"102":1,"103":1,"105":1,"106":1,"109":4,"111":1,"114":2,"115":1,"117":1,"118":1,"121":1,"123":2,"126":1,"127":1,"130":1,"131":1,"134":1,"135":1,"138":19,"139":19,"140":19,"141":19,"142":19,"143":2,"145":19,"146":19,"147":19,"148":19,"151":1,"152":1,"153":1}},
"/Users/Joesonw/koa-ts-router/dist/test/src/router.js":{"path":"/Users/Joesonw/koa-ts-router/dist/test/src/router.js","s":{"1":1,"2":19,"3":1,"4":44,"5":44,"6":0,"7":1,"8":0,"9":0,"10":0,"11":1,"12":63,"13":44,"14":19,"15":1,"16":1,"17":1,"18":1,"19":1,"20":14,"21":14,"22":14,"23":19,"24":19,"25":19,"26":19,"27":19,"28":19,"29":30,"30":1,"31":29,"32":1,"33":28,"34":28,"35":30,"36":30,"37":30,"38":19,"39":19,"40":10,"41":19,"42":19,"43":19,"44":19,"45":19,"46":2,"47":2,"48":17,"49":0,"50":0,"51":17,"52":0,"53":0,"54":17,"55":2,"56":2,"57":2,"58":4,"59":2,"60":0,"61":19,"62":19,"63":19,"64":19,"65":1,"66":62,"67":62,"68":6,"69":6,"70":14,"71":14,"72":12,"73":12,"74":6,"75":6,"76":3,"77":3,"78":7,"79":7,"80":6,"81":6,"82":3,"83":3,"84":2,"85":2,"86":2,"87":2,"88":1,"89":1,"90":62,"91":61,"92":1,"93":1,"94":0,"95":19,"96":26,"97":19,"98":19,"99":30,"100":19,"101":19,"102":1,"103":1,"104":1,"105":1,"106":19,"107":19,"108":14,"109":19,"110":14,"111":14,"112":19,"113":19,"114":1,"115":1,"116":5,"117":1,"118":19,"119":19,"120":19,"121":19,"122":19,"123":19,"124":14,"125":14,"126":20,"127":20,"128":20,"129":20,"130":19,"131":19,"132":19,"133":19,"134":20,"135":19,"136":1,"137":1},"b":{"1":[1,1,1],"2":[19,0],"3":[19,44],"4":[1,29],"5":[1,28],"6":[28,0],"7":[19,11],"8":[19,0],"9":[2,17],"10":[19,2],"11":[0,17],"12":[17,1],"13":[0,17],"14":[17,0],"15":[2,15],"16":[17,2],"17":[2,0],"18":[6,14,12,6,3,7,6,3,2,2,1],"19":[61,1],"20":[1,0],"21":[19,9],"22":[19,8],"23":[1,0],"24":[14,5],"25":[14],"26":[1,0],"27":[20,2],"28":[20,2]},"f":{"1":19,"2":19,"3":44,"4":0,"5":63,"6":44,"7":14,"8":14,"9":19,"10":19,"11":62,"12":14},"fnMap":{"1":{"name":"(anonymous_1)","line":6,"loc":{"start":{"line":6,"column":42},"end":{"line":6,"column":87}}},"2":{"name":"(anonymous_2)","line":7,"loc":{"start":{"line":7,"column":36},"end":{"line":7,"column":63}}},"3":{"name":"fulfilled","line":8,"loc":{"start":{"line":8,"column":8},"end":{"line":8,"column":34}}},"4":{"name":"rejected","line":15,"loc":{"start":{"line":15,"column":8},"end":{"line":15,"column":33}}},"5":{"name":"step","line":22,"loc":{"start":{"line":22,"column":8},"end":{"line":22,"column":30}}},"6":{"name":"(anonymous_6)","line":23,"loc":{"start":{"line":23,"column":56},"end":{"line":23,"column":75}}},"7":{"name":"(anonymous_7)","line":36,"loc":{"start":{"line":36,"column":15},"end":{"line":36,"column":18}}},"8":{"name":"(anonymous_8)","line":39,"loc":{"start":{"line":39,"column":10},"end":{"line":39,"column":13}}},"9":{"name":"(anonymous_9)","line":41,"loc":{"start":{"line":41,"column":15},"end":{"line":41,"column":40}}},"10":{"name":"(anonymous_10)","line":42,"loc":{"start":{"line":42,"column":52},"end":{"line":42,"column":65}}},"11":{"name":"getParameter","line":99,"loc":{"start":{"line":99,"column":20},"end":{"line":99,"column":53}}},"12":{"name":"(anonymous_12)","line":186,"loc":{"start":{"line":186,"column":7},"end":{"line":186,"column":21}}}},"statementMap":{"1":{"start":{"line":6,"column":0},"end":{"line":29,"column":2}},"2":{"start":{"line":7,"column":4},"end":{"line":28,"column":7}},"3":{"start":{"line":8,"column":8},"end":{"line":14,"column":9}},"4":{"start":{"line":9,"column":12},"end":{"line":13,"column":13}},"5":{"start":{"line":10,"column":16},"end":{"line":10,"column":44}},"6":{"start":{"line":12,"column":16},"end":{"line":12,"column":26}},"7":{"start":{"line":15,"column":8},"end":{"line":21,"column":9}},"8":{"start":{"line":16,"column":12},"end":{"line":20,"column":13}},"9":{"start":{"line":17,"column":16},"end":{"line":17,"column":45}},"10":{"start":{"line":19,"column":16},"end":{"line":19,"column":26}},"11":{"start":{"line":22,"column":8},"end":{"line":26,"column":9}},"12":{"start":{"line":23,"column":12},"end":{"line":25,"column":41}},"13":{"start":{"line":24,"column":16},"end":{"line":24,"column":38}},"14":{"start":{"line":27,"column":8},"end":{"line":27,"column":72}},"15":{"start":{"line":30,"column":0},"end":{"line":30,"column":47}},"16":{"start":{"line":31,"column":0},"end":{"line":31,"column":28}},"17":{"start":{"line":32,"column":0},"end":{"line":32,"column":33}},"18":{"start":{"line":33,"column":0},"end":{"line":33,"column":33}},"19":{"start":{"line":34,"column":0},"end":{"line":34,"column":41}},"20":{"start":{"line":37,"column":8},"end":{"line":37,"column":26}},"21":{"start":{"line":40,"column":8},"end":{"line":40,"column":24}},"22":{"start":{"line":41,"column":8},"end":{"line":184,"column":10}},"23":{"start":{"line":42,"column":12},"end":{"line":183,"column":15}},"24":{"start":{"line":43,"column":16},"end":{"line":43,"column":33}},"25":{"start":{"line":44,"column":16},"end":{"line":44,"column":32}},"26":{"start":{"line":45,"column":16},"end":{"line":45,"column":32}},"27":{"start":{"line":46,"column":16},"end":{"line":46,"column":33}},"28":{"start":{"line":48,"column":16},"end":{"line":68,"column":17}},"29":{"start":{"line":49,"column":20},"end":{"line":67,"column":21}},"30":{"start":{"line":50,"column":24},"end":{"line":50,"column":44}},"31":{"start":{"line":51,"column":27},"end":{"line":67,"column":21}},"32":{"start":{"line":52,"column":24},"end":{"line":52,"column":43}},"33":{"start":{"line":54,"column":24},"end":{"line":66,"column":25}},"34":{"start":{"line":55,"column":28},"end":{"line":65,"column":29}},"35":{"start":{"line":56,"column":32},"end":{"line":56,"column":59}},"36":{"start":{"line":57,"column":32},"end":{"line":57,"column":65}},"37":{"start":{"line":58,"column":32},"end":{"line":64,"column":33}},"38":{"start":{"line":59,"column":36},"end":{"line":59,"column":57}},"39":{"start":{"line":60,"column":36},"end":{"line":62,"column":37}},"40":{"start":{"line":61,"column":40},"end":{"line":61,"column":87}},"41":{"start":{"line":63,"column":36},"end":{"line":63,"column":42}},"42":{"start":{"line":69,"column":16},"end":{"line":182,"column":17}},"43":{"start":{"line":70,"column":20},"end":{"line":70,"column":40}},"44":{"start":{"line":71,"column":20},"end":{"line":71,"column":34}},"45":{"start":{"line":73,"column":20},"end":{"line":94,"column":21}},"46":{"start":{"line":74,"column":24},"end":{"line":76,"column":27}},"47":{"start":{"line":75,"column":28},"end":{"line":75,"column":76}},"48":{"start":{"line":77,"column":27},"end":{"line":94,"column":21}},"49":{"start":{"line":78,"column":24},"end":{"line":80,"column":27}},"50":{"start":{"line":79,"column":28},"end":{"line":79,"column":76}},"51":{"start":{"line":81,"column":27},"end":{"line":94,"column":21}},"52":{"start":{"line":82,"column":24},"end":{"line":84,"column":27}},"53":{"start":{"line":83,"column":28},"end":{"line":83,"column":76}},"54":{"start":{"line":85,"column":27},"end":{"line":94,"column":21}},"55":{"start":{"line":86,"column":24},"end":{"line":86,"column":70}},"56":{"start":{"line":87,"column":24},"end":{"line":87,"column":34}},"57":{"start":{"line":88,"column":24},"end":{"line":90,"column":25}},"58":{"start":{"line":89,"column":28},"end":{"line":89,"column":59}},"59":{"start":{"line":91,"column":24},"end":{"line":93,"column":25}},"60":{"start":{"line":92,"column":28},"end":{"line":92,"column":58}},"61":{"start":{"line":95,"column":20},"end":{"line":95,"column":45}},"62":{"start":{"line":96,"column":20},"end":{"line":96,"column":50}},"63":{"start":{"line":97,"column":20},"end":{"line":97,"column":47}},"64":{"start":{"line":98,"column":20},"end":{"line":98,"column":33}},"65":{"start":{"line":99,"column":20},"end":{"line":143,"column":21}},"66":{"start":{"line":100,"column":24},"end":{"line":100,"column":32}},"67":{"start":{"line":101,"column":24},"end":{"line":135,"column":25}},"68":{"start":{"line":103,"column":32},"end":{"line":103,"column":74}},"69":{"start":{"line":104,"column":32},"end":{"line":104,"column":38}},"70":{"start":{"line":106,"column":32},"end":{"line":106,"column":67}},"71":{"start":{"line":107,"column":32},"end":{"line":107,"column":38}},"72":{"start":{"line":109,"column":32},"end":{"line":109,"column":65}},"73":{"start":{"line":110,"column":32},"end":{"line":110,"column":38}},"74":{"start":{"line":112,"column":32},"end":{"line":112,"column":76}},"75":{"start":{"line":113,"column":32},"end":{"line":113,"column":38}},"76":{"start":{"line":115,"column":32},"end":{"line":115,"column":52}},"77":{"start":{"line":116,"column":32},"end":{"line":116,"column":38}},"78":{"start":{"line":118,"column":32},"end":{"line":118,"column":45}},"79":{"start":{"line":119,"column":32},"end":{"line":119,"column":38}},"80":{"start":{"line":121,"column":32},"end":{"line":121,"column":43}},"81":{"start":{"line":122,"column":32},"end":{"line":122,"column":38}},"82":{"start":{"line":124,"column":32},"end":{"line":124,"column":54}},"83":{"start":{"line":125,"column":32},"end":{"line":125,"column":38}},"84":{"start":{"line":127,"column":32},"end":{"line":127,"column":49}},"85":{"start":{"line":128,"column":32},"end":{"line":128,"column":38}},"86":{"start":{"line":130,"column":32},"end":{"line":130,"column":46}},"87":{"start":{"line":131,"column":32},"end":{"line":131,"column":38}},"88":{"start":{"line":133,"column":32},"end":{"line":133,"column":47}},"89":{"start":{"line":134,"column":32},"end":{"line":134,"column":38}},"90":{"start":{"line":136,"column":24},"end":{"line":142,"column":25}},"91":{"start":{"line":137,"column":28},"end":{"line":137,"column":55}},"92":{"start":{"line":138,"column":31},"end":{"line":142,"column":25}},"93":{"start":{"line":139,"column":28},"end":{"line":139,"column":39}},"94":{"start":{"line":141,"column":28},"end":{"line":141,"column":59}},"95":{"start":{"line":144,"column":20},"end":{"line":146,"column":21}},"96":{"start":{"line":145,"column":24},"end":{"line":145,"column":65}},"97":{"start":{"line":147,"column":20},"end":{"line":147,"column":57}},"98":{"start":{"line":148,"column":20},"end":{"line":150,"column":21}},"99":{"start":{"line":149,"column":24},"end":{"line":149,"column":95}},"100":{"start":{"line":151,"column":20},"end":{"line":151,"column":45}},"101":{"start":{"line":152,"column":20},"end":{"line":158,"column":21}},"102":{"start":{"line":153,"column":24},"end":{"line":153,"column":35}},"103":{"start":{"line":154,"column":24},"end":{"line":156,"column":25}},"104":{"start":{"line":155,"column":28},"end":{"line":155,"column":60}},"105":{"start":{"line":157,"column":24},"end":{"line":157,"column":57}},"106":{"start":{"line":159,"column":20},"end":{"line":159,"column":79}},"107":{"start":{"line":160,"column":20},"end":{"line":162,"column":21}},"108":{"start":{"line":161,"column":24},"end":{"line":161,"column":106}},"109":{"start":{"line":163,"column":20},"end":{"line":167,"column":21}},"110":{"start":{"line":165,"column":28},"end":{"line":165,"column":74}},"111":{"start":{"line":166,"column":28},"end":{"line":166,"column":34}},"112":{"start":{"line":168,"column":20},"end":{"line":168,"column":46}},"113":{"start":{"line":169,"column":20},"end":{"line":175,"column":21}},"114":{"start":{"line":170,"column":24},"end":{"line":170,"column":35}},"115":{"start":{"line":171,"column":24},"end":{"line":173,"column":25}},"116":{"start":{"line":172,"column":28},"end":{"line":172,"column":60}},"117":{"start":{"line":174,"column":24},"end":{"line":174,"column":56}},"118":{"start":{"line":176,"column":20},"end":{"line":176,"column":31}},"119":{"start":{"line":177,"column":20},"end":{"line":177,"column":34}},"120":{"start":{"line":178,"column":20},"end":{"line":178,"column":33}},"121":{"start":{"line":179,"column":20},"end":{"line":179,"column":36}},"122":{"start":{"line":180,"column":20},"end":{"line":180,"column":38}},"123":{"start":{"line":181,"column":20},"end":{"line":181,"column":32}},"124":{"start":{"line":187,"column":8},"end":{"line":187,"column":43}},"125":{"start":{"line":188,"column":8},"end":{"line":210,"column":9}},"126":{"start":{"line":189,"column":12},"end":{"line":189,"column":45}},"127":{"start":{"line":190,"column":12},"end":{"line":190,"column":29}},"128":{"start":{"line":191,"column":12},"end":{"line":191,"column":30}},"129":{"start":{"line":192,"column":12},"end":{"line":197,"column":13}},"130":{"start":{"line":193,"column":16},"end":{"line":193,"column":30}},"131":{"start":{"line":194,"column":16},"end":{"line":194,"column":67}},"132":{"start":{"line":195,"column":16},"end":{"line":195,"column":34}},"133":{"start":{"line":196,"column":16},"end":{"line":196,"column":36}},"134":{"start":{"line":198,"column":12},"end":{"line":209,"column":15}},"135":{"start":{"line":201,"column":50},"end":{"line":201,"column":67}},"136":{"start":{"line":213,"column":0},"end":{"line":213,"column":62}},"137":{"start":{"line":214,"column":0},"end":{"line":214,"column":25}}},"branchMap":{"1":{"line":6,"type":"binary-expr","locations":[{"start":{"line":6,"column":16},"end":{"line":6,"column":20}},{"start":{"line":6,"column":24},"end":{"line":6,"column":38}},{"start":{"line":6,"column":42},"end":{"line":29,"column":1}}]},"2":{"line":7,"type":"binary-expr","locations":[{"start":{"line":7,"column":16},"end":{"line":7,"column":17}},{"start":{"line":7,"column":22},"end":{"line":7,"column":33}}]},"3":{"line":23,"type":"cond-expr","locations":[{"start":{"line":23,"column":26},"end":{"line":23,"column":47}},{"start":{"line":23,"column":50},"end":{"line":25,"column":40}}]},"4":{"line":49,"type":"if","locations":[{"start":{"line":49,"column":20},"end":{"line":49,"column":20}},{"start":{"line":49,"column":20},"end":{"line":49,"column":20}}]},"5":{"line":51,"type":"if","locations":[{"start":{"line":51,"column":27},"end":{"line":51,"column":27}},{"start":{"line":51,"column":27},"end":{"line":51,"column":27}}]},"6":{"line":54,"type":"if","locations":[{"start":{"line":54,"column":24},"end":{"line":54,"column":24}},{"start":{"line":54,"column":24},"end":{"line":54,"column":24}}]},"7":{"line":58,"type":"if","locations":[{"start":{"line":58,"column":32},"end":{"line":58,"column":32}},{"start":{"line":58,"column":32},"end":{"line":58,"column":32}}]},"8":{"line":69,"type":"if","locations":[{"start":{"line":69,"column":16},"end":{"line":69,"column":16}},{"start":{"line":69,"column":16},"end":{"line":69,"column":16}}]},"9":{"line":73,"type":"if","locations":[{"start":{"line":73,"column":20},"end":{"line":73,"column":20}},{"start":{"line":73,"column":20},"end":{"line":73,"column":20}}]},"10":{"line":73,"type":"binary-expr","locations":[{"start":{"line":73,"column":24},"end":{"line":73,"column":70}},{"start":{"line":73,"column":74},"end":{"line":73,"column":157}}]},"11":{"line":77,"type":"if","locations":[{"start":{"line":77,"column":27},"end":{"line":77,"column":27}},{"start":{"line":77,"column":27},"end":{"line":77,"column":27}}]},"12":{"line":77,"type":"binary-expr","locations":[{"start":{"line":77,"column":31},"end":{"line":77,"column":77}},{"start":{"line":77,"column":81},"end":{"line":77,"column":164}}]},"13":{"line":81,"type":"if","locations":[{"start":{"line":81,"column":27},"end":{"line":81,"column":27}},{"start":{"line":81,"column":27},"end":{"line":81,"column":27}}]},"14":{"line":81,"type":"binary-expr","locations":[{"start":{"line":81,"column":31},"end":{"line":81,"column":77}},{"start":{"line":81,"column":81},"end":{"line":81,"column":164}}]},"15":{"line":85,"type":"if","locations":[{"start":{"line":85,"column":27},"end":{"line":85,"column":27}},{"start":{"line":85,"column":27},"end":{"line":85,"column":27}}]},"16":{"line":85,"type":"binary-expr","locations":[{"start":{"line":85,"column":31},"end":{"line":85,"column":82}},{"start":{"line":85,"column":86},"end":{"line":85,"column":196}}]},"17":{"line":85,"type":"binary-expr","locations":[{"start":{"line":85,"column":87},"end":{"line":85,"column":118}},{"start":{"line":85,"column":122},"end":{"line":85,"column":124}}]},"18":{"line":101,"type":"switch","locations":[{"start":{"line":102,"column":28},"end":{"line":104,"column":38}},{"start":{"line":105,"column":28},"end":{"line":107,"column":38}},{"start":{"line":108,"column":28},"end":{"line":110,"column":38}},{"start":{"line":111,"column":28},"end":{"line":113,"column":38}},{"start":{"line":114,"column":28},"end":{"line":116,"column":38}},{"start":{"line":117,"column":28},"end":{"line":119,"column":38}},{"start":{"line":120,"column":28},"end":{"line":122,"column":38}},{"start":{"line":123,"column":28},"end":{"line":125,"column":38}},{"start":{"line":126,"column":28},"end":{"line":128,"column":38}},{"start":{"line":129,"column":28},"end":{"line":131,"column":38}},{"start":{"line":132,"column":28},"end":{"line":134,"column":38}}]},"19":{"line":136,"type":"if","locations":[{"start":{"line":136,"column":24},"end":{"line":136,"column":24}},{"start":{"line":136,"column":24},"end":{"line":136,"column":24}}]},"20":{"line":138,"type":"if","locations":[{"start":{"line":138,"column":31},"end":{"line":138,"column":31}},{"start":{"line":138,"column":31},"end":{"line":138,"column":31}}]},"21":{"line":144,"type":"binary-expr","locations":[{"start":{"line":144,"column":42},"end":{"line":144,"column":65}},{"start":{"line":144,"column":69},"end":{"line":144,"column":71}}]},"22":{"line":148,"type":"binary-expr","locations":[{"start":{"line":148,"column":36},"end":{"line":148,"column":64}},{"start":{"line":148,"column":68},"end":{"line":148,"column":70}}]},"23":{"line":154,"type":"binary-expr","locations":[{"start":{"line":154,"column":46},"end":{"line":154,"column":63}},{"start":{"line":154,"column":67},"end":{"line":154,"column":69}}]},"24":{"line":160,"type":"if","locations":[{"start":{"line":160,"column":20},"end":{"line":160,"column":20}},{"start":{"line":160,"column":20},"end":{"line":160,"column":20}}]},"25":{"line":163,"type":"switch","locations":[{"start":{"line":164,"column":24},"end":{"line":166,"column":34}}]},"26":{"line":171,"type":"binary-expr","locations":[{"start":{"line":171,"column":46},"end":{"line":171,"column":62}},{"start":{"line":171,"column":66},"end":{"line":171,"column":68}}]},"27":{"line":192,"type":"binary-expr","locations":[{"start":{"line":192,"column":29},"end":{"line":192,"column":39}},{"start":{"line":192,"column":43},"end":{"line":192,"column":45}}]},"28":{"line":201,"type":"binary-expr","locations":[{"start":{"line":201,"column":23},"end":{"line":201,"column":33}},{"start":{"line":201,"column":37},"end":{"line":201,"column":39}}]}},"l":{"6":1,"7":19,"8":1,"9":44,"10":44,"12":0,"15":1,"16":0,"17":0,"19":0,"22":1,"23":63,"24":44,"27":19,"30":1,"31":1,"32":1,"33":1,"34":1,"37":14,"40":14,"41":14,"42":19,"43":19,"44":19,"45":19,"46":19,"48":19,"49":30,"50":1,"51":29,"52":1,"54":28,"55":28,"56":30,"57":30,"58":30,"59":19,"60":19,"61":10,"63":19,"69":19,"70":19,"71":19,"73":19,"74":2,"75":2,"77":17,"78":0,"79":0,"81":17,"82":0,"83":0,"85":17,"86":2,"87":2,"88":2,"89":4,"91":2,"92":0,"95":19,"96":19,"97":19,"98":19,"99":1,"100":62,"101":62,"103":6,"104":6,"106":14,"107":14,"109":12,"110":12,"112":6,"113":6,"115":3,"116":3,"118":7,"119":7,"121":6,"122":6,"124":3,"125":3,"127":2,"128":2,"130":2,"131":2,"133":1,"134":1,"136":62,"137":61,"138":1,"139":1,"141":0,"144":19,"145":26,"147":19,"148":19,"149":30,"151":19,"152":19,"153":1,"154":1,"155":1,"157":1,"159":19,"160":19,"161":14,"163":19,"165":14,"166":14,"168":19,"169":19,"170":1,"171":1,"172":5,"174":1,"176":19,"177":19,"178":19,"179":19,"180":19,"181":19,"187":14,"188":14,"189":20,"190":20,"191":20,"192":20,"193":19,"194":19,"195":19,"196":19,"198":20,"201":19,"213":1,"214":1}}}
