{"/Users/Joesonw/koa-ts-router/test-dist/src/index.js":{"path":"/Users/Joesonw/koa-ts-router/test-dist/src/index.js","s":{"1":1,"2":2,"3":26,"4":26,"5":1,"6":1,"7":1,"8":1,"9":1,"10":1,"11":1,"12":1,"13":1,"14":1},"b":{"1":[26,0]},"f":{"1":2},"fnMap":{"1":{"name":"__export","line":2,"loc":{"start":{"line":2,"column":0},"end":{"line":2,"column":21}}}},"statementMap":{"1":{"start":{"line":2,"column":0},"end":{"line":4,"column":1}},"2":{"start":{"line":3,"column":4},"end":{"line":3,"column":71}},"3":{"start":{"line":3,"column":21},"end":{"line":3,"column":71}},"4":{"start":{"line":3,"column":53},"end":{"line":3,"column":71}},"5":{"start":{"line":5,"column":0},"end":{"line":5,"column":28}},"6":{"start":{"line":6,"column":0},"end":{"line":6,"column":41}},"7":{"start":{"line":7,"column":0},"end":{"line":7,"column":38}},"8":{"start":{"line":8,"column":0},"end":{"line":8,"column":37}},"9":{"start":{"line":9,"column":0},"end":{"line":9,"column":34}},"10":{"start":{"line":10,"column":0},"end":{"line":10,"column":34}},"11":{"start":{"line":11,"column":0},"end":{"line":11,"column":37}},"12":{"start":{"line":12,"column":0},"end":{"line":12,"column":34}},"13":{"start":{"line":13,"column":0},"end":{"line":13,"column":45}},"14":{"start":{"line":14,"column":0},"end":{"line":14,"column":42}}},"branchMap":{"1":{"line":3,"type":"if","locations":[{"start":{"line":3,"column":21},"end":{"line":3,"column":21}},{"start":{"line":3,"column":21},"end":{"line":3,"column":21}}]}}},"/Users/Joesonw/koa-ts-router/test-dist/src/util.js":{"path":"/Users/Joesonw/koa-ts-router/test-dist/src/util.js","s":{"1":1,"2":1,"3":1,"4":1,"5":1,"6":1,"7":1,"8":1,"9":1,"10":1,"11":1,"12":1,"13":1,"14":1,"15":1,"16":1,"17":1,"18":16,"19":1,"20":14,"21":0,"22":1,"23":1,"24":1,"25":1,"26":1,"27":1,"28":1,"29":1,"30":1,"31":1,"32":1,"33":1,"34":1,"35":1,"36":1,"37":0,"38":2,"39":0,"40":0,"41":0,"42":2,"43":0,"44":0,"45":0,"46":0,"47":0,"48":1,"49":0,"50":1,"51":1},"b":{"1":[1,1],"2":[1,1],"3":[1,1],"4":[1,14,0,1],"5":[1,1],"6":[0,2],"7":[0,0],"8":[0,0],"9":[0,0],"10":[0,1]},"f":{"1":1,"2":1,"3":1,"4":16,"5":1},"fnMap":{"1":{"name":"(anonymous_1)","line":3,"loc":{"start":{"line":3,"column":1},"end":{"line":3,"column":22}}},"2":{"name":"(anonymous_2)","line":10,"loc":{"start":{"line":10,"column":1},"end":{"line":10,"column":23}}},"3":{"name":"(anonymous_3)","line":17,"loc":{"start":{"line":17,"column":1},"end":{"line":17,"column":20}}},"4":{"name":"mediaTypeToString","line":21,"loc":{"start":{"line":21,"column":0},"end":{"line":21,"column":33}}},"5":{"name":"parseMulti","line":42,"loc":{"start":{"line":42,"column":0},"end":{"line":42,"column":31}}}},"statementMap":{"1":{"start":{"line":2,"column":0},"end":{"line":2,"column":36}},"2":{"start":{"line":3,"column":0},"end":{"line":8,"column":50}},"3":{"start":{"line":4,"column":4},"end":{"line":4,"column":46}},"4":{"start":{"line":5,"column":4},"end":{"line":5,"column":46}},"5":{"start":{"line":6,"column":4},"end":{"line":6,"column":46}},"6":{"start":{"line":7,"column":4},"end":{"line":7,"column":56}},"7":{"start":{"line":9,"column":0},"end":{"line":9,"column":34}},"8":{"start":{"line":10,"column":0},"end":{"line":15,"column":52}},"9":{"start":{"line":11,"column":4},"end":{"line":11,"column":46}},"10":{"start":{"line":12,"column":4},"end":{"line":12,"column":48}},"11":{"start":{"line":13,"column":4},"end":{"line":13,"column":46}},"12":{"start":{"line":14,"column":4},"end":{"line":14,"column":52}},"13":{"start":{"line":16,"column":0},"end":{"line":16,"column":36}},"14":{"start":{"line":17,"column":0},"end":{"line":19,"column":46}},"15":{"start":{"line":18,"column":4},"end":{"line":18,"column":42}},"16":{"start":{"line":20,"column":0},"end":{"line":20,"column":30}},"17":{"start":{"line":21,"column":0},"end":{"line":32,"column":1}},"18":{"start":{"line":22,"column":4},"end":{"line":31,"column":5}},"19":{"start":{"line":24,"column":12},"end":{"line":24,"column":32}},"20":{"start":{"line":26,"column":12},"end":{"line":26,"column":38}},"21":{"start":{"line":28,"column":12},"end":{"line":28,"column":55}},"22":{"start":{"line":30,"column":12},"end":{"line":30,"column":41}},"23":{"start":{"line":33,"column":0},"end":{"line":33,"column":46}},"24":{"start":{"line":35,"column":0},"end":{"line":35,"column":28}},"25":{"start":{"line":38,"column":0},"end":{"line":38,"column":33}},"26":{"start":{"line":39,"column":0},"end":{"line":39,"column":49}},"27":{"start":{"line":40,"column":0},"end":{"line":40,"column":46}},"28":{"start":{"line":41,"column":0},"end":{"line":41,"column":34}},"29":{"start":{"line":42,"column":0},"end":{"line":82,"column":1}},"30":{"start":{"line":43,"column":4},"end":{"line":43,"column":22}},"31":{"start":{"line":44,"column":4},"end":{"line":81,"column":7}},"32":{"start":{"line":45,"column":8},"end":{"line":45,"column":24}},"33":{"start":{"line":46,"column":8},"end":{"line":46,"column":23}},"34":{"start":{"line":47,"column":8},"end":{"line":47,"column":48}},"35":{"start":{"line":48,"column":8},"end":{"line":76,"column":11}},"36":{"start":{"line":49,"column":29},"end":{"line":49,"column":70}},"37":{"start":{"line":50,"column":32},"end":{"line":50,"column":43}},"38":{"start":{"line":52,"column":12},"end":{"line":62,"column":13}},"39":{"start":{"line":53,"column":16},"end":{"line":58,"column":17}},"40":{"start":{"line":54,"column":20},"end":{"line":54,"column":46}},"41":{"start":{"line":57,"column":20},"end":{"line":57,"column":59}},"42":{"start":{"line":61,"column":16},"end":{"line":61,"column":38}},"43":{"start":{"line":65,"column":12},"end":{"line":75,"column":13}},"44":{"start":{"line":66,"column":16},"end":{"line":71,"column":17}},"45":{"start":{"line":67,"column":20},"end":{"line":67,"column":44}},"46":{"start":{"line":70,"column":20},"end":{"line":70,"column":56}},"47":{"start":{"line":74,"column":16},"end":{"line":74,"column":36}},"48":{"start":{"line":77,"column":8},"end":{"line":79,"column":9}},"49":{"start":{"line":78,"column":12},"end":{"line":78,"column":51}},"50":{"start":{"line":80,"column":8},"end":{"line":80,"column":28}},"51":{"start":{"line":83,"column":0},"end":{"line":83,"column":32}}},"branchMap":{"1":{"line":8,"type":"binary-expr","locations":[{"start":{"line":8,"column":3},"end":{"line":8,"column":20}},{"start":{"line":8,"column":25},"end":{"line":8,"column":47}}]},"2":{"line":15,"type":"binary-expr","locations":[{"start":{"line":15,"column":3},"end":{"line":15,"column":21}},{"start":{"line":15,"column":26},"end":{"line":15,"column":49}}]},"3":{"line":19,"type":"binary-expr","locations":[{"start":{"line":19,"column":3},"end":{"line":19,"column":18}},{"start":{"line":19,"column":23},"end":{"line":19,"column":43}}]},"4":{"line":22,"type":"switch","locations":[{"start":{"line":23,"column":8},"end":{"line":24,"column":32}},{"start":{"line":25,"column":8},"end":{"line":26,"column":38}},{"start":{"line":27,"column":8},"end":{"line":28,"column":55}},{"start":{"line":29,"column":8},"end":{"line":30,"column":41}}]},"5":{"line":43,"type":"binary-expr","locations":[{"start":{"line":43,"column":11},"end":{"line":43,"column":15}},{"start":{"line":43,"column":19},"end":{"line":43,"column":21}}]},"6":{"line":52,"type":"if","locations":[{"start":{"line":52,"column":12},"end":{"line":52,"column":12}},{"start":{"line":52,"column":12},"end":{"line":52,"column":12}}]},"7":{"line":53,"type":"if","locations":[{"start":{"line":53,"column":16},"end":{"line":53,"column":16}},{"start":{"line":53,"column":16},"end":{"line":53,"column":16}}]},"8":{"line":65,"type":"if","locations":[{"start":{"line":65,"column":12},"end":{"line":65,"column":12}},{"start":{"line":65,"column":12},"end":{"line":65,"column":12}}]},"9":{"line":66,"type":"if","locations":[{"start":{"line":66,"column":16},"end":{"line":66,"column":16}},{"start":{"line":66,"column":16},"end":{"line":66,"column":16}}]},"10":{"line":77,"type":"if","locations":[{"start":{"line":77,"column":8},"end":{"line":77,"column":8}},{"start":{"line":77,"column":8},"end":{"line":77,"column":8}}]}}},"/Users/Joesonw/koa-ts-router/test-dist/src/response.js":{"path":"/Users/Joesonw/koa-ts-router/test-dist/src/response.js","s":{"1":1,"2":17,"3":17,"4":17,"5":17,"6":17,"7":17,"8":18,"9":18,"10":18,"11":40,"12":1,"13":1,"14":1,"15":1,"16":1,"17":1,"18":1,"19":1,"20":1,"21":1,"22":1,"23":1,"24":1,"25":1,"26":1,"27":1,"28":1,"29":1,"30":1,"31":1,"32":1,"33":1,"34":1,"35":1,"36":1,"37":1,"38":1,"39":1,"40":1,"41":1,"42":1,"43":1,"44":1,"45":1,"46":1,"47":1,"48":1,"49":1,"50":1,"51":1,"52":1,"53":17,"54":17,"55":17,"56":17,"57":17,"58":17,"59":17,"60":17,"61":1,"62":1,"63":1,"64":1,"65":17,"66":17,"67":1,"68":4,"69":4,"70":4,"71":1,"72":1,"73":1,"74":1,"75":1,"76":1,"77":1,"78":1,"79":4,"80":1,"81":2,"82":1,"83":1,"84":1,"85":1,"86":2,"87":1,"88":1,"89":1,"90":1,"91":1,"92":1,"93":17,"94":17,"95":17,"96":17,"97":17,"98":2,"99":17,"100":17,"101":17,"102":17,"103":1},"b":{"1":[1,1],"2":[1,0],"3":[4,0],"4":[1,1,1,1],"5":[1,1],"6":[1],"7":[2,15]},"f":{"1":17,"2":17,"3":18,"4":1,"5":1,"6":17,"7":17,"8":1,"9":1,"10":17,"11":1,"12":2,"13":1,"14":1,"15":1,"16":17},"fnMap":{"1":{"name":"(anonymous_1)","line":4,"loc":{"start":{"line":4,"column":15},"end":{"line":4,"column":39}}},"2":{"name":"(anonymous_2)","line":9,"loc":{"start":{"line":9,"column":17},"end":{"line":9,"column":26}}},"3":{"name":"(anonymous_3)","line":14,"loc":{"start":{"line":14,"column":8},"end":{"line":14,"column":18}}},"4":{"name":"(anonymous_4)","line":22,"loc":{"start":{"line":22,"column":1},"end":{"line":22,"column":21}}},"5":{"name":"(anonymous_5)","line":23,"loc":{"start":{"line":23,"column":5},"end":{"line":23,"column":23}}},"6":{"name":"(anonymous_6)","line":67,"loc":{"start":{"line":67,"column":15},"end":{"line":67,"column":18}}},"7":{"name":"(anonymous_7)","line":75,"loc":{"start":{"line":75,"column":10},"end":{"line":75,"column":19}}},"8":{"name":"(anonymous_8)","line":79,"loc":{"start":{"line":79,"column":10},"end":{"line":79,"column":23}}},"9":{"name":"(anonymous_9)","line":83,"loc":{"start":{"line":83,"column":8},"end":{"line":83,"column":15}}},"10":{"name":"(anonymous_10)","line":87,"loc":{"start":{"line":87,"column":8},"end":{"line":87,"column":15}}},"11":{"name":"(anonymous_11)","line":91,"loc":{"start":{"line":91,"column":9},"end":{"line":91,"column":22}}},"12":{"name":"(anonymous_12)","line":114,"loc":{"start":{"line":114,"column":11},"end":{"line":114,"column":21}}},"13":{"name":"(anonymous_13)","line":127,"loc":{"start":{"line":127,"column":11},"end":{"line":127,"column":18}}},"14":{"name":"(anonymous_14)","line":131,"loc":{"start":{"line":131,"column":16},"end":{"line":131,"column":23}}},"15":{"name":"(anonymous_15)","line":135,"loc":{"start":{"line":135,"column":10},"end":{"line":135,"column":19}}},"16":{"name":"(anonymous_16)","line":139,"loc":{"start":{"line":139,"column":9},"end":{"line":139,"column":12}}}},"statementMap":{"1":{"start":{"line":2,"column":0},"end":{"line":2,"column":33}},"2":{"start":{"line":5,"column":8},"end":{"line":5,"column":25}},"3":{"start":{"line":6,"column":8},"end":{"line":6,"column":29}},"4":{"start":{"line":7,"column":8},"end":{"line":7,"column":31}},"5":{"start":{"line":10,"column":8},"end":{"line":10,"column":40}},"6":{"start":{"line":11,"column":8},"end":{"line":11,"column":27}},"7":{"start":{"line":12,"column":8},"end":{"line":12,"column":19}},"8":{"start":{"line":15,"column":8},"end":{"line":15,"column":33}},"9":{"start":{"line":16,"column":8},"end":{"line":16,"column":37}},"10":{"start":{"line":17,"column":8},"end":{"line":19,"column":9}},"11":{"start":{"line":18,"column":12},"end":{"line":18,"column":48}},"12":{"start":{"line":22,"column":0},"end":{"line":63,"column":32}},"13":{"start":{"line":23,"column":4},"end":{"line":60,"column":50}},"14":{"start":{"line":24,"column":8},"end":{"line":24,"column":54}},"15":{"start":{"line":25,"column":8},"end":{"line":25,"column":60}},"16":{"start":{"line":26,"column":8},"end":{"line":26,"column":60}},"17":{"start":{"line":27,"column":8},"end":{"line":27,"column":54}},"18":{"start":{"line":28,"column":8},"end":{"line":28,"column":52}},"19":{"start":{"line":29,"column":8},"end":{"line":29,"column":74}},"20":{"start":{"line":30,"column":8},"end":{"line":30,"column":56}},"21":{"start":{"line":31,"column":8},"end":{"line":31,"column":48}},"22":{"start":{"line":32,"column":8},"end":{"line":32,"column":68}},"23":{"start":{"line":33,"column":8},"end":{"line":33,"column":46}},"24":{"start":{"line":34,"column":8},"end":{"line":34,"column":90}},"25":{"start":{"line":35,"column":8},"end":{"line":35,"column":80}},"26":{"start":{"line":36,"column":8},"end":{"line":36,"column":68}},"27":{"start":{"line":37,"column":8},"end":{"line":37,"column":74}},"28":{"start":{"line":38,"column":8},"end":{"line":38,"column":72}},"29":{"start":{"line":39,"column":8},"end":{"line":39,"column":58}},"30":{"start":{"line":40,"column":8},"end":{"line":40,"column":66}},"31":{"start":{"line":41,"column":8},"end":{"line":41,"column":56}},"32":{"start":{"line":42,"column":8},"end":{"line":42,"column":68}},"33":{"start":{"line":43,"column":8},"end":{"line":43,"column":62}},"34":{"start":{"line":44,"column":8},"end":{"line":44,"column":42}},"35":{"start":{"line":45,"column":8},"end":{"line":45,"column":68}},"36":{"start":{"line":46,"column":8},"end":{"line":46,"column":70}},"37":{"start":{"line":47,"column":8},"end":{"line":47,"column":76}},"38":{"start":{"line":48,"column":8},"end":{"line":48,"column":96}},"39":{"start":{"line":49,"column":8},"end":{"line":49,"column":86}},"40":{"start":{"line":50,"column":8},"end":{"line":50,"column":68}},"41":{"start":{"line":51,"column":8},"end":{"line":51,"column":78}},"42":{"start":{"line":52,"column":8},"end":{"line":52,"column":100}},"43":{"start":{"line":53,"column":8},"end":{"line":53,"column":64}},"44":{"start":{"line":54,"column":8},"end":{"line":54,"column":56}},"45":{"start":{"line":55,"column":8},"end":{"line":55,"column":76}},"46":{"start":{"line":56,"column":8},"end":{"line":56,"column":74}},"47":{"start":{"line":57,"column":8},"end":{"line":57,"column":62}},"48":{"start":{"line":58,"column":8},"end":{"line":58,"column":82}},"49":{"start":{"line":59,"column":8},"end":{"line":59,"column":56}},"50":{"start":{"line":61,"column":4},"end":{"line":61,"column":33}},"51":{"start":{"line":64,"column":0},"end":{"line":64,"column":62}},"52":{"start":{"line":65,"column":0},"end":{"line":65,"column":27}},"53":{"start":{"line":68,"column":8},"end":{"line":68,"column":27}},"54":{"start":{"line":69,"column":8},"end":{"line":69,"column":27}},"55":{"start":{"line":70,"column":8},"end":{"line":70,"column":24}},"56":{"start":{"line":71,"column":8},"end":{"line":71,"column":34}},"57":{"start":{"line":72,"column":8},"end":{"line":72,"column":29}},"58":{"start":{"line":73,"column":8},"end":{"line":73,"column":25}},"59":{"start":{"line":76,"column":8},"end":{"line":76,"column":30}},"60":{"start":{"line":77,"column":8},"end":{"line":77,"column":20}},"61":{"start":{"line":80,"column":8},"end":{"line":80,"column":35}},"62":{"start":{"line":81,"column":8},"end":{"line":81,"column":20}},"63":{"start":{"line":84,"column":8},"end":{"line":84,"column":52}},"64":{"start":{"line":85,"column":8},"end":{"line":85,"column":20}},"65":{"start":{"line":88,"column":8},"end":{"line":88,"column":26}},"66":{"start":{"line":89,"column":8},"end":{"line":89,"column":20}},"67":{"start":{"line":92,"column":8},"end":{"line":111,"column":9}},"68":{"start":{"line":93,"column":12},"end":{"line":93,"column":27}},"69":{"start":{"line":94,"column":12},"end":{"line":109,"column":13}},"70":{"start":{"line":95,"column":16},"end":{"line":108,"column":17}},"71":{"start":{"line":97,"column":24},"end":{"line":97,"column":34}},"72":{"start":{"line":98,"column":24},"end":{"line":98,"column":30}},"73":{"start":{"line":100,"column":24},"end":{"line":100,"column":35}},"74":{"start":{"line":101,"column":24},"end":{"line":101,"column":30}},"75":{"start":{"line":103,"column":24},"end":{"line":103,"column":34}},"76":{"start":{"line":104,"column":24},"end":{"line":104,"column":30}},"77":{"start":{"line":106,"column":24},"end":{"line":106,"column":37}},"78":{"start":{"line":107,"column":24},"end":{"line":107,"column":30}},"79":{"start":{"line":110,"column":12},"end":{"line":110,"column":32}},"80":{"start":{"line":112,"column":8},"end":{"line":112,"column":20}},"81":{"start":{"line":115,"column":8},"end":{"line":124,"column":9}},"82":{"start":{"line":116,"column":12},"end":{"line":120,"column":13}},"83":{"start":{"line":118,"column":20},"end":{"line":118,"column":44}},"84":{"start":{"line":119,"column":20},"end":{"line":119,"column":26}},"85":{"start":{"line":123,"column":12},"end":{"line":123,"column":36}},"86":{"start":{"line":125,"column":8},"end":{"line":125,"column":20}},"87":{"start":{"line":128,"column":8},"end":{"line":128,"column":60}},"88":{"start":{"line":129,"column":8},"end":{"line":129,"column":20}},"89":{"start":{"line":132,"column":8},"end":{"line":132,"column":60}},"90":{"start":{"line":133,"column":8},"end":{"line":133,"column":20}},"91":{"start":{"line":136,"column":8},"end":{"line":136,"column":56}},"92":{"start":{"line":137,"column":8},"end":{"line":137,"column":20}},"93":{"start":{"line":140,"column":8},"end":{"line":140,"column":30}},"94":{"start":{"line":141,"column":8},"end":{"line":141,"column":34}},"95":{"start":{"line":142,"column":8},"end":{"line":142,"column":36}},"96":{"start":{"line":143,"column":8},"end":{"line":143,"column":37}},"97":{"start":{"line":144,"column":8},"end":{"line":146,"column":9}},"98":{"start":{"line":145,"column":12},"end":{"line":145,"column":56}},"99":{"start":{"line":147,"column":8},"end":{"line":147,"column":46}},"100":{"start":{"line":148,"column":8},"end":{"line":148,"column":49}},"101":{"start":{"line":149,"column":8},"end":{"line":149,"column":54}},"102":{"start":{"line":150,"column":8},"end":{"line":150,"column":19}},"103":{"start":{"line":153,"column":0},"end":{"line":153,"column":42}}},"branchMap":{"1":{"line":60,"type":"binary-expr","locations":[{"start":{"line":60,"column":7},"end":{"line":60,"column":22}},{"start":{"line":60,"column":27},"end":{"line":60,"column":47}}]},"2":{"line":63,"type":"binary-expr","locations":[{"start":{"line":63,"column":3},"end":{"line":63,"column":11}},{"start":{"line":63,"column":16},"end":{"line":63,"column":29}}]},"3":{"line":94,"type":"if","locations":[{"start":{"line":94,"column":12},"end":{"line":94,"column":12}},{"start":{"line":94,"column":12},"end":{"line":94,"column":12}}]},"4":{"line":95,"type":"switch","locations":[{"start":{"line":96,"column":20},"end":{"line":98,"column":30}},{"start":{"line":99,"column":20},"end":{"line":101,"column":30}},{"start":{"line":102,"column":20},"end":{"line":104,"column":30}},{"start":{"line":105,"column":20},"end":{"line":107,"column":30}}]},"5":{"line":115,"type":"if","locations":[{"start":{"line":115,"column":8},"end":{"line":115,"column":8}},{"start":{"line":115,"column":8},"end":{"line":115,"column":8}}]},"6":{"line":116,"type":"switch","locations":[{"start":{"line":117,"column":16},"end":{"line":119,"column":26}}]},"7":{"line":144,"type":"if","locations":[{"start":{"line":144,"column":8},"end":{"line":144,"column":8}},{"start":{"line":144,"column":8},"end":{"line":144,"column":8}}]}}},"/Users/Joesonw/koa-ts-router/test-dist/src/cookie.js":{"path":"/Users/Joesonw/koa-ts-router/test-dist/src/cookie.js","s":{"1":1,"2":1,"3":1,"4":1,"5":1,"6":1,"7":1,"8":1,"9":1,"10":1,"11":1,"12":1,"13":1,"14":1,"15":1,"16":1,"17":1,"18":1,"19":1,"20":1,"21":1,"22":1},"b":{"1":[1,0],"2":[1,0]},"f":{"1":1,"2":1,"3":1,"4":1,"5":1,"6":1},"fnMap":{"1":{"name":"(anonymous_1)","line":3,"loc":{"start":{"line":3,"column":15},"end":{"line":3,"column":18}}},"2":{"name":"(anonymous_2)","line":11,"loc":{"start":{"line":11,"column":15},"end":{"line":11,"column":18}}},"3":{"name":"(anonymous_3)","line":14,"loc":{"start":{"line":14,"column":15},"end":{"line":14,"column":22}}},"4":{"name":"(anonymous_4)","line":18,"loc":{"start":{"line":18,"column":14},"end":{"line":18,"column":17}}},"5":{"name":"(anonymous_5)","line":21,"loc":{"start":{"line":21,"column":14},"end":{"line":21,"column":21}}},"6":{"name":"(anonymous_6)","line":25,"loc":{"start":{"line":25,"column":12},"end":{"line":25,"column":15}}}},"statementMap":{"1":{"start":{"line":4,"column":8},"end":{"line":4,"column":26}},"2":{"start":{"line":5,"column":8},"end":{"line":5,"column":24}},"3":{"start":{"line":6,"column":8},"end":{"line":6,"column":27}},"4":{"start":{"line":7,"column":8},"end":{"line":7,"column":29}},"5":{"start":{"line":8,"column":8},"end":{"line":8,"column":35}},"6":{"start":{"line":9,"column":8},"end":{"line":9,"column":25}},"7":{"start":{"line":12,"column":8},"end":{"line":12,"column":29}},"8":{"start":{"line":15,"column":8},"end":{"line":15,"column":105}},"9":{"start":{"line":16,"column":8},"end":{"line":16,"column":29}},"10":{"start":{"line":19,"column":8},"end":{"line":19,"column":28}},"11":{"start":{"line":22,"column":8},"end":{"line":22,"column":88}},"12":{"start":{"line":23,"column":8},"end":{"line":23,"column":28}},"13":{"start":{"line":26,"column":8},"end":{"line":26,"column":31}},"14":{"start":{"line":27,"column":8},"end":{"line":27,"column":37}},"15":{"start":{"line":28,"column":8},"end":{"line":28,"column":57}},"16":{"start":{"line":29,"column":8},"end":{"line":30,"column":30}},"17":{"start":{"line":30,"column":12},"end":{"line":30,"column":30}},"18":{"start":{"line":31,"column":8},"end":{"line":32,"column":32}},"19":{"start":{"line":32,"column":12},"end":{"line":32,"column":32}},"20":{"start":{"line":33,"column":8},"end":{"line":33,"column":19}},"21":{"start":{"line":36,"column":0},"end":{"line":36,"column":62}},"22":{"start":{"line":37,"column":0},"end":{"line":37,"column":25}}},"branchMap":{"1":{"line":29,"type":"if","locations":[{"start":{"line":29,"column":8},"end":{"line":29,"column":8}},{"start":{"line":29,"column":8},"end":{"line":29,"column":8}}]},"2":{"line":31,"type":"if","locations":[{"start":{"line":31,"column":8},"end":{"line":31,"column":8}},{"start":{"line":31,"column":8},"end":{"line":31,"column":8}}]}}},"/Users/Joesonw/koa-ts-router/test-dist/src/decorators.js":{"path":"/Users/Joesonw/koa-ts-router/test-dist/src/decorators.js","s":{"1":1,"2":1,"3":1,"4":1,"5":1,"6":1,"7":1,"8":1,"9":1,"10":1,"11":1,"12":1,"13":1,"14":11,"15":11,"16":11,"17":1,"18":1,"19":3,"20":3,"21":3,"22":1,"23":1,"24":1,"25":1,"26":1,"27":1,"28":1,"29":1,"30":1,"31":1,"32":1,"33":1,"34":29,"35":29,"36":17,"37":17,"38":17,"39":17,"40":17,"41":12,"42":1,"43":1,"44":12,"45":12,"46":12,"47":12,"48":1,"49":1,"50":3,"51":3,"52":3,"53":3,"54":1,"55":1,"56":4,"57":4,"58":2,"59":2,"60":2,"61":2,"62":2,"63":2,"64":2,"65":1,"66":1,"67":10,"68":10,"69":7,"70":7,"71":7,"72":7,"73":7,"74":3,"75":3,"76":1,"77":1,"78":6,"79":6,"80":4,"81":4,"82":4,"83":4,"84":4,"85":2,"86":2,"87":1,"88":1,"89":4,"90":4,"91":2,"92":2,"93":2,"94":2,"95":2,"96":2,"97":2,"98":1,"99":1,"100":2,"101":1,"102":1,"103":1,"104":1,"105":1,"106":1,"107":1,"108":1,"109":1,"110":5,"111":4,"112":4,"113":4,"114":4,"115":4,"116":1,"117":1,"118":1,"119":1,"120":3,"121":2,"122":2,"123":2,"124":2,"125":2,"126":1,"127":1,"128":1,"129":1,"130":2,"131":1,"132":1,"133":1,"134":1,"135":1,"136":1,"137":1,"138":1,"139":1,"140":2,"141":1,"142":1,"143":1,"144":1,"145":1,"146":1,"147":1,"148":1,"149":1,"150":2,"151":1,"152":1,"153":1,"154":1,"155":1,"156":1,"157":1,"158":1,"159":1,"160":1,"161":1,"162":1,"163":1,"164":1,"165":1},"b":{"1":[1,0],"2":[1,0],"3":[1,0],"4":[1,0],"5":[11,1],"6":[11,1],"7":[3,0],"8":[3,0],"9":[1,1],"10":[1,1],"11":[1,1],"12":[1,1],"13":[17,12],"14":[17,0],"15":[17,0],"16":[17,16],"17":[12,1],"18":[12,5],"19":[3,0],"20":[3,0],"21":[2,2],"22":[2,1],"23":[2,1],"24":[2,1],"25":[2,0],"26":[7,3],"27":[7,2],"28":[7,3],"29":[7,3],"30":[3,1],"31":[4,2],"32":[4,2],"33":[4,2],"34":[4,2],"35":[2,0],"36":[2,2],"37":[2,1],"38":[2,1],"39":[2,1],"40":[2,0],"41":[1,1],"42":[1,0],"43":[1,0],"44":[1,0],"45":[1,1],"46":[4,1],"47":[4,1],"48":[4,1],"49":[4,1],"50":[1,1],"51":[2,1],"52":[2,0],"53":[2,0],"54":[2,0],"55":[1,1],"56":[1,1],"57":[1,0],"58":[1,0],"59":[1,0],"60":[1,1],"61":[1,1],"62":[1,0],"63":[1,0],"64":[1,0],"65":[1,1],"66":[1,1],"67":[1,1],"68":[1,1],"69":[1,1],"70":[1,0],"71":[1,0],"72":[1,1],"73":[1,1]},"f":{"1":1,"2":1,"3":11,"4":3,"5":1,"6":1,"7":29,"8":12,"9":3,"10":4,"11":10,"12":6,"13":4,"14":2,"15":5,"16":3,"17":2,"18":2,"19":2,"20":1},"fnMap":{"1":{"name":"Before","line":5,"loc":{"start":{"line":5,"column":0},"end":{"line":5,"column":29}}},"2":{"name":"After","line":11,"loc":{"start":{"line":11,"column":0},"end":{"line":11,"column":28}}},"3":{"name":"GET","line":17,"loc":{"start":{"line":17,"column":0},"end":{"line":17,"column":26}}},"4":{"name":"POST","line":23,"loc":{"start":{"line":23,"column":0},"end":{"line":23,"column":27}}},"5":{"name":"PUT","line":29,"loc":{"start":{"line":29,"column":0},"end":{"line":29,"column":26}}},"6":{"name":"DELETE","line":35,"loc":{"start":{"line":35,"column":0},"end":{"line":35,"column":29}}},"7":{"name":"Path","line":41,"loc":{"start":{"line":41,"column":0},"end":{"line":41,"column":20}}},"8":{"name":"Produce","line":58,"loc":{"start":{"line":58,"column":0},"end":{"line":58,"column":23}}},"9":{"name":"Consume","line":66,"loc":{"start":{"line":66,"column":0},"end":{"line":66,"column":23}}},"10":{"name":"QueryParam","line":74,"loc":{"start":{"line":74,"column":0},"end":{"line":74,"column":27}}},"11":{"name":"PathParam","line":99,"loc":{"start":{"line":99,"column":0},"end":{"line":99,"column":26}}},"12":{"name":"BodyParam","line":124,"loc":{"start":{"line":124,"column":0},"end":{"line":124,"column":26}}},"13":{"name":"HeaderParam","line":149,"loc":{"start":{"line":149,"column":0},"end":{"line":149,"column":28}}},"14":{"name":"Query","line":174,"loc":{"start":{"line":174,"column":0},"end":{"line":174,"column":35}}},"15":{"name":"Params","line":197,"loc":{"start":{"line":197,"column":0},"end":{"line":197,"column":36}}},"16":{"name":"Body","line":220,"loc":{"start":{"line":220,"column":0},"end":{"line":220,"column":34}}},"17":{"name":"Headers","line":243,"loc":{"start":{"line":243,"column":0},"end":{"line":243,"column":37}}},"18":{"name":"AppContext","line":266,"loc":{"start":{"line":266,"column":0},"end":{"line":266,"column":40}}},"19":{"name":"HttpContext","line":289,"loc":{"start":{"line":289,"column":0},"end":{"line":289,"column":41}}},"20":{"name":"RouteResponse","line":312,"loc":{"start":{"line":312,"column":0},"end":{"line":312,"column":43}}}},"statementMap":{"1":{"start":{"line":2,"column":0},"end":{"line":2,"column":33}},"2":{"start":{"line":4,"column":0},"end":{"line":4,"column":28}},"3":{"start":{"line":5,"column":0},"end":{"line":9,"column":1}},"4":{"start":{"line":6,"column":4},"end":{"line":6,"column":44}},"5":{"start":{"line":7,"column":4},"end":{"line":7,"column":54}},"6":{"start":{"line":8,"column":4},"end":{"line":8,"column":43}},"7":{"start":{"line":10,"column":0},"end":{"line":10,"column":24}},"8":{"start":{"line":11,"column":0},"end":{"line":15,"column":1}},"9":{"start":{"line":12,"column":4},"end":{"line":12,"column":44}},"10":{"start":{"line":13,"column":4},"end":{"line":13,"column":54}},"11":{"start":{"line":14,"column":4},"end":{"line":14,"column":42}},"12":{"start":{"line":16,"column":0},"end":{"line":16,"column":22}},"13":{"start":{"line":17,"column":0},"end":{"line":21,"column":1}},"14":{"start":{"line":18,"column":4},"end":{"line":18,"column":44}},"15":{"start":{"line":19,"column":4},"end":{"line":19,"column":54}},"16":{"start":{"line":20,"column":4},"end":{"line":20,"column":40}},"17":{"start":{"line":22,"column":0},"end":{"line":22,"column":18}},"18":{"start":{"line":23,"column":0},"end":{"line":27,"column":1}},"19":{"start":{"line":24,"column":4},"end":{"line":24,"column":44}},"20":{"start":{"line":25,"column":4},"end":{"line":25,"column":54}},"21":{"start":{"line":26,"column":4},"end":{"line":26,"column":41}},"22":{"start":{"line":28,"column":0},"end":{"line":28,"column":20}},"23":{"start":{"line":29,"column":0},"end":{"line":33,"column":1}},"24":{"start":{"line":30,"column":4},"end":{"line":30,"column":44}},"25":{"start":{"line":31,"column":4},"end":{"line":31,"column":54}},"26":{"start":{"line":32,"column":4},"end":{"line":32,"column":40}},"27":{"start":{"line":34,"column":0},"end":{"line":34,"column":18}},"28":{"start":{"line":35,"column":0},"end":{"line":39,"column":1}},"29":{"start":{"line":36,"column":4},"end":{"line":36,"column":44}},"30":{"start":{"line":37,"column":4},"end":{"line":37,"column":54}},"31":{"start":{"line":38,"column":4},"end":{"line":38,"column":43}},"32":{"start":{"line":40,"column":0},"end":{"line":40,"column":24}},"33":{"start":{"line":41,"column":0},"end":{"line":56,"column":1}},"34":{"start":{"line":42,"column":4},"end":{"line":55,"column":6}},"35":{"start":{"line":43,"column":8},"end":{"line":54,"column":9}},"36":{"start":{"line":44,"column":12},"end":{"line":44,"column":91}},"37":{"start":{"line":45,"column":12},"end":{"line":45,"column":52}},"38":{"start":{"line":46,"column":12},"end":{"line":46,"column":62}},"39":{"start":{"line":47,"column":12},"end":{"line":47,"column":72}},"40":{"start":{"line":48,"column":12},"end":{"line":48,"column":49}},"41":{"start":{"line":51,"column":12},"end":{"line":53,"column":15}},"42":{"start":{"line":57,"column":0},"end":{"line":57,"column":20}},"43":{"start":{"line":58,"column":0},"end":{"line":64,"column":1}},"44":{"start":{"line":59,"column":4},"end":{"line":63,"column":6}},"45":{"start":{"line":60,"column":8},"end":{"line":60,"column":48}},"46":{"start":{"line":61,"column":8},"end":{"line":61,"column":58}},"47":{"start":{"line":62,"column":8},"end":{"line":62,"column":44}},"48":{"start":{"line":65,"column":0},"end":{"line":65,"column":26}},"49":{"start":{"line":66,"column":0},"end":{"line":72,"column":1}},"50":{"start":{"line":67,"column":4},"end":{"line":71,"column":6}},"51":{"start":{"line":68,"column":8},"end":{"line":68,"column":48}},"52":{"start":{"line":69,"column":8},"end":{"line":69,"column":58}},"53":{"start":{"line":70,"column":8},"end":{"line":70,"column":44}},"54":{"start":{"line":73,"column":0},"end":{"line":73,"column":26}},"55":{"start":{"line":74,"column":0},"end":{"line":97,"column":1}},"56":{"start":{"line":75,"column":4},"end":{"line":96,"column":6}},"57":{"start":{"line":76,"column":8},"end":{"line":95,"column":9}},"58":{"start":{"line":77,"column":12},"end":{"line":77,"column":98}},"59":{"start":{"line":78,"column":12},"end":{"line":78,"column":52}},"60":{"start":{"line":79,"column":12},"end":{"line":79,"column":62}},"61":{"start":{"line":80,"column":12},"end":{"line":80,"column":84}},"62":{"start":{"line":81,"column":12},"end":{"line":86,"column":14}},"63":{"start":{"line":89,"column":12},"end":{"line":89,"column":60}},"64":{"start":{"line":90,"column":12},"end":{"line":94,"column":14}},"65":{"start":{"line":98,"column":0},"end":{"line":98,"column":32}},"66":{"start":{"line":99,"column":0},"end":{"line":122,"column":1}},"67":{"start":{"line":100,"column":4},"end":{"line":121,"column":6}},"68":{"start":{"line":101,"column":8},"end":{"line":120,"column":9}},"69":{"start":{"line":102,"column":12},"end":{"line":102,"column":98}},"70":{"start":{"line":103,"column":12},"end":{"line":103,"column":52}},"71":{"start":{"line":104,"column":12},"end":{"line":104,"column":62}},"72":{"start":{"line":105,"column":12},"end":{"line":105,"column":84}},"73":{"start":{"line":106,"column":12},"end":{"line":111,"column":14}},"74":{"start":{"line":114,"column":12},"end":{"line":114,"column":60}},"75":{"start":{"line":115,"column":12},"end":{"line":119,"column":14}},"76":{"start":{"line":123,"column":0},"end":{"line":123,"column":30}},"77":{"start":{"line":124,"column":0},"end":{"line":147,"column":1}},"78":{"start":{"line":125,"column":4},"end":{"line":146,"column":6}},"79":{"start":{"line":126,"column":8},"end":{"line":145,"column":9}},"80":{"start":{"line":127,"column":12},"end":{"line":127,"column":98}},"81":{"start":{"line":128,"column":12},"end":{"line":128,"column":52}},"82":{"start":{"line":129,"column":12},"end":{"line":129,"column":62}},"83":{"start":{"line":130,"column":12},"end":{"line":130,"column":84}},"84":{"start":{"line":131,"column":12},"end":{"line":136,"column":14}},"85":{"start":{"line":139,"column":12},"end":{"line":139,"column":60}},"86":{"start":{"line":140,"column":12},"end":{"line":144,"column":14}},"87":{"start":{"line":148,"column":0},"end":{"line":148,"column":30}},"88":{"start":{"line":149,"column":0},"end":{"line":172,"column":1}},"89":{"start":{"line":150,"column":4},"end":{"line":171,"column":6}},"90":{"start":{"line":151,"column":8},"end":{"line":170,"column":9}},"91":{"start":{"line":152,"column":12},"end":{"line":152,"column":98}},"92":{"start":{"line":153,"column":12},"end":{"line":153,"column":52}},"93":{"start":{"line":154,"column":12},"end":{"line":154,"column":62}},"94":{"start":{"line":155,"column":12},"end":{"line":155,"column":84}},"95":{"start":{"line":156,"column":12},"end":{"line":161,"column":14}},"96":{"start":{"line":164,"column":12},"end":{"line":164,"column":60}},"97":{"start":{"line":165,"column":12},"end":{"line":169,"column":14}},"98":{"start":{"line":173,"column":0},"end":{"line":173,"column":34}},"99":{"start":{"line":174,"column":0},"end":{"line":195,"column":1}},"100":{"start":{"line":175,"column":4},"end":{"line":194,"column":5}},"101":{"start":{"line":176,"column":8},"end":{"line":176,"column":94}},"102":{"start":{"line":177,"column":8},"end":{"line":177,"column":48}},"103":{"start":{"line":178,"column":8},"end":{"line":178,"column":58}},"104":{"start":{"line":179,"column":8},"end":{"line":179,"column":80}},"105":{"start":{"line":180,"column":8},"end":{"line":185,"column":10}},"106":{"start":{"line":188,"column":8},"end":{"line":188,"column":56}},"107":{"start":{"line":189,"column":8},"end":{"line":193,"column":10}},"108":{"start":{"line":196,"column":0},"end":{"line":196,"column":22}},"109":{"start":{"line":197,"column":0},"end":{"line":218,"column":1}},"110":{"start":{"line":198,"column":4},"end":{"line":217,"column":5}},"111":{"start":{"line":199,"column":8},"end":{"line":199,"column":94}},"112":{"start":{"line":200,"column":8},"end":{"line":200,"column":48}},"113":{"start":{"line":201,"column":8},"end":{"line":201,"column":58}},"114":{"start":{"line":202,"column":8},"end":{"line":202,"column":80}},"115":{"start":{"line":203,"column":8},"end":{"line":208,"column":10}},"116":{"start":{"line":211,"column":8},"end":{"line":211,"column":56}},"117":{"start":{"line":212,"column":8},"end":{"line":216,"column":10}},"118":{"start":{"line":219,"column":0},"end":{"line":219,"column":24}},"119":{"start":{"line":220,"column":0},"end":{"line":241,"column":1}},"120":{"start":{"line":221,"column":4},"end":{"line":240,"column":5}},"121":{"start":{"line":222,"column":8},"end":{"line":222,"column":94}},"122":{"start":{"line":223,"column":8},"end":{"line":223,"column":48}},"123":{"start":{"line":224,"column":8},"end":{"line":224,"column":58}},"124":{"start":{"line":225,"column":8},"end":{"line":225,"column":80}},"125":{"start":{"line":226,"column":8},"end":{"line":231,"column":10}},"126":{"start":{"line":234,"column":8},"end":{"line":234,"column":56}},"127":{"start":{"line":235,"column":8},"end":{"line":239,"column":10}},"128":{"start":{"line":242,"column":0},"end":{"line":242,"column":20}},"129":{"start":{"line":243,"column":0},"end":{"line":264,"column":1}},"130":{"start":{"line":244,"column":4},"end":{"line":263,"column":5}},"131":{"start":{"line":245,"column":8},"end":{"line":245,"column":94}},"132":{"start":{"line":246,"column":8},"end":{"line":246,"column":48}},"133":{"start":{"line":247,"column":8},"end":{"line":247,"column":58}},"134":{"start":{"line":248,"column":8},"end":{"line":248,"column":80}},"135":{"start":{"line":249,"column":8},"end":{"line":254,"column":10}},"136":{"start":{"line":257,"column":8},"end":{"line":257,"column":56}},"137":{"start":{"line":258,"column":8},"end":{"line":262,"column":10}},"138":{"start":{"line":265,"column":0},"end":{"line":265,"column":26}},"139":{"start":{"line":266,"column":0},"end":{"line":287,"column":1}},"140":{"start":{"line":267,"column":4},"end":{"line":286,"column":5}},"141":{"start":{"line":268,"column":8},"end":{"line":268,"column":94}},"142":{"start":{"line":269,"column":8},"end":{"line":269,"column":48}},"143":{"start":{"line":270,"column":8},"end":{"line":270,"column":58}},"144":{"start":{"line":271,"column":8},"end":{"line":271,"column":80}},"145":{"start":{"line":272,"column":8},"end":{"line":277,"column":10}},"146":{"start":{"line":280,"column":8},"end":{"line":280,"column":56}},"147":{"start":{"line":281,"column":8},"end":{"line":285,"column":10}},"148":{"start":{"line":288,"column":0},"end":{"line":288,"column":32}},"149":{"start":{"line":289,"column":0},"end":{"line":310,"column":1}},"150":{"start":{"line":290,"column":4},"end":{"line":309,"column":5}},"151":{"start":{"line":291,"column":8},"end":{"line":291,"column":94}},"152":{"start":{"line":292,"column":8},"end":{"line":292,"column":48}},"153":{"start":{"line":293,"column":8},"end":{"line":293,"column":58}},"154":{"start":{"line":294,"column":8},"end":{"line":294,"column":80}},"155":{"start":{"line":295,"column":8},"end":{"line":300,"column":10}},"156":{"start":{"line":303,"column":8},"end":{"line":303,"column":56}},"157":{"start":{"line":304,"column":8},"end":{"line":308,"column":10}},"158":{"start":{"line":311,"column":0},"end":{"line":311,"column":34}},"159":{"start":{"line":312,"column":0},"end":{"line":323,"column":1}},"160":{"start":{"line":313,"column":4},"end":{"line":313,"column":90}},"161":{"start":{"line":314,"column":4},"end":{"line":314,"column":44}},"162":{"start":{"line":315,"column":4},"end":{"line":315,"column":54}},"163":{"start":{"line":316,"column":4},"end":{"line":316,"column":76}},"164":{"start":{"line":317,"column":4},"end":{"line":322,"column":6}},"165":{"start":{"line":324,"column":0},"end":{"line":324,"column":38}}},"branchMap":{"1":{"line":6,"type":"binary-expr","locations":[{"start":{"line":6,"column":22},"end":{"line":6,"column":37}},{"start":{"line":6,"column":41},"end":{"line":6,"column":43}}]},"2":{"line":7,"type":"binary-expr","locations":[{"start":{"line":7,"column":27},"end":{"line":7,"column":47}},{"start":{"line":7,"column":51},"end":{"line":7,"column":53}}]},"3":{"line":12,"type":"binary-expr","locations":[{"start":{"line":12,"column":22},"end":{"line":12,"column":37}},{"start":{"line":12,"column":41},"end":{"line":12,"column":43}}]},"4":{"line":13,"type":"binary-expr","locations":[{"start":{"line":13,"column":27},"end":{"line":13,"column":47}},{"start":{"line":13,"column":51},"end":{"line":13,"column":53}}]},"5":{"line":18,"type":"binary-expr","locations":[{"start":{"line":18,"column":22},"end":{"line":18,"column":37}},{"start":{"line":18,"column":41},"end":{"line":18,"column":43}}]},"6":{"line":19,"type":"binary-expr","locations":[{"start":{"line":19,"column":27},"end":{"line":19,"column":47}},{"start":{"line":19,"column":51},"end":{"line":19,"column":53}}]},"7":{"line":24,"type":"binary-expr","locations":[{"start":{"line":24,"column":22},"end":{"line":24,"column":37}},{"start":{"line":24,"column":41},"end":{"line":24,"column":43}}]},"8":{"line":25,"type":"binary-expr","locations":[{"start":{"line":25,"column":27},"end":{"line":25,"column":47}},{"start":{"line":25,"column":51},"end":{"line":25,"column":53}}]},"9":{"line":30,"type":"binary-expr","locations":[{"start":{"line":30,"column":22},"end":{"line":30,"column":37}},{"start":{"line":30,"column":41},"end":{"line":30,"column":43}}]},"10":{"line":31,"type":"binary-expr","locations":[{"start":{"line":31,"column":27},"end":{"line":31,"column":47}},{"start":{"line":31,"column":51},"end":{"line":31,"column":53}}]},"11":{"line":36,"type":"binary-expr","locations":[{"start":{"line":36,"column":22},"end":{"line":36,"column":37}},{"start":{"line":36,"column":41},"end":{"line":36,"column":43}}]},"12":{"line":37,"type":"binary-expr","locations":[{"start":{"line":37,"column":27},"end":{"line":37,"column":47}},{"start":{"line":37,"column":51},"end":{"line":37,"column":53}}]},"13":{"line":43,"type":"if","locations":[{"start":{"line":43,"column":8},"end":{"line":43,"column":8}},{"start":{"line":43,"column":8},"end":{"line":43,"column":8}}]},"14":{"line":45,"type":"binary-expr","locations":[{"start":{"line":45,"column":30},"end":{"line":45,"column":45}},{"start":{"line":45,"column":49},"end":{"line":45,"column":51}}]},"15":{"line":46,"type":"binary-expr","locations":[{"start":{"line":46,"column":35},"end":{"line":46,"column":55}},{"start":{"line":46,"column":59},"end":{"line":46,"column":61}}]},"16":{"line":47,"type":"binary-expr","locations":[{"start":{"line":47,"column":40},"end":{"line":47,"column":65}},{"start":{"line":47,"column":69},"end":{"line":47,"column":71}}]},"17":{"line":60,"type":"binary-expr","locations":[{"start":{"line":60,"column":26},"end":{"line":60,"column":41}},{"start":{"line":60,"column":45},"end":{"line":60,"column":47}}]},"18":{"line":61,"type":"binary-expr","locations":[{"start":{"line":61,"column":31},"end":{"line":61,"column":51}},{"start":{"line":61,"column":55},"end":{"line":61,"column":57}}]},"19":{"line":68,"type":"binary-expr","locations":[{"start":{"line":68,"column":26},"end":{"line":68,"column":41}},{"start":{"line":68,"column":45},"end":{"line":68,"column":47}}]},"20":{"line":69,"type":"binary-expr","locations":[{"start":{"line":69,"column":31},"end":{"line":69,"column":51}},{"start":{"line":69,"column":55},"end":{"line":69,"column":57}}]},"21":{"line":76,"type":"if","locations":[{"start":{"line":76,"column":8},"end":{"line":76,"column":8}},{"start":{"line":76,"column":8},"end":{"line":76,"column":8}}]},"22":{"line":78,"type":"binary-expr","locations":[{"start":{"line":78,"column":30},"end":{"line":78,"column":45}},{"start":{"line":78,"column":49},"end":{"line":78,"column":51}}]},"23":{"line":79,"type":"binary-expr","locations":[{"start":{"line":79,"column":35},"end":{"line":79,"column":55}},{"start":{"line":79,"column":59},"end":{"line":79,"column":61}}]},"24":{"line":80,"type":"binary-expr","locations":[{"start":{"line":80,"column":46},"end":{"line":80,"column":77}},{"start":{"line":80,"column":81},"end":{"line":80,"column":83}}]},"25":{"line":89,"type":"binary-expr","locations":[{"start":{"line":89,"column":34},"end":{"line":89,"column":53}},{"start":{"line":89,"column":57},"end":{"line":89,"column":59}}]},"26":{"line":101,"type":"if","locations":[{"start":{"line":101,"column":8},"end":{"line":101,"column":8}},{"start":{"line":101,"column":8},"end":{"line":101,"column":8}}]},"27":{"line":103,"type":"binary-expr","locations":[{"start":{"line":103,"column":30},"end":{"line":103,"column":45}},{"start":{"line":103,"column":49},"end":{"line":103,"column":51}}]},"28":{"line":104,"type":"binary-expr","locations":[{"start":{"line":104,"column":35},"end":{"line":104,"column":55}},{"start":{"line":104,"column":59},"end":{"line":104,"column":61}}]},"29":{"line":105,"type":"binary-expr","locations":[{"start":{"line":105,"column":46},"end":{"line":105,"column":77}},{"start":{"line":105,"column":81},"end":{"line":105,"column":83}}]},"30":{"line":114,"type":"binary-expr","locations":[{"start":{"line":114,"column":34},"end":{"line":114,"column":53}},{"start":{"line":114,"column":57},"end":{"line":114,"column":59}}]},"31":{"line":126,"type":"if","locations":[{"start":{"line":126,"column":8},"end":{"line":126,"column":8}},{"start":{"line":126,"column":8},"end":{"line":126,"column":8}}]},"32":{"line":128,"type":"binary-expr","locations":[{"start":{"line":128,"column":30},"end":{"line":128,"column":45}},{"start":{"line":128,"column":49},"end":{"line":128,"column":51}}]},"33":{"line":129,"type":"binary-expr","locations":[{"start":{"line":129,"column":35},"end":{"line":129,"column":55}},{"start":{"line":129,"column":59},"end":{"line":129,"column":61}}]},"34":{"line":130,"type":"binary-expr","locations":[{"start":{"line":130,"column":46},"end":{"line":130,"column":77}},{"start":{"line":130,"column":81},"end":{"line":130,"column":83}}]},"35":{"line":139,"type":"binary-expr","locations":[{"start":{"line":139,"column":34},"end":{"line":139,"column":53}},{"start":{"line":139,"column":57},"end":{"line":139,"column":59}}]},"36":{"line":151,"type":"if","locations":[{"start":{"line":151,"column":8},"end":{"line":151,"column":8}},{"start":{"line":151,"column":8},"end":{"line":151,"column":8}}]},"37":{"line":153,"type":"binary-expr","locations":[{"start":{"line":153,"column":30},"end":{"line":153,"column":45}},{"start":{"line":153,"column":49},"end":{"line":153,"column":51}}]},"38":{"line":154,"type":"binary-expr","locations":[{"start":{"line":154,"column":35},"end":{"line":154,"column":55}},{"start":{"line":154,"column":59},"end":{"line":154,"column":61}}]},"39":{"line":155,"type":"binary-expr","locations":[{"start":{"line":155,"column":46},"end":{"line":155,"column":77}},{"start":{"line":155,"column":81},"end":{"line":155,"column":83}}]},"40":{"line":164,"type":"binary-expr","locations":[{"start":{"line":164,"column":34},"end":{"line":164,"column":53}},{"start":{"line":164,"column":57},"end":{"line":164,"column":59}}]},"41":{"line":175,"type":"if","locations":[{"start":{"line":175,"column":4},"end":{"line":175,"column":4}},{"start":{"line":175,"column":4},"end":{"line":175,"column":4}}]},"42":{"line":177,"type":"binary-expr","locations":[{"start":{"line":177,"column":26},"end":{"line":177,"column":41}},{"start":{"line":177,"column":45},"end":{"line":177,"column":47}}]},"43":{"line":178,"type":"binary-expr","locations":[{"start":{"line":178,"column":31},"end":{"line":178,"column":51}},{"start":{"line":178,"column":55},"end":{"line":178,"column":57}}]},"44":{"line":179,"type":"binary-expr","locations":[{"start":{"line":179,"column":42},"end":{"line":179,"column":73}},{"start":{"line":179,"column":77},"end":{"line":179,"column":79}}]},"45":{"line":188,"type":"binary-expr","locations":[{"start":{"line":188,"column":30},"end":{"line":188,"column":49}},{"start":{"line":188,"column":53},"end":{"line":188,"column":55}}]},"46":{"line":198,"type":"if","locations":[{"start":{"line":198,"column":4},"end":{"line":198,"column":4}},{"start":{"line":198,"column":4},"end":{"line":198,"column":4}}]},"47":{"line":200,"type":"binary-expr","locations":[{"start":{"line":200,"column":26},"end":{"line":200,"column":41}},{"start":{"line":200,"column":45},"end":{"line":200,"column":47}}]},"48":{"line":201,"type":"binary-expr","locations":[{"start":{"line":201,"column":31},"end":{"line":201,"column":51}},{"start":{"line":201,"column":55},"end":{"line":201,"column":57}}]},"49":{"line":202,"type":"binary-expr","locations":[{"start":{"line":202,"column":42},"end":{"line":202,"column":73}},{"start":{"line":202,"column":77},"end":{"line":202,"column":79}}]},"50":{"line":211,"type":"binary-expr","locations":[{"start":{"line":211,"column":30},"end":{"line":211,"column":49}},{"start":{"line":211,"column":53},"end":{"line":211,"column":55}}]},"51":{"line":221,"type":"if","locations":[{"start":{"line":221,"column":4},"end":{"line":221,"column":4}},{"start":{"line":221,"column":4},"end":{"line":221,"column":4}}]},"52":{"line":223,"type":"binary-expr","locations":[{"start":{"line":223,"column":26},"end":{"line":223,"column":41}},{"start":{"line":223,"column":45},"end":{"line":223,"column":47}}]},"53":{"line":224,"type":"binary-expr","locations":[{"start":{"line":224,"column":31},"end":{"line":224,"column":51}},{"start":{"line":224,"column":55},"end":{"line":224,"column":57}}]},"54":{"line":225,"type":"binary-expr","locations":[{"start":{"line":225,"column":42},"end":{"line":225,"column":73}},{"start":{"line":225,"column":77},"end":{"line":225,"column":79}}]},"55":{"line":234,"type":"binary-expr","locations":[{"start":{"line":234,"column":30},"end":{"line":234,"column":49}},{"start":{"line":234,"column":53},"end":{"line":234,"column":55}}]},"56":{"line":244,"type":"if","locations":[{"start":{"line":244,"column":4},"end":{"line":244,"column":4}},{"start":{"line":244,"column":4},"end":{"line":244,"column":4}}]},"57":{"line":246,"type":"binary-expr","locations":[{"start":{"line":246,"column":26},"end":{"line":246,"column":41}},{"start":{"line":246,"column":45},"end":{"line":246,"column":47}}]},"58":{"line":247,"type":"binary-expr","locations":[{"start":{"line":247,"column":31},"end":{"line":247,"column":51}},{"start":{"line":247,"column":55},"end":{"line":247,"column":57}}]},"59":{"line":248,"type":"binary-expr","locations":[{"start":{"line":248,"column":42},"end":{"line":248,"column":73}},{"start":{"line":248,"column":77},"end":{"line":248,"column":79}}]},"60":{"line":257,"type":"binary-expr","locations":[{"start":{"line":257,"column":30},"end":{"line":257,"column":49}},{"start":{"line":257,"column":53},"end":{"line":257,"column":55}}]},"61":{"line":267,"type":"if","locations":[{"start":{"line":267,"column":4},"end":{"line":267,"column":4}},{"start":{"line":267,"column":4},"end":{"line":267,"column":4}}]},"62":{"line":269,"type":"binary-expr","locations":[{"start":{"line":269,"column":26},"end":{"line":269,"column":41}},{"start":{"line":269,"column":45},"end":{"line":269,"column":47}}]},"63":{"line":270,"type":"binary-expr","locations":[{"start":{"line":270,"column":31},"end":{"line":270,"column":51}},{"start":{"line":270,"column":55},"end":{"line":270,"column":57}}]},"64":{"line":271,"type":"binary-expr","locations":[{"start":{"line":271,"column":42},"end":{"line":271,"column":73}},{"start":{"line":271,"column":77},"end":{"line":271,"column":79}}]},"65":{"line":280,"type":"binary-expr","locations":[{"start":{"line":280,"column":30},"end":{"line":280,"column":49}},{"start":{"line":280,"column":53},"end":{"line":280,"column":55}}]},"66":{"line":290,"type":"if","locations":[{"start":{"line":290,"column":4},"end":{"line":290,"column":4}},{"start":{"line":290,"column":4},"end":{"line":290,"column":4}}]},"67":{"line":292,"type":"binary-expr","locations":[{"start":{"line":292,"column":26},"end":{"line":292,"column":41}},{"start":{"line":292,"column":45},"end":{"line":292,"column":47}}]},"68":{"line":293,"type":"binary-expr","locations":[{"start":{"line":293,"column":31},"end":{"line":293,"column":51}},{"start":{"line":293,"column":55},"end":{"line":293,"column":57}}]},"69":{"line":294,"type":"binary-expr","locations":[{"start":{"line":294,"column":42},"end":{"line":294,"column":73}},{"start":{"line":294,"column":77},"end":{"line":294,"column":79}}]},"70":{"line":303,"type":"binary-expr","locations":[{"start":{"line":303,"column":30},"end":{"line":303,"column":49}},{"start":{"line":303,"column":53},"end":{"line":303,"column":55}}]},"71":{"line":314,"type":"binary-expr","locations":[{"start":{"line":314,"column":22},"end":{"line":314,"column":37}},{"start":{"line":314,"column":41},"end":{"line":314,"column":43}}]},"72":{"line":315,"type":"binary-expr","locations":[{"start":{"line":315,"column":27},"end":{"line":315,"column":47}},{"start":{"line":315,"column":51},"end":{"line":315,"column":53}}]},"73":{"line":316,"type":"binary-expr","locations":[{"start":{"line":316,"column":38},"end":{"line":316,"column":69}},{"start":{"line":316,"column":73},"end":{"line":316,"column":75}}]}}},"/Users/Joesonw/koa-ts-router/test-dist/src/router.js":{"path":"/Users/Joesonw/koa-ts-router/test-dist/src/router.js","s":{"1":1,"2":17,"3":1,"4":39,"5":39,"6":0,"7":1,"8":0,"9":0,"10":0,"11":1,"12":56,"13":39,"14":17,"15":1,"16":1,"17":1,"18":1,"19":1,"20":12,"21":12,"22":12,"23":17,"24":17,"25":17,"26":17,"27":17,"28":17,"29":28,"30":1,"31":27,"32":1,"33":26,"34":26,"35":28,"36":28,"37":28,"38":17,"39":17,"40":10,"41":17,"42":17,"43":17,"44":17,"45":17,"46":2,"47":2,"48":15,"49":0,"50":0,"51":15,"52":0,"53":0,"54":15,"55":1,"56":1,"57":1,"58":2,"59":1,"60":0,"61":17,"62":17,"63":17,"64":17,"65":1,"66":56,"67":56,"68":6,"69":6,"70":14,"71":14,"72":8,"73":8,"74":6,"75":6,"76":3,"77":3,"78":7,"79":7,"80":4,"81":4,"82":3,"83":3,"84":2,"85":2,"86":2,"87":2,"88":1,"89":1,"90":56,"91":55,"92":1,"93":1,"94":0,"95":17,"96":20,"97":17,"98":17,"99":30,"100":17,"101":17,"102":1,"103":1,"104":1,"105":1,"106":17,"107":17,"108":12,"109":17,"110":12,"111":12,"112":17,"113":17,"114":1,"115":1,"116":5,"117":1,"118":17,"119":17,"120":17,"121":17,"122":17,"123":17,"124":12,"125":12,"126":18,"127":18,"128":18,"129":18,"130":17,"131":17,"132":17,"133":17,"134":18,"135":17,"136":1,"137":1},"b":{"1":[1,1,1],"2":[17,17],"3":[17,39],"4":[1,27],"5":[1,26],"6":[26,0],"7":[17,11],"8":[17,0],"9":[2,15],"10":[17,2],"11":[0,15],"12":[15,0],"13":[0,15],"14":[15,0],"15":[1,14],"16":[15,1],"17":[1,0],"18":[6,14,8,6,3,7,4,3,2,2,1],"19":[55,1],"20":[1,0],"21":[17,9],"22":[17,6],"23":[1,0],"24":[12,5],"25":[12],"26":[1,0],"27":[18,2],"28":[18,2]},"f":{"1":17,"2":17,"3":39,"4":0,"5":56,"6":39,"7":12,"8":12,"9":17,"10":17,"11":56,"12":12},"fnMap":{"1":{"name":"(anonymous_1)","line":2,"loc":{"start":{"line":2,"column":44},"end":{"line":2,"column":89}}},"2":{"name":"(anonymous_2)","line":3,"loc":{"start":{"line":3,"column":36},"end":{"line":3,"column":63}}},"3":{"name":"fulfilled","line":4,"loc":{"start":{"line":4,"column":8},"end":{"line":4,"column":34}}},"4":{"name":"rejected","line":5,"loc":{"start":{"line":5,"column":8},"end":{"line":5,"column":33}}},"5":{"name":"step","line":6,"loc":{"start":{"line":6,"column":8},"end":{"line":6,"column":30}}},"6":{"name":"(anonymous_6)","line":6,"loc":{"start":{"line":6,"column":76},"end":{"line":6,"column":95}}},"7":{"name":"(anonymous_7)","line":16,"loc":{"start":{"line":16,"column":15},"end":{"line":16,"column":18}}},"8":{"name":"(anonymous_8)","line":19,"loc":{"start":{"line":19,"column":10},"end":{"line":19,"column":13}}},"9":{"name":"(anonymous_9)","line":21,"loc":{"start":{"line":21,"column":15},"end":{"line":21,"column":40}}},"10":{"name":"(anonymous_10)","line":22,"loc":{"start":{"line":22,"column":51},"end":{"line":22,"column":64}}},"11":{"name":"getParameter","line":88,"loc":{"start":{"line":88,"column":20},"end":{"line":88,"column":53}}},"12":{"name":"(anonymous_12)","line":177,"loc":{"start":{"line":177,"column":7},"end":{"line":177,"column":21}}}},"statementMap":{"1":{"start":{"line":2,"column":0},"end":{"line":9,"column":2}},"2":{"start":{"line":3,"column":4},"end":{"line":8,"column":7}},"3":{"start":{"line":4,"column":8},"end":{"line":4,"column":99}},"4":{"start":{"line":4,"column":36},"end":{"line":4,"column":97}},"5":{"start":{"line":4,"column":42},"end":{"line":4,"column":70}},"6":{"start":{"line":4,"column":85},"end":{"line":4,"column":95}},"7":{"start":{"line":5,"column":8},"end":{"line":5,"column":99}},"8":{"start":{"line":5,"column":35},"end":{"line":5,"column":97}},"9":{"start":{"line":5,"column":41},"end":{"line":5,"column":70}},"10":{"start":{"line":5,"column":85},"end":{"line":5,"column":95}},"11":{"start":{"line":6,"column":8},"end":{"line":6,"column":151}},"12":{"start":{"line":6,"column":32},"end":{"line":6,"column":149}},"13":{"start":{"line":6,"column":97},"end":{"line":6,"column":119}},"14":{"start":{"line":7,"column":8},"end":{"line":7,"column":72}},"15":{"start":{"line":10,"column":0},"end":{"line":10,"column":47}},"16":{"start":{"line":11,"column":0},"end":{"line":11,"column":28}},"17":{"start":{"line":12,"column":0},"end":{"line":12,"column":33}},"18":{"start":{"line":13,"column":0},"end":{"line":13,"column":33}},"19":{"start":{"line":14,"column":0},"end":{"line":14,"column":41}},"20":{"start":{"line":17,"column":8},"end":{"line":17,"column":26}},"21":{"start":{"line":20,"column":8},"end":{"line":20,"column":24}},"22":{"start":{"line":21,"column":8},"end":{"line":175,"column":10}},"23":{"start":{"line":22,"column":12},"end":{"line":174,"column":15}},"24":{"start":{"line":23,"column":16},"end":{"line":23,"column":33}},"25":{"start":{"line":24,"column":16},"end":{"line":24,"column":32}},"26":{"start":{"line":25,"column":16},"end":{"line":25,"column":32}},"27":{"start":{"line":26,"column":16},"end":{"line":26,"column":33}},"28":{"start":{"line":28,"column":16},"end":{"line":50,"column":17}},"29":{"start":{"line":29,"column":20},"end":{"line":49,"column":21}},"30":{"start":{"line":30,"column":24},"end":{"line":30,"column":44}},"31":{"start":{"line":32,"column":25},"end":{"line":49,"column":21}},"32":{"start":{"line":33,"column":24},"end":{"line":33,"column":43}},"33":{"start":{"line":36,"column":24},"end":{"line":48,"column":25}},"34":{"start":{"line":37,"column":28},"end":{"line":47,"column":29}},"35":{"start":{"line":38,"column":32},"end":{"line":38,"column":59}},"36":{"start":{"line":39,"column":32},"end":{"line":39,"column":65}},"37":{"start":{"line":40,"column":32},"end":{"line":46,"column":33}},"38":{"start":{"line":41,"column":36},"end":{"line":41,"column":57}},"39":{"start":{"line":42,"column":36},"end":{"line":44,"column":37}},"40":{"start":{"line":43,"column":40},"end":{"line":43,"column":87}},"41":{"start":{"line":45,"column":36},"end":{"line":45,"column":42}},"42":{"start":{"line":51,"column":16},"end":{"line":173,"column":17}},"43":{"start":{"line":52,"column":20},"end":{"line":52,"column":40}},"44":{"start":{"line":53,"column":20},"end":{"line":53,"column":34}},"45":{"start":{"line":55,"column":20},"end":{"line":83,"column":21}},"46":{"start":{"line":57,"column":24},"end":{"line":59,"column":27}},"47":{"start":{"line":58,"column":28},"end":{"line":58,"column":76}},"48":{"start":{"line":61,"column":25},"end":{"line":83,"column":21}},"49":{"start":{"line":63,"column":24},"end":{"line":65,"column":27}},"50":{"start":{"line":64,"column":28},"end":{"line":64,"column":76}},"51":{"start":{"line":67,"column":25},"end":{"line":83,"column":21}},"52":{"start":{"line":69,"column":24},"end":{"line":71,"column":27}},"53":{"start":{"line":70,"column":28},"end":{"line":70,"column":76}},"54":{"start":{"line":73,"column":25},"end":{"line":83,"column":21}},"55":{"start":{"line":75,"column":24},"end":{"line":75,"column":70}},"56":{"start":{"line":76,"column":24},"end":{"line":76,"column":34}},"57":{"start":{"line":77,"column":24},"end":{"line":79,"column":25}},"58":{"start":{"line":78,"column":28},"end":{"line":78,"column":59}},"59":{"start":{"line":80,"column":24},"end":{"line":82,"column":25}},"60":{"start":{"line":81,"column":28},"end":{"line":81,"column":58}},"61":{"start":{"line":84,"column":20},"end":{"line":84,"column":45}},"62":{"start":{"line":85,"column":20},"end":{"line":85,"column":50}},"63":{"start":{"line":86,"column":20},"end":{"line":86,"column":47}},"64":{"start":{"line":87,"column":20},"end":{"line":87,"column":33}},"65":{"start":{"line":88,"column":20},"end":{"line":134,"column":21}},"66":{"start":{"line":89,"column":24},"end":{"line":89,"column":32}},"67":{"start":{"line":90,"column":24},"end":{"line":124,"column":25}},"68":{"start":{"line":92,"column":32},"end":{"line":92,"column":74}},"69":{"start":{"line":93,"column":32},"end":{"line":93,"column":38}},"70":{"start":{"line":95,"column":32},"end":{"line":95,"column":67}},"71":{"start":{"line":96,"column":32},"end":{"line":96,"column":38}},"72":{"start":{"line":98,"column":32},"end":{"line":98,"column":65}},"73":{"start":{"line":99,"column":32},"end":{"line":99,"column":38}},"74":{"start":{"line":101,"column":32},"end":{"line":101,"column":76}},"75":{"start":{"line":102,"column":32},"end":{"line":102,"column":38}},"76":{"start":{"line":104,"column":32},"end":{"line":104,"column":52}},"77":{"start":{"line":105,"column":32},"end":{"line":105,"column":38}},"78":{"start":{"line":107,"column":32},"end":{"line":107,"column":45}},"79":{"start":{"line":108,"column":32},"end":{"line":108,"column":38}},"80":{"start":{"line":110,"column":32},"end":{"line":110,"column":43}},"81":{"start":{"line":111,"column":32},"end":{"line":111,"column":38}},"82":{"start":{"line":113,"column":32},"end":{"line":113,"column":54}},"83":{"start":{"line":114,"column":32},"end":{"line":114,"column":38}},"84":{"start":{"line":116,"column":32},"end":{"line":116,"column":49}},"85":{"start":{"line":117,"column":32},"end":{"line":117,"column":38}},"86":{"start":{"line":119,"column":32},"end":{"line":119,"column":46}},"87":{"start":{"line":120,"column":32},"end":{"line":120,"column":38}},"88":{"start":{"line":122,"column":32},"end":{"line":122,"column":47}},"89":{"start":{"line":123,"column":32},"end":{"line":123,"column":38}},"90":{"start":{"line":125,"column":24},"end":{"line":133,"column":25}},"91":{"start":{"line":126,"column":28},"end":{"line":126,"column":55}},"92":{"start":{"line":128,"column":29},"end":{"line":133,"column":25}},"93":{"start":{"line":129,"column":28},"end":{"line":129,"column":39}},"94":{"start":{"line":132,"column":28},"end":{"line":132,"column":59}},"95":{"start":{"line":135,"column":20},"end":{"line":137,"column":21}},"96":{"start":{"line":136,"column":24},"end":{"line":136,"column":65}},"97":{"start":{"line":138,"column":20},"end":{"line":138,"column":57}},"98":{"start":{"line":139,"column":20},"end":{"line":141,"column":21}},"99":{"start":{"line":140,"column":24},"end":{"line":140,"column":95}},"100":{"start":{"line":142,"column":20},"end":{"line":142,"column":45}},"101":{"start":{"line":143,"column":20},"end":{"line":149,"column":21}},"102":{"start":{"line":144,"column":24},"end":{"line":144,"column":35}},"103":{"start":{"line":145,"column":24},"end":{"line":147,"column":25}},"104":{"start":{"line":146,"column":28},"end":{"line":146,"column":60}},"105":{"start":{"line":148,"column":24},"end":{"line":148,"column":57}},"106":{"start":{"line":150,"column":20},"end":{"line":150,"column":79}},"107":{"start":{"line":151,"column":20},"end":{"line":153,"column":21}},"108":{"start":{"line":152,"column":24},"end":{"line":152,"column":106}},"109":{"start":{"line":154,"column":20},"end":{"line":158,"column":21}},"110":{"start":{"line":156,"column":28},"end":{"line":156,"column":74}},"111":{"start":{"line":157,"column":28},"end":{"line":157,"column":34}},"112":{"start":{"line":159,"column":20},"end":{"line":159,"column":46}},"113":{"start":{"line":160,"column":20},"end":{"line":166,"column":21}},"114":{"start":{"line":161,"column":24},"end":{"line":161,"column":35}},"115":{"start":{"line":162,"column":24},"end":{"line":164,"column":25}},"116":{"start":{"line":163,"column":28},"end":{"line":163,"column":60}},"117":{"start":{"line":165,"column":24},"end":{"line":165,"column":56}},"118":{"start":{"line":167,"column":20},"end":{"line":167,"column":33}},"119":{"start":{"line":168,"column":20},"end":{"line":168,"column":34}},"120":{"start":{"line":169,"column":20},"end":{"line":169,"column":33}},"121":{"start":{"line":170,"column":20},"end":{"line":170,"column":36}},"122":{"start":{"line":171,"column":20},"end":{"line":171,"column":38}},"123":{"start":{"line":172,"column":20},"end":{"line":172,"column":32}},"124":{"start":{"line":178,"column":8},"end":{"line":178,"column":43}},"125":{"start":{"line":179,"column":8},"end":{"line":201,"column":9}},"126":{"start":{"line":180,"column":12},"end":{"line":180,"column":45}},"127":{"start":{"line":181,"column":12},"end":{"line":181,"column":29}},"128":{"start":{"line":182,"column":12},"end":{"line":182,"column":30}},"129":{"start":{"line":183,"column":12},"end":{"line":188,"column":13}},"130":{"start":{"line":184,"column":16},"end":{"line":184,"column":30}},"131":{"start":{"line":185,"column":16},"end":{"line":185,"column":67}},"132":{"start":{"line":186,"column":16},"end":{"line":186,"column":34}},"133":{"start":{"line":187,"column":16},"end":{"line":187,"column":36}},"134":{"start":{"line":189,"column":12},"end":{"line":200,"column":15}},"135":{"start":{"line":192,"column":50},"end":{"line":192,"column":67}},"136":{"start":{"line":204,"column":0},"end":{"line":204,"column":62}},"137":{"start":{"line":205,"column":0},"end":{"line":205,"column":25}}},"branchMap":{"1":{"line":2,"type":"binary-expr","locations":[{"start":{"line":2,"column":17},"end":{"line":2,"column":21}},{"start":{"line":2,"column":25},"end":{"line":2,"column":39}},{"start":{"line":2,"column":44},"end":{"line":9,"column":1}}]},"2":{"line":3,"type":"binary-expr","locations":[{"start":{"line":3,"column":16},"end":{"line":3,"column":17}},{"start":{"line":3,"column":22},"end":{"line":3,"column":33}}]},"3":{"line":6,"type":"cond-expr","locations":[{"start":{"line":6,"column":46},"end":{"line":6,"column":67}},{"start":{"line":6,"column":70},"end":{"line":6,"column":148}}]},"4":{"line":29,"type":"if","locations":[{"start":{"line":29,"column":20},"end":{"line":29,"column":20}},{"start":{"line":29,"column":20},"end":{"line":29,"column":20}}]},"5":{"line":32,"type":"if","locations":[{"start":{"line":32,"column":25},"end":{"line":32,"column":25}},{"start":{"line":32,"column":25},"end":{"line":32,"column":25}}]},"6":{"line":36,"type":"if","locations":[{"start":{"line":36,"column":24},"end":{"line":36,"column":24}},{"start":{"line":36,"column":24},"end":{"line":36,"column":24}}]},"7":{"line":40,"type":"if","locations":[{"start":{"line":40,"column":32},"end":{"line":40,"column":32}},{"start":{"line":40,"column":32},"end":{"line":40,"column":32}}]},"8":{"line":51,"type":"if","locations":[{"start":{"line":51,"column":16},"end":{"line":51,"column":16}},{"start":{"line":51,"column":16},"end":{"line":51,"column":16}}]},"9":{"line":55,"type":"if","locations":[{"start":{"line":55,"column":20},"end":{"line":55,"column":20}},{"start":{"line":55,"column":20},"end":{"line":55,"column":20}}]},"10":{"line":55,"type":"binary-expr","locations":[{"start":{"line":55,"column":24},"end":{"line":55,"column":70}},{"start":{"line":56,"column":24},"end":{"line":56,"column":107}}]},"11":{"line":61,"type":"if","locations":[{"start":{"line":61,"column":25},"end":{"line":61,"column":25}},{"start":{"line":61,"column":25},"end":{"line":61,"column":25}}]},"12":{"line":61,"type":"binary-expr","locations":[{"start":{"line":61,"column":29},"end":{"line":61,"column":75}},{"start":{"line":62,"column":24},"end":{"line":62,"column":107}}]},"13":{"line":67,"type":"if","locations":[{"start":{"line":67,"column":25},"end":{"line":67,"column":25}},{"start":{"line":67,"column":25},"end":{"line":67,"column":25}}]},"14":{"line":67,"type":"binary-expr","locations":[{"start":{"line":67,"column":29},"end":{"line":67,"column":75}},{"start":{"line":68,"column":24},"end":{"line":68,"column":107}}]},"15":{"line":73,"type":"if","locations":[{"start":{"line":73,"column":25},"end":{"line":73,"column":25}},{"start":{"line":73,"column":25},"end":{"line":73,"column":25}}]},"16":{"line":73,"type":"binary-expr","locations":[{"start":{"line":73,"column":29},"end":{"line":73,"column":80}},{"start":{"line":74,"column":24},"end":{"line":74,"column":134}}]},"17":{"line":74,"type":"binary-expr","locations":[{"start":{"line":74,"column":25},"end":{"line":74,"column":56}},{"start":{"line":74,"column":60},"end":{"line":74,"column":62}}]},"18":{"line":90,"type":"switch","locations":[{"start":{"line":91,"column":28},"end":{"line":93,"column":38}},{"start":{"line":94,"column":28},"end":{"line":96,"column":38}},{"start":{"line":97,"column":28},"end":{"line":99,"column":38}},{"start":{"line":100,"column":28},"end":{"line":102,"column":38}},{"start":{"line":103,"column":28},"end":{"line":105,"column":38}},{"start":{"line":106,"column":28},"end":{"line":108,"column":38}},{"start":{"line":109,"column":28},"end":{"line":111,"column":38}},{"start":{"line":112,"column":28},"end":{"line":114,"column":38}},{"start":{"line":115,"column":28},"end":{"line":117,"column":38}},{"start":{"line":118,"column":28},"end":{"line":120,"column":38}},{"start":{"line":121,"column":28},"end":{"line":123,"column":38}}]},"19":{"line":125,"type":"if","locations":[{"start":{"line":125,"column":24},"end":{"line":125,"column":24}},{"start":{"line":125,"column":24},"end":{"line":125,"column":24}}]},"20":{"line":128,"type":"if","locations":[{"start":{"line":128,"column":29},"end":{"line":128,"column":29}},{"start":{"line":128,"column":29},"end":{"line":128,"column":29}}]},"21":{"line":135,"type":"binary-expr","locations":[{"start":{"line":135,"column":42},"end":{"line":135,"column":65}},{"start":{"line":135,"column":69},"end":{"line":135,"column":71}}]},"22":{"line":139,"type":"binary-expr","locations":[{"start":{"line":139,"column":36},"end":{"line":139,"column":64}},{"start":{"line":139,"column":68},"end":{"line":139,"column":70}}]},"23":{"line":145,"type":"binary-expr","locations":[{"start":{"line":145,"column":46},"end":{"line":145,"column":63}},{"start":{"line":145,"column":67},"end":{"line":145,"column":69}}]},"24":{"line":151,"type":"if","locations":[{"start":{"line":151,"column":20},"end":{"line":151,"column":20}},{"start":{"line":151,"column":20},"end":{"line":151,"column":20}}]},"25":{"line":154,"type":"switch","locations":[{"start":{"line":155,"column":24},"end":{"line":157,"column":34}}]},"26":{"line":162,"type":"binary-expr","locations":[{"start":{"line":162,"column":46},"end":{"line":162,"column":62}},{"start":{"line":162,"column":66},"end":{"line":162,"column":68}}]},"27":{"line":183,"type":"binary-expr","locations":[{"start":{"line":183,"column":29},"end":{"line":183,"column":39}},{"start":{"line":183,"column":43},"end":{"line":183,"column":45}}]},"28":{"line":192,"type":"binary-expr","locations":[{"start":{"line":192,"column":23},"end":{"line":192,"column":33}},{"start":{"line":192,"column":37},"end":{"line":192,"column":39}}]}}},"/Users/Joesonw/koa-ts-router/test-dist/src/controller.js":{"path":"/Users/Joesonw/koa-ts-router/test-dist/src/controller.js","s":{"1":1,"2":1},"b":{},"f":{},"fnMap":{},"statementMap":{"1":{"start":{"line":4,"column":0},"end":{"line":4,"column":62}},"2":{"start":{"line":5,"column":0},"end":{"line":5,"column":29}}},"branchMap":{}}}