TN:
SF:/Users/Joesonw/koa-ts-router/test-dist/src/index.js
FN:2,__export
FNF:1
FNH:1
FNDA:2,__export
DA:2,1
DA:3,26
DA:5,1
DA:6,1
DA:7,1
DA:8,1
DA:9,1
DA:10,1
DA:11,1
DA:12,1
DA:13,1
DA:14,1
LF:12
LH:12
BRDA:3,1,0,26
BRDA:3,1,1,0
BRF:2
BRH:1
end_of_record
TN:
SF:/Users/Joesonw/koa-ts-router/test-dist/src/util.js
FN:3,(anonymous_1)
FN:10,(anonymous_2)
FN:17,(anonymous_3)
FN:21,mediaTypeToString
FN:42,parseMulti
FNF:5
FNH:5
FNDA:1,(anonymous_1)
FNDA:1,(anonymous_2)
FNDA:1,(anonymous_3)
FNDA:16,mediaTypeToString
FNDA:1,parseMulti
DA:2,1
DA:3,1
DA:4,1
DA:5,1
DA:6,1
DA:7,1
DA:9,1
DA:10,1
DA:11,1
DA:12,1
DA:13,1
DA:14,1
DA:16,1
DA:17,1
DA:18,1
DA:20,1
DA:21,1
DA:22,16
DA:24,1
DA:26,14
DA:28,0
DA:30,1
DA:33,1
DA:35,1
DA:38,1
DA:39,1
DA:40,1
DA:41,1
DA:42,1
DA:43,1
DA:44,1
DA:45,1
DA:46,1
DA:47,1
DA:48,1
DA:49,1
DA:50,0
DA:52,2
DA:53,0
DA:54,0
DA:57,0
DA:61,2
DA:65,0
DA:66,0
DA:67,0
DA:70,0
DA:74,0
DA:77,1
DA:78,0
DA:80,1
DA:83,1
LF:51
LH:40
BRDA:8,1,0,1
BRDA:8,1,1,1
BRDA:15,2,0,1
BRDA:15,2,1,1
BRDA:19,3,0,1
BRDA:19,3,1,1
BRDA:22,4,0,1
BRDA:22,4,1,14
BRDA:22,4,2,0
BRDA:22,4,3,1
BRDA:43,5,0,1
BRDA:43,5,1,1
BRDA:52,6,0,0
BRDA:52,6,1,2
BRDA:53,7,0,0
BRDA:53,7,1,0
BRDA:65,8,0,0
BRDA:65,8,1,0
BRDA:66,9,0,0
BRDA:66,9,1,0
BRDA:77,10,0,0
BRDA:77,10,1,1
BRF:22
BRH:13
end_of_record
TN:
SF:/Users/Joesonw/koa-ts-router/test-dist/src/response.js
FN:4,(anonymous_1)
FN:9,(anonymous_2)
FN:14,(anonymous_3)
FN:22,(anonymous_4)
FN:23,(anonymous_5)
FN:67,(anonymous_6)
FN:75,(anonymous_7)
FN:79,(anonymous_8)
FN:83,(anonymous_9)
FN:87,(anonymous_10)
FN:91,(anonymous_11)
FN:114,(anonymous_12)
FN:127,(anonymous_13)
FN:131,(anonymous_14)
FN:135,(anonymous_15)
FN:139,(anonymous_16)
FNF:16
FNH:16
FNDA:17,(anonymous_1)
FNDA:17,(anonymous_2)
FNDA:18,(anonymous_3)
FNDA:1,(anonymous_4)
FNDA:1,(anonymous_5)
FNDA:17,(anonymous_6)
FNDA:17,(anonymous_7)
FNDA:1,(anonymous_8)
FNDA:1,(anonymous_9)
FNDA:17,(anonymous_10)
FNDA:1,(anonymous_11)
FNDA:2,(anonymous_12)
FNDA:1,(anonymous_13)
FNDA:1,(anonymous_14)
FNDA:1,(anonymous_15)
FNDA:17,(anonymous_16)
DA:2,1
DA:5,17
DA:6,17
DA:7,17
DA:10,17
DA:11,17
DA:12,17
DA:15,18
DA:16,18
DA:17,18
DA:18,40
DA:22,1
DA:23,1
DA:24,1
DA:25,1
DA:26,1
DA:27,1
DA:28,1
DA:29,1
DA:30,1
DA:31,1
DA:32,1
DA:33,1
DA:34,1
DA:35,1
DA:36,1
DA:37,1
DA:38,1
DA:39,1
DA:40,1
DA:41,1
DA:42,1
DA:43,1
DA:44,1
DA:45,1
DA:46,1
DA:47,1
DA:48,1
DA:49,1
DA:50,1
DA:51,1
DA:52,1
DA:53,1
DA:54,1
DA:55,1
DA:56,1
DA:57,1
DA:58,1
DA:59,1
DA:61,1
DA:64,1
DA:65,1
DA:68,17
DA:69,17
DA:70,17
DA:71,17
DA:72,17
DA:73,17
DA:76,17
DA:77,17
DA:80,1
DA:81,1
DA:84,1
DA:85,1
DA:88,17
DA:89,17
DA:92,1
DA:93,4
DA:94,4
DA:95,4
DA:97,1
DA:98,1
DA:100,1
DA:101,1
DA:103,1
DA:104,1
DA:106,1
DA:107,1
DA:110,4
DA:112,1
DA:115,2
DA:116,1
DA:118,1
DA:119,1
DA:123,1
DA:125,2
DA:128,1
DA:129,1
DA:132,1
DA:133,1
DA:136,1
DA:137,1
DA:140,17
DA:141,17
DA:142,17
DA:143,17
DA:144,17
DA:145,2
DA:147,17
DA:148,17
DA:149,17
DA:150,17
DA:153,1
LF:103
LH:103
BRDA:60,1,0,1
BRDA:60,1,1,1
BRDA:63,2,0,1
BRDA:63,2,1,0
BRDA:94,3,0,4
BRDA:94,3,1,0
BRDA:95,4,0,1
BRDA:95,4,1,1
BRDA:95,4,2,1
BRDA:95,4,3,1
BRDA:115,5,0,1
BRDA:115,5,1,1
BRDA:116,6,0,1
BRDA:144,7,0,2
BRDA:144,7,1,15
BRF:15
BRH:13
end_of_record
TN:
SF:/Users/Joesonw/koa-ts-router/test-dist/src/cookie.js
FN:3,(anonymous_1)
FN:11,(anonymous_2)
FN:14,(anonymous_3)
FN:18,(anonymous_4)
FN:21,(anonymous_5)
FN:25,(anonymous_6)
FNF:6
FNH:6
FNDA:1,(anonymous_1)
FNDA:1,(anonymous_2)
FNDA:1,(anonymous_3)
FNDA:1,(anonymous_4)
FNDA:1,(anonymous_5)
FNDA:1,(anonymous_6)
DA:4,1
DA:5,1
DA:6,1
DA:7,1
DA:8,1
DA:9,1
DA:12,1
DA:15,1
DA:16,1
DA:19,1
DA:22,1
DA:23,1
DA:26,1
DA:27,1
DA:28,1
DA:29,1
DA:30,1
DA:31,1
DA:32,1
DA:33,1
DA:36,1
DA:37,1
LF:22
LH:22
BRDA:29,1,0,1
BRDA:29,1,1,0
BRDA:31,2,0,1
BRDA:31,2,1,0
BRF:4
BRH:2
end_of_record
TN:
SF:/Users/Joesonw/koa-ts-router/test-dist/src/decorators.js
FN:5,Before
FN:11,After
FN:17,GET
FN:23,POST
FN:29,PUT
FN:35,DELETE
FN:41,Path
FN:58,Produce
FN:66,Consume
FN:74,QueryParam
FN:99,PathParam
FN:124,BodyParam
FN:149,HeaderParam
FN:174,Query
FN:197,Params
FN:220,Body
FN:243,Headers
FN:266,AppContext
FN:289,HttpContext
FN:312,RouteResponse
FNF:20
FNH:20
FNDA:1,Before
FNDA:1,After
FNDA:11,GET
FNDA:3,POST
FNDA:1,PUT
FNDA:1,DELETE
FNDA:29,Path
FNDA:12,Produce
FNDA:3,Consume
FNDA:4,QueryParam
FNDA:10,PathParam
FNDA:6,BodyParam
FNDA:4,HeaderParam
FNDA:2,Query
FNDA:5,Params
FNDA:3,Body
FNDA:2,Headers
FNDA:2,AppContext
FNDA:2,HttpContext
FNDA:1,RouteResponse
DA:2,1
DA:4,1
DA:5,1
DA:6,1
DA:7,1
DA:8,1
DA:10,1
DA:11,1
DA:12,1
DA:13,1
DA:14,1
DA:16,1
DA:17,1
DA:18,11
DA:19,11
DA:20,11
DA:22,1
DA:23,1
DA:24,3
DA:25,3
DA:26,3
DA:28,1
DA:29,1
DA:30,1
DA:31,1
DA:32,1
DA:34,1
DA:35,1
DA:36,1
DA:37,1
DA:38,1
DA:40,1
DA:41,1
DA:42,29
DA:43,29
DA:44,17
DA:45,17
DA:46,17
DA:47,17
DA:48,17
DA:51,12
DA:57,1
DA:58,1
DA:59,12
DA:60,12
DA:61,12
DA:62,12
DA:65,1
DA:66,1
DA:67,3
DA:68,3
DA:69,3
DA:70,3
DA:73,1
DA:74,1
DA:75,4
DA:76,4
DA:77,2
DA:78,2
DA:79,2
DA:80,2
DA:81,2
DA:89,2
DA:90,2
DA:98,1
DA:99,1
DA:100,10
DA:101,10
DA:102,7
DA:103,7
DA:104,7
DA:105,7
DA:106,7
DA:114,3
DA:115,3
DA:123,1
DA:124,1
DA:125,6
DA:126,6
DA:127,4
DA:128,4
DA:129,4
DA:130,4
DA:131,4
DA:139,2
DA:140,2
DA:148,1
DA:149,1
DA:150,4
DA:151,4
DA:152,2
DA:153,2
DA:154,2
DA:155,2
DA:156,2
DA:164,2
DA:165,2
DA:173,1
DA:174,1
DA:175,2
DA:176,1
DA:177,1
DA:178,1
DA:179,1
DA:180,1
DA:188,1
DA:189,1
DA:196,1
DA:197,1
DA:198,5
DA:199,4
DA:200,4
DA:201,4
DA:202,4
DA:203,4
DA:211,1
DA:212,1
DA:219,1
DA:220,1
DA:221,3
DA:222,2
DA:223,2
DA:224,2
DA:225,2
DA:226,2
DA:234,1
DA:235,1
DA:242,1
DA:243,1
DA:244,2
DA:245,1
DA:246,1
DA:247,1
DA:248,1
DA:249,1
DA:257,1
DA:258,1
DA:265,1
DA:266,1
DA:267,2
DA:268,1
DA:269,1
DA:270,1
DA:271,1
DA:272,1
DA:280,1
DA:281,1
DA:288,1
DA:289,1
DA:290,2
DA:291,1
DA:292,1
DA:293,1
DA:294,1
DA:295,1
DA:303,1
DA:304,1
DA:311,1
DA:312,1
DA:313,1
DA:314,1
DA:315,1
DA:316,1
DA:317,1
DA:324,1
LF:165
LH:165
BRDA:6,1,0,1
BRDA:6,1,1,0
BRDA:7,2,0,1
BRDA:7,2,1,0
BRDA:12,3,0,1
BRDA:12,3,1,0
BRDA:13,4,0,1
BRDA:13,4,1,0
BRDA:18,5,0,11
BRDA:18,5,1,1
BRDA:19,6,0,11
BRDA:19,6,1,1
BRDA:24,7,0,3
BRDA:24,7,1,0
BRDA:25,8,0,3
BRDA:25,8,1,0
BRDA:30,9,0,1
BRDA:30,9,1,1
BRDA:31,10,0,1
BRDA:31,10,1,1
BRDA:36,11,0,1
BRDA:36,11,1,1
BRDA:37,12,0,1
BRDA:37,12,1,1
BRDA:43,13,0,17
BRDA:43,13,1,12
BRDA:45,14,0,17
BRDA:45,14,1,0
BRDA:46,15,0,17
BRDA:46,15,1,0
BRDA:47,16,0,17
BRDA:47,16,1,16
BRDA:60,17,0,12
BRDA:60,17,1,1
BRDA:61,18,0,12
BRDA:61,18,1,5
BRDA:68,19,0,3
BRDA:68,19,1,0
BRDA:69,20,0,3
BRDA:69,20,1,0
BRDA:76,21,0,2
BRDA:76,21,1,2
BRDA:78,22,0,2
BRDA:78,22,1,1
BRDA:79,23,0,2
BRDA:79,23,1,1
BRDA:80,24,0,2
BRDA:80,24,1,1
BRDA:89,25,0,2
BRDA:89,25,1,0
BRDA:101,26,0,7
BRDA:101,26,1,3
BRDA:103,27,0,7
BRDA:103,27,1,2
BRDA:104,28,0,7
BRDA:104,28,1,3
BRDA:105,29,0,7
BRDA:105,29,1,3
BRDA:114,30,0,3
BRDA:114,30,1,1
BRDA:126,31,0,4
BRDA:126,31,1,2
BRDA:128,32,0,4
BRDA:128,32,1,2
BRDA:129,33,0,4
BRDA:129,33,1,2
BRDA:130,34,0,4
BRDA:130,34,1,2
BRDA:139,35,0,2
BRDA:139,35,1,0
BRDA:151,36,0,2
BRDA:151,36,1,2
BRDA:153,37,0,2
BRDA:153,37,1,1
BRDA:154,38,0,2
BRDA:154,38,1,1
BRDA:155,39,0,2
BRDA:155,39,1,1
BRDA:164,40,0,2
BRDA:164,40,1,0
BRDA:175,41,0,1
BRDA:175,41,1,1
BRDA:177,42,0,1
BRDA:177,42,1,0
BRDA:178,43,0,1
BRDA:178,43,1,0
BRDA:179,44,0,1
BRDA:179,44,1,0
BRDA:188,45,0,1
BRDA:188,45,1,1
BRDA:198,46,0,4
BRDA:198,46,1,1
BRDA:200,47,0,4
BRDA:200,47,1,1
BRDA:201,48,0,4
BRDA:201,48,1,1
BRDA:202,49,0,4
BRDA:202,49,1,1
BRDA:211,50,0,1
BRDA:211,50,1,1
BRDA:221,51,0,2
BRDA:221,51,1,1
BRDA:223,52,0,2
BRDA:223,52,1,0
BRDA:224,53,0,2
BRDA:224,53,1,0
BRDA:225,54,0,2
BRDA:225,54,1,0
BRDA:234,55,0,1
BRDA:234,55,1,1
BRDA:244,56,0,1
BRDA:244,56,1,1
BRDA:246,57,0,1
BRDA:246,57,1,0
BRDA:247,58,0,1
BRDA:247,58,1,0
BRDA:248,59,0,1
BRDA:248,59,1,0
BRDA:257,60,0,1
BRDA:257,60,1,1
BRDA:267,61,0,1
BRDA:267,61,1,1
BRDA:269,62,0,1
BRDA:269,62,1,0
BRDA:270,63,0,1
BRDA:270,63,1,0
BRDA:271,64,0,1
BRDA:271,64,1,0
BRDA:280,65,0,1
BRDA:280,65,1,1
BRDA:290,66,0,1
BRDA:290,66,1,1
BRDA:292,67,0,1
BRDA:292,67,1,1
BRDA:293,68,0,1
BRDA:293,68,1,1
BRDA:294,69,0,1
BRDA:294,69,1,1
BRDA:303,70,0,1
BRDA:303,70,1,0
BRDA:314,71,0,1
BRDA:314,71,1,0
BRDA:315,72,0,1
BRDA:315,72,1,1
BRDA:316,73,0,1
BRDA:316,73,1,1
BRF:146
BRH:119
end_of_record
TN:
SF:/Users/Joesonw/koa-ts-router/test-dist/src/router.js
FN:2,(anonymous_1)
FN:3,(anonymous_2)
FN:4,fulfilled
FN:5,rejected
FN:6,step
FN:6,(anonymous_6)
FN:16,(anonymous_7)
FN:19,(anonymous_8)
FN:21,(anonymous_9)
FN:22,(anonymous_10)
FN:88,getParameter
FN:177,(anonymous_12)
FNF:12
FNH:11
FNDA:17,(anonymous_1)
FNDA:17,(anonymous_2)
FNDA:39,fulfilled
FNDA:0,rejected
FNDA:56,step
FNDA:39,(anonymous_6)
FNDA:12,(anonymous_7)
FNDA:12,(anonymous_8)
FNDA:17,(anonymous_9)
FNDA:17,(anonymous_10)
FNDA:56,getParameter
FNDA:12,(anonymous_12)
DA:2,1
DA:3,17
DA:4,39
DA:5,1
DA:6,56
DA:7,17
DA:10,1
DA:11,1
DA:12,1
DA:13,1
DA:14,1
DA:17,12
DA:20,12
DA:21,12
DA:22,17
DA:23,17
DA:24,17
DA:25,17
DA:26,17
DA:28,17
DA:29,28
DA:30,1
DA:32,27
DA:33,1
DA:36,26
DA:37,26
DA:38,28
DA:39,28
DA:40,28
DA:41,17
DA:42,17
DA:43,10
DA:45,17
DA:51,17
DA:52,17
DA:53,17
DA:55,17
DA:57,2
DA:58,2
DA:61,15
DA:63,0
DA:64,0
DA:67,15
DA:69,0
DA:70,0
DA:73,15
DA:75,1
DA:76,1
DA:77,1
DA:78,2
DA:80,1
DA:81,0
DA:84,17
DA:85,17
DA:86,17
DA:87,17
DA:88,1
DA:89,56
DA:90,56
DA:92,6
DA:93,6
DA:95,14
DA:96,14
DA:98,8
DA:99,8
DA:101,6
DA:102,6
DA:104,3
DA:105,3
DA:107,7
DA:108,7
DA:110,4
DA:111,4
DA:113,3
DA:114,3
DA:116,2
DA:117,2
DA:119,2
DA:120,2
DA:122,1
DA:123,1
DA:125,56
DA:126,55
DA:128,1
DA:129,1
DA:132,0
DA:135,17
DA:136,20
DA:138,17
DA:139,17
DA:140,30
DA:142,17
DA:143,17
DA:144,1
DA:145,1
DA:146,1
DA:148,1
DA:150,17
DA:151,17
DA:152,12
DA:154,17
DA:156,12
DA:157,12
DA:159,17
DA:160,17
DA:161,1
DA:162,1
DA:163,5
DA:165,1
DA:167,17
DA:168,17
DA:169,17
DA:170,17
DA:171,17
DA:172,17
DA:178,12
DA:179,12
DA:180,18
DA:181,18
DA:182,18
DA:183,18
DA:184,17
DA:185,17
DA:186,17
DA:187,17
DA:189,18
DA:192,17
DA:204,1
DA:205,1
LF:129
LH:123
BRDA:2,1,0,1
BRDA:2,1,1,1
BRDA:2,1,2,1
BRDA:3,2,0,17
BRDA:3,2,1,17
BRDA:6,3,0,17
BRDA:6,3,1,39
BRDA:29,4,0,1
BRDA:29,4,1,27
BRDA:32,5,0,1
BRDA:32,5,1,26
BRDA:36,6,0,26
BRDA:36,6,1,0
BRDA:40,7,0,17
BRDA:40,7,1,11
BRDA:51,8,0,17
BRDA:51,8,1,0
BRDA:55,9,0,2
BRDA:55,9,1,15
BRDA:55,10,0,17
BRDA:55,10,1,2
BRDA:61,11,0,0
BRDA:61,11,1,15
BRDA:61,12,0,15
BRDA:61,12,1,0
BRDA:67,13,0,0
BRDA:67,13,1,15
BRDA:67,14,0,15
BRDA:67,14,1,0
BRDA:73,15,0,1
BRDA:73,15,1,14
BRDA:73,16,0,15
BRDA:73,16,1,1
BRDA:74,17,0,1
BRDA:74,17,1,0
BRDA:90,18,0,6
BRDA:90,18,1,14
BRDA:90,18,2,8
BRDA:90,18,3,6
BRDA:90,18,4,3
BRDA:90,18,5,7
BRDA:90,18,6,4
BRDA:90,18,7,3
BRDA:90,18,8,2
BRDA:90,18,9,2
BRDA:90,18,10,1
BRDA:125,19,0,55
BRDA:125,19,1,1
BRDA:128,20,0,1
BRDA:128,20,1,0
BRDA:135,21,0,17
BRDA:135,21,1,9
BRDA:139,22,0,17
BRDA:139,22,1,6
BRDA:145,23,0,1
BRDA:145,23,1,0
BRDA:151,24,0,12
BRDA:151,24,1,5
BRDA:154,25,0,12
BRDA:162,26,0,1
BRDA:162,26,1,0
BRDA:183,27,0,18
BRDA:183,27,1,2
BRDA:192,28,0,18
BRDA:192,28,1,2
BRF:65
BRH:55
end_of_record
TN:
SF:/Users/Joesonw/koa-ts-router/test-dist/src/controller.js
FNF:0
FNH:0
DA:4,1
DA:5,1
LF:2
LH:2
BRF:0
BRH:0
end_of_record
