TN:
SF:/Users/Joesonw/t2ee/vader/test-dist/src/index.js
FNF:0
FNH:0
DA:2,1
DA:3,1
DA:4,1
DA:5,1
DA:6,1
DA:7,1
DA:8,1
DA:9,1
DA:17,1
DA:18,1
DA:19,1
DA:20,1
DA:21,1
DA:22,1
DA:23,1
DA:24,1
DA:25,1
DA:26,1
DA:27,1
DA:28,1
DA:29,1
DA:30,1
DA:31,1
DA:32,1
DA:33,1
DA:34,1
DA:53,1
DA:54,1
DA:55,1
DA:56,1
DA:57,1
DA:58,1
DA:59,1
DA:67,1
DA:68,1
LF:35
LH:35
BRF:0
BRH:0
end_of_record
TN:
SF:/Users/Joesonw/t2ee/vader/test-dist/src/core/AbstractMiddleware.js
FNF:0
FNH:0
DA:4,1
DA:5,1
LF:2
LH:2
BRF:0
BRH:0
end_of_record
TN:
SF:/Users/Joesonw/t2ee/vader/test-dist/src/core/ControllerProperty.js
FN:3,(anonymous_1)
FNF:1
FNH:1
FNDA:7,(anonymous_1)
DA:4,7
DA:5,7
DA:6,7
DA:9,1
DA:10,1
LF:5
LH:5
BRF:0
BRH:0
end_of_record
TN:
SF:/Users/Joesonw/t2ee/vader/test-dist/src/core/Response.js
FN:3,(anonymous_1)
FN:11,(anonymous_2)
FN:14,(anonymous_3)
FN:17,(anonymous_4)
FN:22,(anonymous_5)
FN:31,(anonymous_6)
FN:34,(anonymous_7)
FN:38,(anonymous_8)
FN:42,(anonymous_9)
FN:46,(anonymous_10)
FNF:10
FNH:9
FNDA:43,(anonymous_1)
FNDA:4,(anonymous_2)
FNDA:13,(anonymous_3)
FNDA:0,(anonymous_4)
FNDA:13,(anonymous_5)
FNDA:26,(anonymous_6)
FNDA:13,(anonymous_7)
FNDA:13,(anonymous_8)
FNDA:13,(anonymous_9)
FNDA:13,(anonymous_10)
DA:4,43
DA:5,43
DA:6,43
DA:7,43
DA:8,43
DA:9,43
DA:12,4
DA:15,13
DA:18,0
DA:19,0
DA:20,0
DA:23,13
DA:29,1
DA:32,26
DA:35,13
DA:36,13
DA:39,13
DA:40,13
DA:43,13
DA:44,13
DA:47,13
DA:48,13
DA:49,0
DA:51,13
DA:54,1
DA:55,1
LF:26
LH:22
BRF:0
BRH:0
end_of_record
TN:
SF:/Users/Joesonw/t2ee/vader/test-dist/src/core/RouteProperty.js
FN:3,(anonymous_1)
FNF:1
FNH:1
FNDA:13,(anonymous_1)
DA:4,13
DA:5,13
DA:6,13
DA:9,1
DA:10,1
LF:5
LH:5
BRF:0
BRH:0
end_of_record
TN:
SF:/Users/Joesonw/t2ee/vader/test-dist/src/core/Router.js
FN:2,(anonymous_1)
FN:3,(anonymous_2)
FN:4,fulfilled
FN:5,rejected
FN:6,step
FN:6,(anonymous_6)
FN:20,(anonymous_7)
FN:23,(anonymous_8)
FN:46,(anonymous_9)
FN:47,(anonymous_10)
FN:81,(anonymous_11)
FN:115,(anonymous_12)
FN:124,(anonymous_13)
FN:125,(anonymous_14)
FN:136,run
FN:137,(anonymous_16)
FN:139,(anonymous_17)
FN:145,(anonymous_18)
FN:152,_next
FN:153,(anonymous_20)
FN:171,(anonymous_21)
FNF:21
FNH:20
FNDA:56,(anonymous_1)
FNDA:56,(anonymous_2)
FNDA:73,fulfilled
FNDA:0,rejected
FNDA:129,step
FNDA:73,(anonymous_6)
FNDA:7,(anonymous_7)
FNDA:13,(anonymous_8)
FNDA:13,(anonymous_9)
FNDA:13,(anonymous_10)
FNDA:39,(anonymous_11)
FNDA:39,(anonymous_12)
FNDA:7,(anonymous_13)
FNDA:13,(anonymous_14)
FNDA:13,run
FNDA:13,(anonymous_16)
FNDA:2,(anonymous_17)
FNDA:2,(anonymous_18)
FNDA:13,_next
FNDA:13,(anonymous_20)
FNDA:7,(anonymous_21)
DA:2,1
DA:3,56
DA:4,73
DA:5,1
DA:6,129
DA:7,56
DA:10,1
DA:11,1
DA:12,1
DA:13,1
DA:14,1
DA:15,1
DA:16,1
DA:17,1
DA:18,1
DA:21,7
DA:24,13
DA:25,13
DA:26,13
DA:27,37
DA:28,37
DA:29,37
DA:30,37
DA:31,37
DA:32,13
DA:33,13
DA:34,1
DA:36,13
DA:41,13
DA:47,13
DA:48,13
DA:49,13
DA:51,1
DA:52,1
DA:55,12
DA:57,1
DA:58,1
DA:61,11
DA:62,1
DA:63,1
DA:66,10
DA:68,1
DA:69,1
DA:70,1
DA:71,2
DA:73,1
DA:74,0
DA:76,1
DA:78,9
DA:82,39
DA:84,10
DA:85,5
DA:88,5
DA:91,10
DA:92,5
DA:95,5
DA:98,8
DA:99,0
DA:102,8
DA:105,10
DA:106,5
DA:109,5
DA:112,1
DA:116,39
DA:117,39
DA:118,9
DA:119,30
DA:120,30
DA:122,0
DA:125,13
DA:126,13
DA:127,13
DA:128,13
DA:129,13
DA:130,13
DA:131,13
DA:132,13
DA:133,13
DA:134,13
DA:135,13
DA:136,1
DA:137,13
DA:138,13
DA:139,2
DA:140,2
DA:143,13
DA:144,13
DA:145,2
DA:146,2
DA:149,13
DA:152,1
DA:153,13
DA:154,13
DA:155,13
DA:156,13
DA:157,11
DA:159,13
DA:160,28
DA:163,13
DA:164,13
DA:165,13
DA:172,7
DA:173,7
DA:174,7
DA:175,13
DA:176,13
DA:177,13
DA:178,13
DA:179,13
DA:180,13
DA:181,13
DA:182,13
DA:184,13
DA:187,13
DA:199,1
DA:200,1
LF:116
LH:113
BRDA:2,1,0,1
BRDA:2,1,1,1
BRDA:2,1,2,1
BRDA:3,2,0,56
BRDA:3,2,1,56
BRDA:6,3,0,56
BRDA:6,3,1,73
BRDA:27,4,0,37
BRDA:27,4,1,0
BRDA:31,5,0,13
BRDA:31,5,1,24
BRDA:48,6,0,13
BRDA:48,6,1,9
BRDA:49,7,0,1
BRDA:49,7,1,12
BRDA:49,8,0,13
BRDA:49,8,1,1
BRDA:55,9,0,1
BRDA:55,9,1,11
BRDA:55,10,0,12
BRDA:55,10,1,1
BRDA:61,11,0,1
BRDA:61,11,1,10
BRDA:66,12,0,1
BRDA:66,12,1,9
BRDA:66,13,0,10
BRDA:66,13,1,1
BRDA:82,14,0,10
BRDA:82,14,1,10
BRDA:82,14,2,8
BRDA:82,14,3,10
BRDA:82,14,4,1
BRDA:84,15,0,5
BRDA:84,15,1,5
BRDA:91,16,0,5
BRDA:91,16,1,5
BRDA:98,17,0,0
BRDA:98,17,1,8
BRDA:105,18,0,5
BRDA:105,18,1,5
BRDA:117,19,0,9
BRDA:117,19,1,30
BRDA:119,20,0,30
BRDA:119,20,1,0
BRDA:128,21,0,13
BRDA:128,21,1,0
BRF:46
BRH:42
end_of_record
TN:
SF:/Users/Joesonw/t2ee/vader/test-dist/src/utils/parseMulti.js
FN:4,parseMulti
FNF:1
FNH:1
FNDA:1,parseMulti
DA:2,1
DA:3,1
DA:4,1
DA:5,1
DA:6,1
DA:7,1
DA:8,1
DA:9,1
DA:10,1
DA:11,1
DA:12,0
DA:14,2
DA:15,0
DA:16,0
DA:19,0
DA:23,2
DA:27,0
DA:28,0
DA:29,0
DA:32,0
DA:36,0
DA:39,1
DA:40,0
DA:42,1
DA:45,1
DA:46,1
LF:26
LH:16
BRDA:5,1,0,1
BRDA:5,1,1,1
BRDA:14,2,0,0
BRDA:14,2,1,2
BRDA:15,3,0,0
BRDA:15,3,1,0
BRDA:27,4,0,0
BRDA:27,4,1,0
BRDA:28,5,0,0
BRDA:28,5,1,0
BRDA:39,6,0,0
BRDA:39,6,1,1
BRF:12
BRH:4
end_of_record
TN:
SF:/Users/Joesonw/t2ee/vader/test-dist/src/enums/MediaType.js
FN:3,(anonymous_1)
FN:10,(anonymous_2)
FN:11,toString
FNF:3
FNH:3
FNDA:1,(anonymous_1)
FNDA:1,(anonymous_2)
FNDA:7,toString
DA:2,1
DA:3,1
DA:4,1
DA:5,1
DA:6,1
DA:7,1
DA:9,1
DA:10,1
DA:11,1
DA:12,7
DA:14,1
DA:16,2
DA:18,2
DA:20,2
DA:23,1
DA:25,1
DA:26,1
LF:17
LH:17
BRDA:8,1,0,1
BRDA:8,1,1,1
BRDA:12,2,0,1
BRDA:12,2,1,2
BRDA:12,2,2,2
BRDA:12,2,3,2
BRDA:24,3,0,1
BRDA:24,3,1,0
BRF:8
BRH:7
end_of_record
TN:
SF:/Users/Joesonw/t2ee/vader/test-dist/src/enums/Symbol.js
FNF:0
FNH:0
DA:4,1
DA:5,1
DA:6,1
LF:3
LH:3
BRF:0
BRH:0
end_of_record
TN:
SF:/Users/Joesonw/t2ee/vader/test-dist/src/enums/ParamType.js
FN:3,(anonymous_1)
FN:11,(anonymous_2)
FN:12,toString
FNF:3
FNH:3
FNDA:1,(anonymous_1)
FNDA:1,(anonymous_2)
FNDA:18,toString
DA:2,1
DA:3,1
DA:4,1
DA:5,1
DA:6,1
DA:7,1
DA:8,1
DA:10,1
DA:11,1
DA:12,1
DA:13,18
DA:15,4
DA:17,4
DA:19,4
DA:21,5
DA:23,1
DA:26,1
DA:28,1
DA:29,1
LF:19
LH:19
BRDA:9,1,0,1
BRDA:9,1,1,1
BRDA:13,2,0,4
BRDA:13,2,1,4
BRDA:13,2,2,4
BRDA:13,2,3,5
BRDA:13,2,4,1
BRDA:27,3,0,1
BRDA:27,3,1,0
BRF:9
BRH:8
end_of_record
TN:
SF:/Users/Joesonw/t2ee/vader/test-dist/src/core/VaderContext.js
FNF:0
FNH:0
DA:4,1
DA:5,1
LF:2
LH:2
BRF:0
BRH:0
end_of_record
TN:
SF:/Users/Joesonw/t2ee/vader/test-dist/src/decorators/BodyParam.js
FN:4,BodyParam
FNF:1
FNH:1
FNDA:5,BodyParam
DA:2,1
DA:3,1
DA:4,1
DA:5,5
DA:7,1
DA:8,1
LF:6
LH:6
BRF:0
BRH:0
end_of_record
TN:
SF:/Users/Joesonw/t2ee/vader/test-dist/src/decorators/Param.js
FN:10,Param
FNF:1
FNH:1
FNDA:18,Param
DA:2,1
DA:3,1
DA:4,1
DA:5,1
DA:6,1
DA:7,1
DA:8,1
DA:9,1
DA:10,1
DA:11,18
DA:12,18
DA:13,18
DA:14,11
DA:15,11
DA:16,11
DA:18,11
DA:25,7
DA:26,7
DA:27,7
DA:35,1
DA:36,1
LF:21
LH:21
BRDA:12,1,0,18
BRDA:12,1,1,3
BRDA:13,2,0,11
BRDA:13,2,1,7
BRDA:16,3,0,11
BRDA:16,3,1,8
BRF:6
BRH:6
end_of_record
TN:
SF:/Users/Joesonw/t2ee/vader/test-dist/src/decorators/Consume.js
FN:9,Consume
FNF:1
FNH:1
FNDA:4,Consume
DA:2,1
DA:3,1
DA:4,1
DA:5,1
DA:6,1
DA:7,1
DA:8,1
DA:9,1
DA:10,4
DA:11,4
DA:12,4
DA:13,4
DA:15,4
DA:18,1
DA:19,1
LF:15
LH:15
BRDA:12,1,0,4
BRDA:12,1,1,0
BRDA:13,2,0,4
BRDA:13,2,1,0
BRF:4
BRH:2
end_of_record
TN:
SF:/Users/Joesonw/t2ee/vader/test-dist/src/decorators/Context.js
FN:4,Context
FNF:1
FNH:1
FNDA:1,Context
DA:2,1
DA:3,1
DA:4,1
DA:5,1
DA:7,1
DA:8,1
LF:6
LH:6
BRF:0
BRH:0
end_of_record
TN:
SF:/Users/Joesonw/t2ee/vader/test-dist/src/decorators/DELETE.js
FNF:0
FNH:0
DA:2,1
DA:3,1
DA:4,1
DA:5,1
DA:6,1
LF:5
LH:5
BRF:0
BRH:0
end_of_record
TN:
SF:/Users/Joesonw/t2ee/vader/test-dist/src/enums/HttpMethod.js
FN:3,(anonymous_1)
FN:12,(anonymous_2)
FN:13,toString
FNF:3
FNH:3
FNDA:1,(anonymous_1)
FNDA:1,(anonymous_2)
FNDA:6,toString
DA:2,1
DA:3,1
DA:4,1
DA:5,1
DA:6,1
DA:7,1
DA:8,1
DA:9,1
DA:11,1
DA:12,1
DA:13,1
DA:14,6
DA:16,1
DA:18,1
DA:20,1
DA:22,1
DA:24,1
DA:26,1
DA:29,1
DA:31,1
DA:32,1
LF:21
LH:21
BRDA:10,1,0,1
BRDA:10,1,1,1
BRDA:14,2,0,1
BRDA:14,2,1,1
BRDA:14,2,2,1
BRDA:14,2,3,1
BRDA:14,2,4,1
BRDA:14,2,5,1
BRDA:30,3,0,1
BRDA:30,3,1,0
BRF:10
BRH:9
end_of_record
TN:
SF:/Users/Joesonw/t2ee/vader/test-dist/src/decorators/Method.js
FN:8,Method
FNF:1
FNH:1
FNDA:6,Method
DA:2,1
DA:3,1
DA:4,1
DA:5,1
DA:6,1
DA:7,1
DA:8,1
DA:9,6
DA:10,13
DA:11,13
DA:12,13
DA:14,13
DA:17,1
DA:18,1
LF:14
LH:14
BRDA:11,1,0,13
BRDA:11,1,1,0
BRDA:12,2,0,13
BRDA:12,2,1,0
BRF:4
BRH:2
end_of_record
TN:
SF:/Users/Joesonw/t2ee/vader/test-dist/src/decorators/GET.js
FNF:0
FNH:0
DA:2,1
DA:3,1
DA:4,1
DA:5,1
DA:6,1
LF:5
LH:5
BRF:0
BRH:0
end_of_record
TN:
SF:/Users/Joesonw/t2ee/vader/test-dist/src/decorators/HEAD.js
FNF:0
FNH:0
DA:2,1
DA:3,1
DA:4,1
DA:5,1
DA:6,1
LF:5
LH:5
BRF:0
BRH:0
end_of_record
TN:
SF:/Users/Joesonw/t2ee/vader/test-dist/src/decorators/HeaderParam.js
FN:4,HeaderParam
FNF:1
FNH:1
FNDA:4,HeaderParam
DA:2,1
DA:3,1
DA:4,1
DA:5,4
DA:7,1
DA:8,1
LF:6
LH:6
BRF:0
BRH:0
end_of_record
TN:
SF:/Users/Joesonw/t2ee/vader/test-dist/src/decorators/Inject.js
FN:8,Inject
FNF:1
FNH:1
FNDA:4,Inject
DA:2,1
DA:3,1
DA:4,1
DA:5,1
DA:6,1
DA:7,1
DA:8,1
DA:9,4
DA:10,4
DA:11,2
DA:12,2
DA:13,2
DA:16,2
DA:19,2
DA:20,2
DA:21,2
DA:25,1
DA:26,1
LF:18
LH:18
BRDA:10,1,0,2
BRDA:10,1,1,2
BRDA:12,2,0,2
BRDA:12,2,1,0
BRDA:14,3,0,2
BRDA:14,3,1,0
BRDA:20,4,0,2
BRDA:20,4,1,0
BRF:8
BRH:5
end_of_record
TN:
SF:/Users/Joesonw/t2ee/vader/test-dist/src/decorators/OPTIONS.js
FNF:0
FNH:0
DA:2,1
DA:3,1
DA:4,1
DA:5,1
DA:6,1
LF:5
LH:5
BRF:0
BRH:0
end_of_record
TN:
SF:/Users/Joesonw/t2ee/vader/test-dist/src/decorators/POST.js
FNF:0
FNH:0
DA:2,1
DA:3,1
DA:4,1
DA:5,1
DA:6,1
LF:5
LH:5
BRF:0
BRH:0
end_of_record
TN:
SF:/Users/Joesonw/t2ee/vader/test-dist/src/decorators/PUT.js
FNF:0
FNH:0
DA:2,1
DA:3,1
DA:4,1
DA:5,1
DA:6,1
LF:5
LH:5
BRF:0
BRH:0
end_of_record
TN:
SF:/Users/Joesonw/t2ee/vader/test-dist/src/decorators/Path.js
FN:8,Path
FNF:1
FNH:1
FNDA:20,Path
DA:2,1
DA:3,1
DA:4,1
DA:5,1
DA:6,1
DA:7,1
DA:8,1
DA:9,20
DA:10,20
DA:11,13
DA:12,13
DA:13,13
DA:14,13
DA:16,13
DA:19,7
DA:20,7
DA:21,7
DA:25,1
DA:26,1
LF:19
LH:19
BRDA:10,1,0,13
BRDA:10,1,1,7
BRDA:12,2,0,13
BRDA:12,2,1,4
BRDA:13,3,0,13
BRDA:13,3,1,0
BRDA:14,4,0,13
BRDA:14,4,1,5
BRDA:20,5,0,7
BRDA:20,5,1,0
BRF:10
BRH:8
end_of_record
TN:
SF:/Users/Joesonw/t2ee/vader/test-dist/src/decorators/PathParam.js
FN:4,PathParam
FNF:1
FNH:1
FNDA:4,PathParam
DA:2,1
DA:3,1
DA:4,1
DA:5,4
DA:7,1
DA:8,1
LF:6
LH:6
BRF:0
BRH:0
end_of_record
TN:
SF:/Users/Joesonw/t2ee/vader/test-dist/src/decorators/Produce.js
FN:9,Produce
FNF:1
FNH:0
FNDA:0,Produce
DA:2,1
DA:3,1
DA:4,1
DA:5,1
DA:6,1
DA:7,1
DA:8,1
DA:9,1
DA:10,0
DA:11,0
DA:12,0
DA:13,0
DA:15,0
DA:18,1
DA:19,1
LF:15
LH:10
BRDA:12,1,0,0
BRDA:12,1,1,0
BRDA:13,2,0,0
BRDA:13,2,1,0
BRF:4
BRH:0
end_of_record
TN:
SF:/Users/Joesonw/t2ee/vader/test-dist/src/decorators/QueryParam.js
FN:4,QueryParam
FNF:1
FNH:1
FNDA:4,QueryParam
DA:2,1
DA:3,1
DA:4,1
DA:5,4
DA:7,1
DA:8,1
LF:6
LH:6
BRF:0
BRH:0
end_of_record
TN:
SF:/Users/Joesonw/t2ee/vader/test-dist/src/enums/Charset.js
FN:3,(anonymous_1)
FN:7,(anonymous_2)
FN:8,toString
FNF:3
FNH:2
FNDA:1,(anonymous_1)
FNDA:1,(anonymous_2)
FNDA:0,toString
DA:2,1
DA:3,1
DA:4,1
DA:6,1
DA:7,1
DA:8,1
DA:9,0
DA:11,0
DA:14,1
DA:16,1
DA:17,1
LF:11
LH:9
BRDA:5,1,0,1
BRDA:5,1,1,1
BRDA:9,2,0,0
BRDA:15,3,0,1
BRDA:15,3,1,0
BRF:5
BRH:3
end_of_record
TN:
SF:/Users/Joesonw/t2ee/vader/test-dist/src/enums/Status.js
FN:3,(anonymous_1)
FN:42,(anonymous_2)
FN:43,toString
FNF:3
FNH:2
FNDA:1,(anonymous_1)
FNDA:1,(anonymous_2)
FNDA:0,toString
DA:2,1
DA:3,1
DA:4,1
DA:5,1
DA:6,1
DA:7,1
DA:8,1
DA:9,1
DA:10,1
DA:11,1
DA:12,1
DA:13,1
DA:14,1
DA:15,1
DA:16,1
DA:17,1
DA:18,1
DA:19,1
DA:20,1
DA:21,1
DA:22,1
DA:23,1
DA:24,1
DA:25,1
DA:26,1
DA:27,1
DA:28,1
DA:29,1
DA:30,1
DA:31,1
DA:32,1
DA:33,1
DA:34,1
DA:35,1
DA:36,1
DA:37,1
DA:38,1
DA:39,1
DA:41,1
DA:42,1
DA:43,1
DA:44,0
DA:46,0
DA:48,0
DA:50,0
DA:52,0
DA:54,0
DA:56,0
DA:58,0
DA:60,0
DA:62,0
DA:64,0
DA:66,0
DA:68,0
DA:70,0
DA:72,0
DA:74,0
DA:76,0
DA:78,0
DA:80,0
DA:82,0
DA:84,0
DA:86,0
DA:88,0
DA:90,0
DA:92,0
DA:94,0
DA:96,0
DA:98,0
DA:100,0
DA:102,0
DA:104,0
DA:106,0
DA:108,0
DA:110,0
DA:112,0
DA:114,0
DA:116,0
DA:119,1
DA:121,1
DA:122,1
LF:81
LH:44
BRDA:40,1,0,1
BRDA:40,1,1,1
BRDA:44,2,0,0
BRDA:44,2,1,0
BRDA:44,2,2,0
BRDA:44,2,3,0
BRDA:44,2,4,0
BRDA:44,2,5,0
BRDA:44,2,6,0
BRDA:44,2,7,0
BRDA:44,2,8,0
BRDA:44,2,9,0
BRDA:44,2,10,0
BRDA:44,2,11,0
BRDA:44,2,12,0
BRDA:44,2,13,0
BRDA:44,2,14,0
BRDA:44,2,15,0
BRDA:44,2,16,0
BRDA:44,2,17,0
BRDA:44,2,18,0
BRDA:44,2,19,0
BRDA:44,2,20,0
BRDA:44,2,21,0
BRDA:44,2,22,0
BRDA:44,2,23,0
BRDA:44,2,24,0
BRDA:44,2,25,0
BRDA:44,2,26,0
BRDA:44,2,27,0
BRDA:44,2,28,0
BRDA:44,2,29,0
BRDA:44,2,30,0
BRDA:44,2,31,0
BRDA:44,2,32,0
BRDA:44,2,33,0
BRDA:44,2,34,0
BRDA:44,2,35,0
BRDA:120,3,0,1
BRDA:120,3,1,0
BRF:40
BRH:3
end_of_record
